#
# There is insufficient memory for the Java Runtime Environment to continue.
# Native memory allocation (malloc) failed to allocate 1564096 bytes. Error detail: Chunk::new
# Possible reasons:
#   The system is out of physical RAM or swap space
#   This process is running with CompressedOops enabled, and the Java Heap may be blocking the growth of the native heap
# Possible solutions:
#   Reduce memory load on the system
#   Increase physical memory or swap space
#   Check if swap backing store is full
#   Decrease Java heap size (-Xmx/-Xms)
#   Decrease number of Java threads
#   Decrease Java thread stack sizes (-Xss)
#   Set larger code cache with -XX:ReservedCodeCacheSize=
#   JVM is running with Unscaled Compressed Oops mode in which the Java heap is
#     placed in the first 4GB address space. The Java Heap base address is the
#     maximum limit for the native heap growth. Please use -XX:HeapBaseMinAddress
#     to set the Java Heap base and to place the Java Heap above 4GB virtual address.
# This output file may be truncated or incomplete.
#
#  Out of Memory Error (arena.cpp:168), pid=22052, tid=18800
#
# JRE version: OpenJDK Runtime Environment (21.0.9) (build 21.0.9+-14787801-b1163.94)
# Java VM: OpenJDK 64-Bit Server VM (21.0.9+-14787801-b1163.94, mixed mode, tiered, compressed oops, compressed class ptrs, g1 gc, windows-amd64)
# No core dump will be written. Minidumps are not enabled by default on client versions of Windows
#

---------------  S U M M A R Y ------------

Command Line: org.jetbrains.kotlin.cli.jvm.K2JVMCompiler @D:\Projects\SchoolSyncParent\app\build\20260426_13751733446727542099.compiler.options

Host: AMD Ryzen 3 7320U with Radeon Graphics         , 8 cores, 5G,  Windows 11 , 64 bit Build 26100 (10.0.26100.7920)
Time: Sun Apr 26 15:18:41 2026 India Standard Time elapsed time: 123.746257 seconds (0d 0h 2m 3s)

---------------  T H R E A D  ---------------

Current thread (0x00000147837b8850):  JavaThread "C2 CompilerThread0" daemon [_thread_in_native, id=18800, stack(0x00000025b8400000,0x00000025b8500000) (1024K)]


Current CompileTask:
C2:123746 19526       4       org.jetbrains.kotlin.resolve.AnnotationResolver::resolveAnnotationsFromModifierList (30 bytes)

Stack: [0x00000025b8400000,0x00000025b8500000]
Native frames: (J=compiled Java code, j=interpreted, Vv=VM code, C=native code)
V  [jvm.dll+0x6d6c99]
V  [jvm.dll+0x866b83]
V  [jvm.dll+0x8691ae]
V  [jvm.dll+0x869893]
V  [jvm.dll+0x280776]
V  [jvm.dll+0xc07cd]
V  [jvm.dll+0xc0d03]
V  [jvm.dll+0x2f5a10]
V  [jvm.dll+0x5ff9a9]
V  [jvm.dll+0x252572]
V  [jvm.dll+0x25292f]
V  [jvm.dll+0x24b0d5]
V  [jvm.dll+0x24892e]
V  [jvm.dll+0x1c7344]
V  [jvm.dll+0x2581ae]
V  [jvm.dll+0x2566f6]
V  [jvm.dll+0x3f48a6]
V  [jvm.dll+0x80f118]
V  [jvm.dll+0x6d54ed]
C  [ucrtbase.dll+0x37b0]
C  [KERNEL32.DLL+0x2e8d7]
C  [ntdll.dll+0x8c48c]


---------------  P R O C E S S  ---------------

Threads class SMR info:
_java_thread_list=0x000001478bc7f4e0, length=11, elements={
0x00000147ec1e8e90, 0x0000014783785430, 0x000001478378ca30, 0x00000147837b1720,
0x00000147837cb3f0, 0x00000147837b30a0, 0x00000147837b51e0, 0x00000147837b63e0,
0x00000147837b8850, 0x00000147837d61b0, 0x0000014783976720
}

Java Threads: ( => current thread )
  0x00000147ec1e8e90 JavaThread "main"                              [_thread_in_Java, id=6976, stack(0x00000025b7500000,0x00000025b7600000) (1024K)]
  0x0000014783785430 JavaThread "Common-Cleaner"             daemon [_thread_blocked, id=12180, stack(0x00000025b7d00000,0x00000025b7e00000) (1024K)]
  0x000001478378ca30 JavaThread "Reference Handler"          daemon [_thread_blocked, id=1576, stack(0x00000025b7e00000,0x00000025b7f00000) (1024K)]
  0x00000147837b1720 JavaThread "Finalizer"                  daemon [_thread_blocked, id=21884, stack(0x00000025b7f00000,0x00000025b8000000) (1024K)]
  0x00000147837cb3f0 JavaThread "Signal Dispatcher"          daemon [_thread_blocked, id=17524, stack(0x00000025b8000000,0x00000025b8100000) (1024K)]
  0x00000147837b30a0 JavaThread "Attach Listener"            daemon [_thread_blocked, id=15912, stack(0x00000025b8100000,0x00000025b8200000) (1024K)]
  0x00000147837b51e0 JavaThread "Service Thread"             daemon [_thread_blocked, id=7196, stack(0x00000025b8200000,0x00000025b8300000) (1024K)]
  0x00000147837b63e0 JavaThread "Monitor Deflation Thread"   daemon [_thread_blocked, id=22640, stack(0x00000025b8300000,0x00000025b8400000) (1024K)]
=>0x00000147837b8850 JavaThread "C2 CompilerThread0"         daemon [_thread_in_native, id=18800, stack(0x00000025b8400000,0x00000025b8500000) (1024K)]
  0x00000147837d61b0 JavaThread "C1 CompilerThread0"         daemon [_thread_blocked, id=10360, stack(0x00000025b8500000,0x00000025b8600000) (1024K)]
  0x0000014783976720 JavaThread "Notification Thread"        daemon [_thread_blocked, id=19288, stack(0x00000025b8600000,0x00000025b8700000) (1024K)]
Total: 11

Other Threads:
  0x00000147ff6b94f0 VMThread "VM Thread"                           [id=8956, stack(0x00000025b7c00000,0x00000025b7d00000) (1024K)]
  0x00000147ff623c90 WatcherThread "VM Periodic Task Thread"        [id=21588, stack(0x00000025b7b00000,0x00000025b7c00000) (1024K)]
  0x00000147ec22e010 WorkerThread "GC Thread#0"                     [id=3808, stack(0x00000025b7600000,0x00000025b7700000) (1024K)]
  0x000001478858da40 WorkerThread "GC Thread#1"                     [id=9536, stack(0x00000025b8800000,0x00000025b8900000) (1024K)]
  0x000001478876c5c0 WorkerThread "GC Thread#2"                     [id=10576, stack(0x00000025b8900000,0x00000025b8a00000) (1024K)]
  0x000001478876c960 WorkerThread "GC Thread#3"                     [id=20608, stack(0x00000025b8a00000,0x00000025b8b00000) (1024K)]
  0x000001478876cd00 WorkerThread "GC Thread#4"                     [id=24760, stack(0x00000025b8b00000,0x00000025b8c00000) (1024K)]
  0x000001478876d0a0 WorkerThread "GC Thread#5"                     [id=2956, stack(0x00000025b8c00000,0x00000025b8d00000) (1024K)]
  0x00000147889c6030 WorkerThread "GC Thread#6"                     [id=3828, stack(0x00000025b8700000,0x00000025b8800000) (1024K)]
  0x00000147889c63d0 WorkerThread "GC Thread#7"                     [id=24116, stack(0x00000025b8d00000,0x00000025b8e00000) (1024K)]
  0x00000147ec23aa70 ConcurrentGCThread "G1 Main Marker"            [id=12640, stack(0x00000025b7700000,0x00000025b7800000) (1024K)]
  0x00000147ec23c3b0 WorkerThread "G1 Conc#0"                       [id=12612, stack(0x00000025b7800000,0x00000025b7900000) (1024K)]
  0x00000147889c6b10 WorkerThread "G1 Conc#1"                       [id=10192, stack(0x00000025b8e00000,0x00000025b8f00000) (1024K)]
  0x00000147ff4f70d0 ConcurrentGCThread "G1 Refine#0"               [id=20652, stack(0x00000025b7900000,0x00000025b7a00000) (1024K)]
  0x00000147ff4f8900 ConcurrentGCThread "G1 Service"                [id=25328, stack(0x00000025b7a00000,0x00000025b7b00000) (1024K)]
Total: 15

Threads with active compile tasks:
C2 CompilerThread0  123813 19526       4       org.jetbrains.kotlin.resolve.AnnotationResolver::resolveAnnotationsFromModifierList (30 bytes)
Total: 1

VM state: not at safepoint (normal execution)

VM Mutex/Monitor currently owned by a thread: None

Heap address: 0x00000000a2c00000, size: 1492 MB, Compressed Oops mode: 32-bit

CDS archive(s) not mapped
Compressed class space mapped at: 0x0000000100000000-0x0000000140000000, reserved size: 1073741824
Narrow klass base: 0x0000000000000000, Narrow klass shift: 3, Narrow klass range: 0x140000000

GC Precious Log:
 CardTable entry size: 512
 Card Set container configuration: InlinePtr #cards 5 size 8 Array Of Cards #cards 12 size 40 Howl #buckets 4 coarsen threshold 1843 Howl Bitmap #cards 512 size 80 coarsen threshold 460 Card regions per heap region 1 cards per card region 2048
 CPUs: 8 total, 8 available
 Memory: 5965M
 Large Page Support: Disabled
 NUMA Support: Disabled
 Compressed Oops: Enabled (32-bit)
 Heap Region Size: 1M
 Heap Min Capacity: 8M
 Heap Initial Capacity: 94M
 Heap Max Capacity: 1492M
 Pre-touch: Disabled
 Parallel Workers: 8
 Concurrent Workers: 2
 Concurrent Refinement Workers: 8
 Periodic GC: Disabled

Heap:
 garbage-first heap   total 362496K, used 278417K [0x00000000a2c00000, 0x0000000100000000)
  region size 1024K, 75 young (76800K), 13 survivors (13312K)
 Metaspace       used 72008K, committed 72768K, reserved 1114112K
  class space    used 8053K, committed 8448K, reserved 1048576K

Heap Regions: E=young(eden), S=young(survivor), O=old, HS=humongous(starts), HC=humongous(continues), CS=collection set, F=free, TAMS=top-at-mark-start, PB=parsable bottom
|   0|0x00000000a2c00000, 0x00000000a2d00000, 0x00000000a2d00000|100%|HS|  |TAMS 0x00000000a2c00000| PB 0x00000000a2c00000| Complete 
|   1|0x00000000a2d00000, 0x00000000a2e00000, 0x00000000a2e00000|100%|HC|  |TAMS 0x00000000a2d00000| PB 0x00000000a2d00000| Complete 
|   2|0x00000000a2e00000, 0x00000000a2f00000, 0x00000000a2f00000|100%|HC|  |TAMS 0x00000000a2e00000| PB 0x00000000a2e00000| Complete 
|   3|0x00000000a2f00000, 0x00000000a3000000, 0x00000000a3000000|100%|HC|  |TAMS 0x00000000a2f00000| PB 0x00000000a2f00000| Complete 
|   4|0x00000000a3000000, 0x00000000a3100000, 0x00000000a3100000|100%| O|  |TAMS 0x00000000a3000000| PB 0x00000000a3000000| Untracked 
|   5|0x00000000a3100000, 0x00000000a31f6ce8, 0x00000000a3200000| 96%| O|  |TAMS 0x00000000a3100000| PB 0x00000000a3100000| Untracked 
|   6|0x00000000a3200000, 0x00000000a3300000, 0x00000000a3300000|100%|HS|  |TAMS 0x00000000a3200000| PB 0x00000000a3200000| Complete 
|   7|0x00000000a3300000, 0x00000000a3400000, 0x00000000a3400000|100%| O|  |TAMS 0x00000000a3300000| PB 0x00000000a3300000| Untracked 
|   8|0x00000000a3400000, 0x00000000a3500000, 0x00000000a3500000|100%| O|  |TAMS 0x00000000a3400000| PB 0x00000000a3400000| Untracked 
|   9|0x00000000a3500000, 0x00000000a3600000, 0x00000000a3600000|100%| O|  |TAMS 0x00000000a3500000| PB 0x00000000a3500000| Untracked 
|  10|0x00000000a3600000, 0x00000000a3700000, 0x00000000a3700000|100%| O|  |TAMS 0x00000000a3600000| PB 0x00000000a3600000| Untracked 
|  11|0x00000000a3700000, 0x00000000a3800000, 0x00000000a3800000|100%| O|  |TAMS 0x00000000a3700000| PB 0x00000000a3700000| Untracked 
|  12|0x00000000a3800000, 0x00000000a3900000, 0x00000000a3900000|100%| O|  |TAMS 0x00000000a3800000| PB 0x00000000a3800000| Untracked 
|  13|0x00000000a3900000, 0x00000000a3a00000, 0x00000000a3a00000|100%| O|  |TAMS 0x00000000a3900000| PB 0x00000000a3900000| Untracked 
|  14|0x00000000a3a00000, 0x00000000a3b00000, 0x00000000a3b00000|100%| O|  |TAMS 0x00000000a3a00000| PB 0x00000000a3a00000| Untracked 
|  15|0x00000000a3b00000, 0x00000000a3c00000, 0x00000000a3c00000|100%| O|  |TAMS 0x00000000a3b00000| PB 0x00000000a3b00000| Untracked 
|  16|0x00000000a3c00000, 0x00000000a3d00000, 0x00000000a3d00000|100%| O|  |TAMS 0x00000000a3c00000| PB 0x00000000a3c00000| Untracked 
|  17|0x00000000a3d00000, 0x00000000a3e00000, 0x00000000a3e00000|100%| O|  |TAMS 0x00000000a3d00000| PB 0x00000000a3d00000| Untracked 
|  18|0x00000000a3e00000, 0x00000000a3f00000, 0x00000000a3f00000|100%| O|  |TAMS 0x00000000a3e00000| PB 0x00000000a3e00000| Untracked 
|  19|0x00000000a3f00000, 0x00000000a4000000, 0x00000000a4000000|100%| O|  |TAMS 0x00000000a3f00000| PB 0x00000000a3f00000| Untracked 
|  20|0x00000000a4000000, 0x00000000a4100000, 0x00000000a4100000|100%| O|  |TAMS 0x00000000a4000000| PB 0x00000000a4000000| Untracked 
|  21|0x00000000a4100000, 0x00000000a4200000, 0x00000000a4200000|100%| O|  |TAMS 0x00000000a4100000| PB 0x00000000a4100000| Untracked 
|  22|0x00000000a4200000, 0x00000000a4300000, 0x00000000a4300000|100%| O|  |TAMS 0x00000000a4200000| PB 0x00000000a4200000| Untracked 
|  23|0x00000000a4300000, 0x00000000a4400000, 0x00000000a4400000|100%| O|  |TAMS 0x00000000a4300000| PB 0x00000000a4300000| Untracked 
|  24|0x00000000a4400000, 0x00000000a4500000, 0x00000000a4500000|100%| O|  |TAMS 0x00000000a4400000| PB 0x00000000a4400000| Untracked 
|  25|0x00000000a4500000, 0x00000000a4600000, 0x00000000a4600000|100%| O|  |TAMS 0x00000000a4500000| PB 0x00000000a4500000| Untracked 
|  26|0x00000000a4600000, 0x00000000a4700000, 0x00000000a4700000|100%| O|  |TAMS 0x00000000a4600000| PB 0x00000000a4600000| Untracked 
|  27|0x00000000a4700000, 0x00000000a4800000, 0x00000000a4800000|100%| O|  |TAMS 0x00000000a4700000| PB 0x00000000a4700000| Untracked 
|  28|0x00000000a4800000, 0x00000000a4900000, 0x00000000a4900000|100%| O|  |TAMS 0x00000000a4800000| PB 0x00000000a4800000| Untracked 
|  29|0x00000000a4900000, 0x00000000a4a00000, 0x00000000a4a00000|100%| O|  |TAMS 0x00000000a4900000| PB 0x00000000a4900000| Untracked 
|  30|0x00000000a4a00000, 0x00000000a4b00000, 0x00000000a4b00000|100%| O|  |TAMS 0x00000000a4a00000| PB 0x00000000a4a00000| Untracked 
|  31|0x00000000a4b00000, 0x00000000a4c00000, 0x00000000a4c00000|100%| O|  |TAMS 0x00000000a4b00000| PB 0x00000000a4b00000| Untracked 
|  32|0x00000000a4c00000, 0x00000000a4d00000, 0x00000000a4d00000|100%| O|  |TAMS 0x00000000a4c00000| PB 0x00000000a4c00000| Untracked 
|  33|0x00000000a4d00000, 0x00000000a4e00000, 0x00000000a4e00000|100%| O|  |TAMS 0x00000000a4d00000| PB 0x00000000a4d00000| Untracked 
|  34|0x00000000a4e00000, 0x00000000a4f00000, 0x00000000a4f00000|100%| O|  |TAMS 0x00000000a4e00000| PB 0x00000000a4e00000| Untracked 
|  35|0x00000000a4f00000, 0x00000000a5000000, 0x00000000a5000000|100%| O|  |TAMS 0x00000000a4f00000| PB 0x00000000a4f00000| Untracked 
|  36|0x00000000a5000000, 0x00000000a5100000, 0x00000000a5100000|100%| O|  |TAMS 0x00000000a5000000| PB 0x00000000a5000000| Untracked 
|  37|0x00000000a5100000, 0x00000000a5200000, 0x00000000a5200000|100%| O|  |TAMS 0x00000000a5100000| PB 0x00000000a5100000| Untracked 
|  38|0x00000000a5200000, 0x00000000a5300000, 0x00000000a5300000|100%| O|  |TAMS 0x00000000a5200000| PB 0x00000000a5200000| Untracked 
|  39|0x00000000a5300000, 0x00000000a5400000, 0x00000000a5400000|100%| O|  |TAMS 0x00000000a5300000| PB 0x00000000a5300000| Untracked 
|  40|0x00000000a5400000, 0x00000000a5500000, 0x00000000a5500000|100%| O|  |TAMS 0x00000000a5400000| PB 0x00000000a5400000| Untracked 
|  41|0x00000000a5500000, 0x00000000a5600000, 0x00000000a5600000|100%| O|  |TAMS 0x00000000a5500000| PB 0x00000000a5500000| Untracked 
|  42|0x00000000a5600000, 0x00000000a5700000, 0x00000000a5700000|100%| O|  |TAMS 0x00000000a5600000| PB 0x00000000a5600000| Untracked 
|  43|0x00000000a5700000, 0x00000000a5800000, 0x00000000a5800000|100%|HS|  |TAMS 0x00000000a5700000| PB 0x00000000a5700000| Complete 
|  44|0x00000000a5800000, 0x00000000a5900000, 0x00000000a5900000|100%|HC|  |TAMS 0x00000000a5800000| PB 0x00000000a5800000| Complete 
|  45|0x00000000a5900000, 0x00000000a5a00000, 0x00000000a5a00000|100%| O|  |TAMS 0x00000000a5900000| PB 0x00000000a5900000| Untracked 
|  46|0x00000000a5a00000, 0x00000000a5b00000, 0x00000000a5b00000|100%| O|  |TAMS 0x00000000a5a00000| PB 0x00000000a5a00000| Untracked 
|  47|0x00000000a5b00000, 0x00000000a5c00000, 0x00000000a5c00000|100%| O|  |TAMS 0x00000000a5b00000| PB 0x00000000a5b00000| Untracked 
|  48|0x00000000a5c00000, 0x00000000a5d00000, 0x00000000a5d00000|100%| O|  |TAMS 0x00000000a5c00000| PB 0x00000000a5c00000| Untracked 
|  49|0x00000000a5d00000, 0x00000000a5e00000, 0x00000000a5e00000|100%| O|  |TAMS 0x00000000a5d00000| PB 0x00000000a5d00000| Untracked 
|  50|0x00000000a5e00000, 0x00000000a5f00000, 0x00000000a5f00000|100%| O|  |TAMS 0x00000000a5e00000| PB 0x00000000a5e00000| Untracked 
|  51|0x00000000a5f00000, 0x00000000a6000000, 0x00000000a6000000|100%| O|  |TAMS 0x00000000a5f00000| PB 0x00000000a5f00000| Untracked 
|  52|0x00000000a6000000, 0x00000000a6100000, 0x00000000a6100000|100%| O|  |TAMS 0x00000000a6000000| PB 0x00000000a6000000| Untracked 
|  53|0x00000000a6100000, 0x00000000a6200000, 0x00000000a6200000|100%| O|  |TAMS 0x00000000a6100000| PB 0x00000000a6100000| Untracked 
|  54|0x00000000a6200000, 0x00000000a6300000, 0x00000000a6300000|100%| O|  |TAMS 0x00000000a6200000| PB 0x00000000a6200000| Untracked 
|  55|0x00000000a6300000, 0x00000000a6400000, 0x00000000a6400000|100%| O|  |TAMS 0x00000000a6300000| PB 0x00000000a6300000| Untracked 
|  56|0x00000000a6400000, 0x00000000a6500000, 0x00000000a6500000|100%| O|  |TAMS 0x00000000a6400000| PB 0x00000000a6400000| Untracked 
|  57|0x00000000a6500000, 0x00000000a6600000, 0x00000000a6600000|100%| O|  |TAMS 0x00000000a6500000| PB 0x00000000a6500000| Untracked 
|  58|0x00000000a6600000, 0x00000000a6700000, 0x00000000a6700000|100%| O|  |TAMS 0x00000000a6600000| PB 0x00000000a6600000| Untracked 
|  59|0x00000000a6700000, 0x00000000a6800000, 0x00000000a6800000|100%| O|  |TAMS 0x00000000a6700000| PB 0x00000000a6700000| Untracked 
|  60|0x00000000a6800000, 0x00000000a6900000, 0x00000000a6900000|100%| O|  |TAMS 0x00000000a6800000| PB 0x00000000a6800000| Untracked 
|  61|0x00000000a6900000, 0x00000000a6a00000, 0x00000000a6a00000|100%| O|  |TAMS 0x00000000a6900000| PB 0x00000000a6900000| Untracked 
|  62|0x00000000a6a00000, 0x00000000a6b00000, 0x00000000a6b00000|100%| O|  |TAMS 0x00000000a6a00000| PB 0x00000000a6a00000| Untracked 
|  63|0x00000000a6b00000, 0x00000000a6c00000, 0x00000000a6c00000|100%| O|  |TAMS 0x00000000a6b00000| PB 0x00000000a6b00000| Untracked 
|  64|0x00000000a6c00000, 0x00000000a6d00000, 0x00000000a6d00000|100%| O|  |TAMS 0x00000000a6c00000| PB 0x00000000a6c00000| Untracked 
|  65|0x00000000a6d00000, 0x00000000a6e00000, 0x00000000a6e00000|100%| O|  |TAMS 0x00000000a6d00000| PB 0x00000000a6d00000| Untracked 
|  66|0x00000000a6e00000, 0x00000000a6f00000, 0x00000000a6f00000|100%| O|  |TAMS 0x00000000a6e00000| PB 0x00000000a6e00000| Untracked 
|  67|0x00000000a6f00000, 0x00000000a7000000, 0x00000000a7000000|100%| O|  |TAMS 0x00000000a6f00000| PB 0x00000000a6f00000| Untracked 
|  68|0x00000000a7000000, 0x00000000a7100000, 0x00000000a7100000|100%| O|  |TAMS 0x00000000a7000000| PB 0x00000000a7000000| Untracked 
|  69|0x00000000a7100000, 0x00000000a7200000, 0x00000000a7200000|100%| O|  |TAMS 0x00000000a7100000| PB 0x00000000a7100000| Untracked 
|  70|0x00000000a7200000, 0x00000000a7300000, 0x00000000a7300000|100%| O|  |TAMS 0x00000000a7200000| PB 0x00000000a7200000| Untracked 
|  71|0x00000000a7300000, 0x00000000a7400000, 0x00000000a7400000|100%| O|  |TAMS 0x00000000a7300000| PB 0x00000000a7300000| Untracked 
|  72|0x00000000a7400000, 0x00000000a7500000, 0x00000000a7500000|100%| O|  |TAMS 0x00000000a7400000| PB 0x00000000a7400000| Untracked 
|  73|0x00000000a7500000, 0x00000000a7600000, 0x00000000a7600000|100%| O|  |TAMS 0x00000000a7500000| PB 0x00000000a7500000| Untracked 
|  74|0x00000000a7600000, 0x00000000a7700000, 0x00000000a7700000|100%| O|  |TAMS 0x00000000a7600000| PB 0x00000000a7600000| Untracked 
|  75|0x00000000a7700000, 0x00000000a7800000, 0x00000000a7800000|100%| O|  |TAMS 0x00000000a7700000| PB 0x00000000a7700000| Untracked 
|  76|0x00000000a7800000, 0x00000000a7900000, 0x00000000a7900000|100%| O|  |TAMS 0x00000000a7800000| PB 0x00000000a7800000| Untracked 
|  77|0x00000000a7900000, 0x00000000a7a00000, 0x00000000a7a00000|100%| O|  |TAMS 0x00000000a7900000| PB 0x00000000a7900000| Untracked 
|  78|0x00000000a7a00000, 0x00000000a7b00000, 0x00000000a7b00000|100%| O|  |TAMS 0x00000000a7a00000| PB 0x00000000a7a00000| Untracked 
|  79|0x00000000a7b00000, 0x00000000a7c00000, 0x00000000a7c00000|100%| O|  |TAMS 0x00000000a7b00000| PB 0x00000000a7b00000| Untracked 
|  80|0x00000000a7c00000, 0x00000000a7d00000, 0x00000000a7d00000|100%| O|  |TAMS 0x00000000a7c00000| PB 0x00000000a7c00000| Untracked 
|  81|0x00000000a7d00000, 0x00000000a7e00000, 0x00000000a7e00000|100%| O|  |TAMS 0x00000000a7d00000| PB 0x00000000a7d00000| Untracked 
|  82|0x00000000a7e00000, 0x00000000a7f00000, 0x00000000a7f00000|100%| O|  |TAMS 0x00000000a7e00000| PB 0x00000000a7e00000| Untracked 
|  83|0x00000000a7f00000, 0x00000000a8000000, 0x00000000a8000000|100%| O|  |TAMS 0x00000000a7f00000| PB 0x00000000a7f00000| Untracked 
|  84|0x00000000a8000000, 0x00000000a8100000, 0x00000000a8100000|100%| O|  |TAMS 0x00000000a8000000| PB 0x00000000a8000000| Untracked 
|  85|0x00000000a8100000, 0x00000000a8200000, 0x00000000a8200000|100%| O|  |TAMS 0x00000000a8100000| PB 0x00000000a8100000| Untracked 
|  86|0x00000000a8200000, 0x00000000a8300000, 0x00000000a8300000|100%| O|  |TAMS 0x00000000a8200000| PB 0x00000000a8200000| Untracked 
|  87|0x00000000a8300000, 0x00000000a8400000, 0x00000000a8400000|100%| O|  |TAMS 0x00000000a8300000| PB 0x00000000a8300000| Untracked 
|  88|0x00000000a8400000, 0x00000000a8500000, 0x00000000a8500000|100%| O|  |TAMS 0x00000000a8400000| PB 0x00000000a8400000| Untracked 
|  89|0x00000000a8500000, 0x00000000a8600000, 0x00000000a8600000|100%| O|  |TAMS 0x00000000a8500000| PB 0x00000000a8500000| Untracked 
|  90|0x00000000a8600000, 0x00000000a8700000, 0x00000000a8700000|100%| O|  |TAMS 0x00000000a8600000| PB 0x00000000a8600000| Untracked 
|  91|0x00000000a8700000, 0x00000000a8800000, 0x00000000a8800000|100%| O|  |TAMS 0x00000000a8700000| PB 0x00000000a8700000| Untracked 
|  92|0x00000000a8800000, 0x00000000a8900000, 0x00000000a8900000|100%| O|  |TAMS 0x00000000a8800000| PB 0x00000000a8800000| Untracked 
|  93|0x00000000a8900000, 0x00000000a8a00000, 0x00000000a8a00000|100%| O|  |TAMS 0x00000000a8900000| PB 0x00000000a8900000| Untracked 
|  94|0x00000000a8a00000, 0x00000000a8b00000, 0x00000000a8b00000|100%| O|  |TAMS 0x00000000a8a00000| PB 0x00000000a8a00000| Untracked 
|  95|0x00000000a8b00000, 0x00000000a8c00000, 0x00000000a8c00000|100%| O|  |TAMS 0x00000000a8b00000| PB 0x00000000a8b00000| Untracked 
|  96|0x00000000a8c00000, 0x00000000a8d00000, 0x00000000a8d00000|100%| O|  |TAMS 0x00000000a8c00000| PB 0x00000000a8c00000| Untracked 
|  97|0x00000000a8d00000, 0x00000000a8e00000, 0x00000000a8e00000|100%| O|  |TAMS 0x00000000a8d00000| PB 0x00000000a8d00000| Untracked 
|  98|0x00000000a8e00000, 0x00000000a8f00000, 0x00000000a8f00000|100%| O|  |TAMS 0x00000000a8e00000| PB 0x00000000a8e00000| Untracked 
|  99|0x00000000a8f00000, 0x00000000a9000000, 0x00000000a9000000|100%| O|  |TAMS 0x00000000a8f00000| PB 0x00000000a8f00000| Untracked 
| 100|0x00000000a9000000, 0x00000000a9100000, 0x00000000a9100000|100%| O|  |TAMS 0x00000000a9000000| PB 0x00000000a9000000| Untracked 
| 101|0x00000000a9100000, 0x00000000a9200000, 0x00000000a9200000|100%| O|  |TAMS 0x00000000a9100000| PB 0x00000000a9100000| Untracked 
| 102|0x00000000a9200000, 0x00000000a9300000, 0x00000000a9300000|100%| O|  |TAMS 0x00000000a9200000| PB 0x00000000a9200000| Untracked 
| 103|0x00000000a9300000, 0x00000000a9400000, 0x00000000a9400000|100%| O|  |TAMS 0x00000000a9300000| PB 0x00000000a9300000| Untracked 
| 104|0x00000000a9400000, 0x00000000a9500000, 0x00000000a9500000|100%| O|  |TAMS 0x00000000a9400000| PB 0x00000000a9400000| Untracked 
| 105|0x00000000a9500000, 0x00000000a9600000, 0x00000000a9600000|100%| O|  |TAMS 0x00000000a9500000| PB 0x00000000a9500000| Untracked 
| 106|0x00000000a9600000, 0x00000000a9700000, 0x00000000a9700000|100%| O|  |TAMS 0x00000000a9600000| PB 0x00000000a9600000| Untracked 
| 107|0x00000000a9700000, 0x00000000a9800000, 0x00000000a9800000|100%| O|  |TAMS 0x00000000a9700000| PB 0x00000000a9700000| Untracked 
| 108|0x00000000a9800000, 0x00000000a9900000, 0x00000000a9900000|100%| O|  |TAMS 0x00000000a9800000| PB 0x00000000a9800000| Untracked 
| 109|0x00000000a9900000, 0x00000000a9a00000, 0x00000000a9a00000|100%| O|  |TAMS 0x00000000a9900000| PB 0x00000000a9900000| Untracked 
| 110|0x00000000a9a00000, 0x00000000a9b00000, 0x00000000a9b00000|100%| O|  |TAMS 0x00000000a9a00000| PB 0x00000000a9a00000| Untracked 
| 111|0x00000000a9b00000, 0x00000000a9c00000, 0x00000000a9c00000|100%| O|  |TAMS 0x00000000a9b00000| PB 0x00000000a9b00000| Untracked 
| 112|0x00000000a9c00000, 0x00000000a9d00000, 0x00000000a9d00000|100%| O|  |TAMS 0x00000000a9c00000| PB 0x00000000a9c00000| Untracked 
| 113|0x00000000a9d00000, 0x00000000a9e00000, 0x00000000a9e00000|100%| O|  |TAMS 0x00000000a9d00000| PB 0x00000000a9d00000| Untracked 
| 114|0x00000000a9e00000, 0x00000000a9f00000, 0x00000000a9f00000|100%| O|  |TAMS 0x00000000a9e00000| PB 0x00000000a9e00000| Untracked 
| 115|0x00000000a9f00000, 0x00000000aa000000, 0x00000000aa000000|100%| O|  |TAMS 0x00000000a9f00000| PB 0x00000000a9f00000| Untracked 
| 116|0x00000000aa000000, 0x00000000aa100000, 0x00000000aa100000|100%| O|  |TAMS 0x00000000aa000000| PB 0x00000000aa000000| Untracked 
| 117|0x00000000aa100000, 0x00000000aa200000, 0x00000000aa200000|100%| O|  |TAMS 0x00000000aa100000| PB 0x00000000aa100000| Untracked 
| 118|0x00000000aa200000, 0x00000000aa300000, 0x00000000aa300000|100%| O|  |TAMS 0x00000000aa200000| PB 0x00000000aa200000| Untracked 
| 119|0x00000000aa300000, 0x00000000aa400000, 0x00000000aa400000|100%| O|  |TAMS 0x00000000aa300000| PB 0x00000000aa300000| Untracked 
| 120|0x00000000aa400000, 0x00000000aa500000, 0x00000000aa500000|100%| O|  |TAMS 0x00000000aa400000| PB 0x00000000aa400000| Untracked 
| 121|0x00000000aa500000, 0x00000000aa600000, 0x00000000aa600000|100%| O|  |TAMS 0x00000000aa500000| PB 0x00000000aa500000| Untracked 
| 122|0x00000000aa600000, 0x00000000aa700000, 0x00000000aa700000|100%| O|  |TAMS 0x00000000aa600000| PB 0x00000000aa600000| Untracked 
| 123|0x00000000aa700000, 0x00000000aa800000, 0x00000000aa800000|100%| O|  |TAMS 0x00000000aa700000| PB 0x00000000aa700000| Untracked 
| 124|0x00000000aa800000, 0x00000000aa900000, 0x00000000aa900000|100%| O|  |TAMS 0x00000000aa800000| PB 0x00000000aa800000| Untracked 
| 125|0x00000000aa900000, 0x00000000aaa00000, 0x00000000aaa00000|100%| O|  |TAMS 0x00000000aa900000| PB 0x00000000aa900000| Untracked 
| 126|0x00000000aaa00000, 0x00000000aab00000, 0x00000000aab00000|100%| O|  |TAMS 0x00000000aaa00000| PB 0x00000000aaa00000| Untracked 
| 127|0x00000000aab00000, 0x00000000aac00000, 0x00000000aac00000|100%| O|  |TAMS 0x00000000aab00000| PB 0x00000000aab00000| Untracked 
| 128|0x00000000aac00000, 0x00000000aad00000, 0x00000000aad00000|100%| O|  |TAMS 0x00000000aac00000| PB 0x00000000aac00000| Untracked 
| 129|0x00000000aad00000, 0x00000000aae00000, 0x00000000aae00000|100%| O|  |TAMS 0x00000000aad00000| PB 0x00000000aad00000| Untracked 
| 130|0x00000000aae00000, 0x00000000aaf00000, 0x00000000aaf00000|100%| O|  |TAMS 0x00000000aae00000| PB 0x00000000aae00000| Untracked 
| 131|0x00000000aaf00000, 0x00000000ab000000, 0x00000000ab000000|100%| O|  |TAMS 0x00000000aaf00000| PB 0x00000000aaf00000| Untracked 
| 132|0x00000000ab000000, 0x00000000ab100000, 0x00000000ab100000|100%| O|  |TAMS 0x00000000ab000000| PB 0x00000000ab000000| Untracked 
| 133|0x00000000ab100000, 0x00000000ab200000, 0x00000000ab200000|100%| O|  |TAMS 0x00000000ab100000| PB 0x00000000ab100000| Untracked 
| 134|0x00000000ab200000, 0x00000000ab300000, 0x00000000ab300000|100%| O|  |TAMS 0x00000000ab200000| PB 0x00000000ab200000| Untracked 
| 135|0x00000000ab300000, 0x00000000ab400000, 0x00000000ab400000|100%| O|  |TAMS 0x00000000ab300000| PB 0x00000000ab300000| Untracked 
| 136|0x00000000ab400000, 0x00000000ab500000, 0x00000000ab500000|100%| O|  |TAMS 0x00000000ab400000| PB 0x00000000ab400000| Untracked 
| 137|0x00000000ab500000, 0x00000000ab600000, 0x00000000ab600000|100%| O|  |TAMS 0x00000000ab500000| PB 0x00000000ab500000| Untracked 
| 138|0x00000000ab600000, 0x00000000ab700000, 0x00000000ab700000|100%| O|  |TAMS 0x00000000ab600000| PB 0x00000000ab600000| Untracked 
| 139|0x00000000ab700000, 0x00000000ab800000, 0x00000000ab800000|100%| O|  |TAMS 0x00000000ab700000| PB 0x00000000ab700000| Untracked 
| 140|0x00000000ab800000, 0x00000000ab900000, 0x00000000ab900000|100%| O|  |TAMS 0x00000000ab800000| PB 0x00000000ab800000| Untracked 
| 141|0x00000000ab900000, 0x00000000aba00000, 0x00000000aba00000|100%| O|  |TAMS 0x00000000ab900000| PB 0x00000000ab900000| Untracked 
| 142|0x00000000aba00000, 0x00000000abb00000, 0x00000000abb00000|100%| O|  |TAMS 0x00000000aba00000| PB 0x00000000aba00000| Untracked 
| 143|0x00000000abb00000, 0x00000000abc00000, 0x00000000abc00000|100%| O|  |TAMS 0x00000000abb00000| PB 0x00000000abb00000| Untracked 
| 144|0x00000000abc00000, 0x00000000abd00000, 0x00000000abd00000|100%| O|  |TAMS 0x00000000abc00000| PB 0x00000000abc00000| Untracked 
| 145|0x00000000abd00000, 0x00000000abe00000, 0x00000000abe00000|100%| O|  |TAMS 0x00000000abd00000| PB 0x00000000abd00000| Untracked 
| 146|0x00000000abe00000, 0x00000000abf00000, 0x00000000abf00000|100%| O|  |TAMS 0x00000000abe00000| PB 0x00000000abe00000| Untracked 
| 147|0x00000000abf00000, 0x00000000ac000000, 0x00000000ac000000|100%| O|  |TAMS 0x00000000abf00000| PB 0x00000000abf00000| Untracked 
| 148|0x00000000ac000000, 0x00000000ac100000, 0x00000000ac100000|100%| O|  |TAMS 0x00000000ac000000| PB 0x00000000ac000000| Untracked 
| 149|0x00000000ac100000, 0x00000000ac200000, 0x00000000ac200000|100%| O|  |TAMS 0x00000000ac100000| PB 0x00000000ac100000| Untracked 
| 150|0x00000000ac200000, 0x00000000ac300000, 0x00000000ac300000|100%| O|  |TAMS 0x00000000ac200000| PB 0x00000000ac200000| Untracked 
| 151|0x00000000ac300000, 0x00000000ac400000, 0x00000000ac400000|100%|HS|  |TAMS 0x00000000ac300000| PB 0x00000000ac300000| Complete 
| 152|0x00000000ac400000, 0x00000000ac500000, 0x00000000ac500000|100%|HC|  |TAMS 0x00000000ac400000| PB 0x00000000ac400000| Complete 
| 153|0x00000000ac500000, 0x00000000ac600000, 0x00000000ac600000|100%|HC|  |TAMS 0x00000000ac500000| PB 0x00000000ac500000| Complete 
| 154|0x00000000ac600000, 0x00000000ac700000, 0x00000000ac700000|100%|HC|  |TAMS 0x00000000ac600000| PB 0x00000000ac600000| Complete 
| 155|0x00000000ac700000, 0x00000000ac800000, 0x00000000ac800000|100%|HC|  |TAMS 0x00000000ac700000| PB 0x00000000ac700000| Complete 
| 156|0x00000000ac800000, 0x00000000ac900000, 0x00000000ac900000|100%|HC|  |TAMS 0x00000000ac800000| PB 0x00000000ac800000| Complete 
| 157|0x00000000ac900000, 0x00000000aca00000, 0x00000000aca00000|100%|HC|  |TAMS 0x00000000ac900000| PB 0x00000000ac900000| Complete 
| 158|0x00000000aca00000, 0x00000000acb00000, 0x00000000acb00000|100%|HC|  |TAMS 0x00000000aca00000| PB 0x00000000aca00000| Complete 
| 159|0x00000000acb00000, 0x00000000acc00000, 0x00000000acc00000|100%|HC|  |TAMS 0x00000000acb00000| PB 0x00000000acb00000| Complete 
| 160|0x00000000acc00000, 0x00000000acd00000, 0x00000000acd00000|100%| O|  |TAMS 0x00000000acc00000| PB 0x00000000acc00000| Untracked 
| 161|0x00000000acd00000, 0x00000000ace00000, 0x00000000ace00000|100%| O|  |TAMS 0x00000000acd00000| PB 0x00000000acd00000| Untracked 
| 162|0x00000000ace00000, 0x00000000acf00000, 0x00000000acf00000|100%| O|  |TAMS 0x00000000ace00000| PB 0x00000000ace00000| Untracked 
| 163|0x00000000acf00000, 0x00000000ad000000, 0x00000000ad000000|100%| O|  |TAMS 0x00000000acf00000| PB 0x00000000acf00000| Untracked 
| 164|0x00000000ad000000, 0x00000000ad100000, 0x00000000ad100000|100%| O|  |TAMS 0x00000000ad000000| PB 0x00000000ad000000| Untracked 
| 165|0x00000000ad100000, 0x00000000ad200000, 0x00000000ad200000|100%| O|  |TAMS 0x00000000ad100000| PB 0x00000000ad100000| Untracked 
| 166|0x00000000ad200000, 0x00000000ad300000, 0x00000000ad300000|100%| O|  |TAMS 0x00000000ad200000| PB 0x00000000ad200000| Untracked 
| 167|0x00000000ad300000, 0x00000000ad400000, 0x00000000ad400000|100%| O|  |TAMS 0x00000000ad300000| PB 0x00000000ad300000| Untracked 
| 168|0x00000000ad400000, 0x00000000ad500000, 0x00000000ad500000|100%| O|  |TAMS 0x00000000ad400000| PB 0x00000000ad400000| Untracked 
| 169|0x00000000ad500000, 0x00000000ad600000, 0x00000000ad600000|100%| O|  |TAMS 0x00000000ad500000| PB 0x00000000ad500000| Untracked 
| 170|0x00000000ad600000, 0x00000000ad700000, 0x00000000ad700000|100%| O|  |TAMS 0x00000000ad600000| PB 0x00000000ad600000| Untracked 
| 171|0x00000000ad700000, 0x00000000ad800000, 0x00000000ad800000|100%| O|  |TAMS 0x00000000ad700000| PB 0x00000000ad700000| Untracked 
| 172|0x00000000ad800000, 0x00000000ad900000, 0x00000000ad900000|100%| O|  |TAMS 0x00000000ad800000| PB 0x00000000ad800000| Untracked 
| 173|0x00000000ad900000, 0x00000000ada00000, 0x00000000ada00000|100%| O|  |TAMS 0x00000000ad900000| PB 0x00000000ad900000| Untracked 
| 174|0x00000000ada00000, 0x00000000adb00000, 0x00000000adb00000|100%| O|  |TAMS 0x00000000ada00000| PB 0x00000000ada00000| Untracked 
| 175|0x00000000adb00000, 0x00000000adc00000, 0x00000000adc00000|100%| O|  |TAMS 0x00000000adb00000| PB 0x00000000adb00000| Untracked 
| 176|0x00000000adc00000, 0x00000000add00000, 0x00000000add00000|100%| O|  |TAMS 0x00000000adc00000| PB 0x00000000adc00000| Untracked 
| 177|0x00000000add00000, 0x00000000ade00000, 0x00000000ade00000|100%| O|  |TAMS 0x00000000add00000| PB 0x00000000add00000| Untracked 
| 178|0x00000000ade00000, 0x00000000adf00000, 0x00000000adf00000|100%| O|  |TAMS 0x00000000ade00000| PB 0x00000000ade00000| Untracked 
| 179|0x00000000adf00000, 0x00000000ae000000, 0x00000000ae000000|100%| O|  |TAMS 0x00000000adf00000| PB 0x00000000adf00000| Untracked 
| 180|0x00000000ae000000, 0x00000000ae100000, 0x00000000ae100000|100%| O|  |TAMS 0x00000000ae000000| PB 0x00000000ae000000| Untracked 
| 181|0x00000000ae100000, 0x00000000ae200000, 0x00000000ae200000|100%| O|  |TAMS 0x00000000ae100000| PB 0x00000000ae100000| Untracked 
| 182|0x00000000ae200000, 0x00000000ae300000, 0x00000000ae300000|100%| O|  |TAMS 0x00000000ae200000| PB 0x00000000ae200000| Untracked 
| 183|0x00000000ae300000, 0x00000000ae400000, 0x00000000ae400000|100%| O|  |TAMS 0x00000000ae300000| PB 0x00000000ae300000| Untracked 
| 184|0x00000000ae400000, 0x00000000ae500000, 0x00000000ae500000|100%| O|  |TAMS 0x00000000ae400000| PB 0x00000000ae400000| Untracked 
| 185|0x00000000ae500000, 0x00000000ae600000, 0x00000000ae600000|100%| O|  |TAMS 0x00000000ae500000| PB 0x00000000ae500000| Untracked 
| 186|0x00000000ae600000, 0x00000000ae700000, 0x00000000ae700000|100%| O|Cm|TAMS 0x00000000ae600000| PB 0x00000000ae600000| Complete 
| 187|0x00000000ae700000, 0x00000000ae800000, 0x00000000ae800000|100%| O|Cm|TAMS 0x00000000ae700000| PB 0x00000000ae700000| Complete 
| 188|0x00000000ae800000, 0x00000000ae900000, 0x00000000ae900000|100%| O|  |TAMS 0x00000000ae800000| PB 0x00000000ae800000| Untracked 
| 189|0x00000000ae900000, 0x00000000aea00000, 0x00000000aea00000|100%| O|  |TAMS 0x00000000ae900000| PB 0x00000000ae900000| Untracked 
| 190|0x00000000aea00000, 0x00000000aeb00000, 0x00000000aeb00000|100%| O|Cm|TAMS 0x00000000aea00000| PB 0x00000000aea00000| Complete 
| 191|0x00000000aeb00000, 0x00000000aec00000, 0x00000000aec00000|100%| O|  |TAMS 0x00000000aeb00000| PB 0x00000000aeb00000| Untracked 
| 192|0x00000000aec00000, 0x00000000aed00000, 0x00000000aed00000|100%| O|  |TAMS 0x00000000aec00000| PB 0x00000000aec00000| Untracked 
| 193|0x00000000aed00000, 0x00000000aee00000, 0x00000000aee00000|100%| O|  |TAMS 0x00000000aed00000| PB 0x00000000aed00000| Untracked 
| 194|0x00000000aee00000, 0x00000000aee1b7d0, 0x00000000aef00000| 10%| O|  |TAMS 0x00000000aee00000| PB 0x00000000aee00000| Untracked 
| 195|0x00000000aef00000, 0x00000000aef00000, 0x00000000af000000|  0%| F|  |TAMS 0x00000000aef00000| PB 0x00000000aef00000| Untracked 
| 196|0x00000000af000000, 0x00000000af0d20d8, 0x00000000af100000| 82%| S|CS|TAMS 0x00000000af000000| PB 0x00000000af000000| Complete 
| 197|0x00000000af100000, 0x00000000af200000, 0x00000000af200000|100%| S|CS|TAMS 0x00000000af100000| PB 0x00000000af100000| Complete 
| 198|0x00000000af200000, 0x00000000af200000, 0x00000000af300000|  0%| F|  |TAMS 0x00000000af200000| PB 0x00000000af200000| Untracked 
| 199|0x00000000af300000, 0x00000000af300000, 0x00000000af400000|  0%| F|  |TAMS 0x00000000af300000| PB 0x00000000af300000| Untracked 
| 200|0x00000000af400000, 0x00000000af400000, 0x00000000af500000|  0%| F|  |TAMS 0x00000000af400000| PB 0x00000000af400000| Untracked 
| 201|0x00000000af500000, 0x00000000af500000, 0x00000000af600000|  0%| F|  |TAMS 0x00000000af500000| PB 0x00000000af500000| Untracked 
| 202|0x00000000af600000, 0x00000000af600000, 0x00000000af700000|  0%| F|  |TAMS 0x00000000af600000| PB 0x00000000af600000| Untracked 
| 203|0x00000000af700000, 0x00000000af700000, 0x00000000af800000|  0%| F|  |TAMS 0x00000000af700000| PB 0x00000000af700000| Untracked 
| 204|0x00000000af800000, 0x00000000af800000, 0x00000000af900000|  0%| F|  |TAMS 0x00000000af800000| PB 0x00000000af800000| Untracked 
| 205|0x00000000af900000, 0x00000000af900000, 0x00000000afa00000|  0%| F|  |TAMS 0x00000000af900000| PB 0x00000000af900000| Untracked 
| 206|0x00000000afa00000, 0x00000000afa00000, 0x00000000afb00000|  0%| F|  |TAMS 0x00000000afa00000| PB 0x00000000afa00000| Untracked 
| 207|0x00000000afb00000, 0x00000000afb00000, 0x00000000afc00000|  0%| F|  |TAMS 0x00000000afb00000| PB 0x00000000afb00000| Untracked 
| 208|0x00000000afc00000, 0x00000000afc00000, 0x00000000afd00000|  0%| F|  |TAMS 0x00000000afc00000| PB 0x00000000afc00000| Untracked 
| 209|0x00000000afd00000, 0x00000000afd00000, 0x00000000afe00000|  0%| F|  |TAMS 0x00000000afd00000| PB 0x00000000afd00000| Untracked 
| 210|0x00000000afe00000, 0x00000000afe00000, 0x00000000aff00000|  0%| F|  |TAMS 0x00000000afe00000| PB 0x00000000afe00000| Untracked 
| 211|0x00000000aff00000, 0x00000000aff00000, 0x00000000b0000000|  0%| F|  |TAMS 0x00000000aff00000| PB 0x00000000aff00000| Untracked 
| 212|0x00000000b0000000, 0x00000000b0100000, 0x00000000b0100000|100%| S|CS|TAMS 0x00000000b0000000| PB 0x00000000b0000000| Complete 
| 213|0x00000000b0100000, 0x00000000b0200000, 0x00000000b0200000|100%| S|CS|TAMS 0x00000000b0100000| PB 0x00000000b0100000| Complete 
| 214|0x00000000b0200000, 0x00000000b0300000, 0x00000000b0300000|100%| S|CS|TAMS 0x00000000b0200000| PB 0x00000000b0200000| Complete 
| 215|0x00000000b0300000, 0x00000000b0400000, 0x00000000b0400000|100%| S|CS|TAMS 0x00000000b0300000| PB 0x00000000b0300000| Complete 
| 216|0x00000000b0400000, 0x00000000b0500000, 0x00000000b0500000|100%| S|CS|TAMS 0x00000000b0400000| PB 0x00000000b0400000| Complete 
| 217|0x00000000b0500000, 0x00000000b0600000, 0x00000000b0600000|100%| S|CS|TAMS 0x00000000b0500000| PB 0x00000000b0500000| Complete 
| 218|0x00000000b0600000, 0x00000000b0700000, 0x00000000b0700000|100%| S|CS|TAMS 0x00000000b0600000| PB 0x00000000b0600000| Complete 
| 219|0x00000000b0700000, 0x00000000b0800000, 0x00000000b0800000|100%| S|CS|TAMS 0x00000000b0700000| PB 0x00000000b0700000| Complete 
| 220|0x00000000b0800000, 0x00000000b0900000, 0x00000000b0900000|100%| S|CS|TAMS 0x00000000b0800000| PB 0x00000000b0800000| Complete 
| 221|0x00000000b0900000, 0x00000000b0a00000, 0x00000000b0a00000|100%| S|CS|TAMS 0x00000000b0900000| PB 0x00000000b0900000| Complete 
| 222|0x00000000b0a00000, 0x00000000b0b00000, 0x00000000b0b00000|100%| S|CS|TAMS 0x00000000b0a00000| PB 0x00000000b0a00000| Complete 
| 223|0x00000000b0b00000, 0x00000000b0b00000, 0x00000000b0c00000|  0%| F|  |TAMS 0x00000000b0b00000| PB 0x00000000b0b00000| Untracked 
| 224|0x00000000b0c00000, 0x00000000b0c00000, 0x00000000b0d00000|  0%| F|  |TAMS 0x00000000b0c00000| PB 0x00000000b0c00000| Untracked 
| 225|0x00000000b0d00000, 0x00000000b0d00000, 0x00000000b0e00000|  0%| F|  |TAMS 0x00000000b0d00000| PB 0x00000000b0d00000| Untracked 
| 226|0x00000000b0e00000, 0x00000000b0e00000, 0x00000000b0f00000|  0%| F|  |TAMS 0x00000000b0e00000| PB 0x00000000b0e00000| Untracked 
| 227|0x00000000b0f00000, 0x00000000b0f00000, 0x00000000b1000000|  0%| F|  |TAMS 0x00000000b0f00000| PB 0x00000000b0f00000| Untracked 
| 228|0x00000000b1000000, 0x00000000b1000000, 0x00000000b1100000|  0%| F|  |TAMS 0x00000000b1000000| PB 0x00000000b1000000| Untracked 
| 229|0x00000000b1100000, 0x00000000b1100000, 0x00000000b1200000|  0%| F|  |TAMS 0x00000000b1100000| PB 0x00000000b1100000| Untracked 
| 230|0x00000000b1200000, 0x00000000b1200000, 0x00000000b1300000|  0%| F|  |TAMS 0x00000000b1200000| PB 0x00000000b1200000| Untracked 
| 231|0x00000000b1300000, 0x00000000b1300000, 0x00000000b1400000|  0%| F|  |TAMS 0x00000000b1300000| PB 0x00000000b1300000| Untracked 
| 232|0x00000000b1400000, 0x00000000b1400000, 0x00000000b1500000|  0%| F|  |TAMS 0x00000000b1400000| PB 0x00000000b1400000| Untracked 
| 233|0x00000000b1500000, 0x00000000b1500000, 0x00000000b1600000|  0%| F|  |TAMS 0x00000000b1500000| PB 0x00000000b1500000| Untracked 
| 234|0x00000000b1600000, 0x00000000b1600000, 0x00000000b1700000|  0%| F|  |TAMS 0x00000000b1600000| PB 0x00000000b1600000| Untracked 
| 235|0x00000000b1700000, 0x00000000b1700000, 0x00000000b1800000|  0%| F|  |TAMS 0x00000000b1700000| PB 0x00000000b1700000| Untracked 
| 236|0x00000000b1800000, 0x00000000b1800000, 0x00000000b1900000|  0%| F|  |TAMS 0x00000000b1800000| PB 0x00000000b1800000| Untracked 
| 237|0x00000000b1900000, 0x00000000b1900000, 0x00000000b1a00000|  0%| F|  |TAMS 0x00000000b1900000| PB 0x00000000b1900000| Untracked 
| 238|0x00000000b1a00000, 0x00000000b1a00000, 0x00000000b1b00000|  0%| F|  |TAMS 0x00000000b1a00000| PB 0x00000000b1a00000| Untracked 
| 239|0x00000000b1b00000, 0x00000000b1b00000, 0x00000000b1c00000|  0%| F|  |TAMS 0x00000000b1b00000| PB 0x00000000b1b00000| Untracked 
| 240|0x00000000b1c00000, 0x00000000b1c00000, 0x00000000b1d00000|  0%| F|  |TAMS 0x00000000b1c00000| PB 0x00000000b1c00000| Untracked 
| 241|0x00000000b1d00000, 0x00000000b1d00000, 0x00000000b1e00000|  0%| F|  |TAMS 0x00000000b1d00000| PB 0x00000000b1d00000| Untracked 
| 242|0x00000000b1e00000, 0x00000000b1e00000, 0x00000000b1f00000|  0%| F|  |TAMS 0x00000000b1e00000| PB 0x00000000b1e00000| Untracked 
| 243|0x00000000b1f00000, 0x00000000b1f00000, 0x00000000b2000000|  0%| F|  |TAMS 0x00000000b1f00000| PB 0x00000000b1f00000| Untracked 
| 244|0x00000000b2000000, 0x00000000b2000000, 0x00000000b2100000|  0%| F|  |TAMS 0x00000000b2000000| PB 0x00000000b2000000| Untracked 
| 245|0x00000000b2100000, 0x00000000b2100000, 0x00000000b2200000|  0%| F|  |TAMS 0x00000000b2100000| PB 0x00000000b2100000| Untracked 
| 246|0x00000000b2200000, 0x00000000b2200000, 0x00000000b2300000|  0%| F|  |TAMS 0x00000000b2200000| PB 0x00000000b2200000| Untracked 
| 247|0x00000000b2300000, 0x00000000b2300000, 0x00000000b2400000|  0%| F|  |TAMS 0x00000000b2300000| PB 0x00000000b2300000| Untracked 
| 248|0x00000000b2400000, 0x00000000b2400000, 0x00000000b2500000|  0%| F|  |TAMS 0x00000000b2400000| PB 0x00000000b2400000| Untracked 
| 249|0x00000000b2500000, 0x00000000b2500000, 0x00000000b2600000|  0%| F|  |TAMS 0x00000000b2500000| PB 0x00000000b2500000| Untracked 
| 250|0x00000000b2600000, 0x00000000b2600000, 0x00000000b2700000|  0%| F|  |TAMS 0x00000000b2600000| PB 0x00000000b2600000| Untracked 
| 251|0x00000000b2700000, 0x00000000b2700000, 0x00000000b2800000|  0%| F|  |TAMS 0x00000000b2700000| PB 0x00000000b2700000| Untracked 
| 252|0x00000000b2800000, 0x00000000b2800000, 0x00000000b2900000|  0%| F|  |TAMS 0x00000000b2800000| PB 0x00000000b2800000| Untracked 
| 253|0x00000000b2900000, 0x00000000b2900000, 0x00000000b2a00000|  0%| F|  |TAMS 0x00000000b2900000| PB 0x00000000b2900000| Untracked 
| 254|0x00000000b2a00000, 0x00000000b2a00000, 0x00000000b2b00000|  0%| F|  |TAMS 0x00000000b2a00000| PB 0x00000000b2a00000| Untracked 
| 255|0x00000000b2b00000, 0x00000000b2b00000, 0x00000000b2c00000|  0%| F|  |TAMS 0x00000000b2b00000| PB 0x00000000b2b00000| Untracked 
| 256|0x00000000b2c00000, 0x00000000b2c00000, 0x00000000b2d00000|  0%| F|  |TAMS 0x00000000b2c00000| PB 0x00000000b2c00000| Untracked 
| 257|0x00000000b2d00000, 0x00000000b2d00000, 0x00000000b2e00000|  0%| F|  |TAMS 0x00000000b2d00000| PB 0x00000000b2d00000| Untracked 
| 258|0x00000000b2e00000, 0x00000000b2e00000, 0x00000000b2f00000|  0%| F|  |TAMS 0x00000000b2e00000| PB 0x00000000b2e00000| Untracked 
| 259|0x00000000b2f00000, 0x00000000b2f00000, 0x00000000b3000000|  0%| F|  |TAMS 0x00000000b2f00000| PB 0x00000000b2f00000| Untracked 
| 260|0x00000000b3000000, 0x00000000b3000000, 0x00000000b3100000|  0%| F|  |TAMS 0x00000000b3000000| PB 0x00000000b3000000| Untracked 
| 261|0x00000000b3100000, 0x00000000b3100000, 0x00000000b3200000|  0%| F|  |TAMS 0x00000000b3100000| PB 0x00000000b3100000| Untracked 
| 262|0x00000000b3200000, 0x00000000b3200000, 0x00000000b3300000|  0%| F|  |TAMS 0x00000000b3200000| PB 0x00000000b3200000| Untracked 
| 263|0x00000000b3300000, 0x00000000b3300000, 0x00000000b3400000|  0%| F|  |TAMS 0x00000000b3300000| PB 0x00000000b3300000| Untracked 
| 264|0x00000000b3400000, 0x00000000b3400000, 0x00000000b3500000|  0%| F|  |TAMS 0x00000000b3400000| PB 0x00000000b3400000| Untracked 
| 265|0x00000000b3500000, 0x00000000b3500000, 0x00000000b3600000|  0%| F|  |TAMS 0x00000000b3500000| PB 0x00000000b3500000| Untracked 
| 266|0x00000000b3600000, 0x00000000b3600000, 0x00000000b3700000|  0%| F|  |TAMS 0x00000000b3600000| PB 0x00000000b3600000| Untracked 
| 267|0x00000000b3700000, 0x00000000b3700000, 0x00000000b3800000|  0%| F|  |TAMS 0x00000000b3700000| PB 0x00000000b3700000| Untracked 
| 268|0x00000000b3800000, 0x00000000b3800000, 0x00000000b3900000|  0%| F|  |TAMS 0x00000000b3800000| PB 0x00000000b3800000| Untracked 
| 269|0x00000000b3900000, 0x00000000b3900000, 0x00000000b3a00000|  0%| F|  |TAMS 0x00000000b3900000| PB 0x00000000b3900000| Untracked 
| 270|0x00000000b3a00000, 0x00000000b3a00000, 0x00000000b3b00000|  0%| F|  |TAMS 0x00000000b3a00000| PB 0x00000000b3a00000| Untracked 
| 271|0x00000000b3b00000, 0x00000000b3b00000, 0x00000000b3c00000|  0%| F|  |TAMS 0x00000000b3b00000| PB 0x00000000b3b00000| Untracked 
| 272|0x00000000b3c00000, 0x00000000b3c00000, 0x00000000b3d00000|  0%| F|  |TAMS 0x00000000b3c00000| PB 0x00000000b3c00000| Untracked 
| 273|0x00000000b3d00000, 0x00000000b3d00000, 0x00000000b3e00000|  0%| F|  |TAMS 0x00000000b3d00000| PB 0x00000000b3d00000| Untracked 
| 274|0x00000000b3e00000, 0x00000000b3e00000, 0x00000000b3f00000|  0%| F|  |TAMS 0x00000000b3e00000| PB 0x00000000b3e00000| Untracked 
| 275|0x00000000b3f00000, 0x00000000b3f00000, 0x00000000b4000000|  0%| F|  |TAMS 0x00000000b3f00000| PB 0x00000000b3f00000| Untracked 
| 276|0x00000000b4000000, 0x00000000b4000000, 0x00000000b4100000|  0%| F|  |TAMS 0x00000000b4000000| PB 0x00000000b4000000| Untracked 
| 277|0x00000000b4100000, 0x00000000b4100000, 0x00000000b4200000|  0%| F|  |TAMS 0x00000000b4100000| PB 0x00000000b4100000| Untracked 
| 278|0x00000000b4200000, 0x00000000b4200000, 0x00000000b4300000|  0%| F|  |TAMS 0x00000000b4200000| PB 0x00000000b4200000| Untracked 
| 279|0x00000000b4300000, 0x00000000b4300000, 0x00000000b4400000|  0%| F|  |TAMS 0x00000000b4300000| PB 0x00000000b4300000| Untracked 
| 280|0x00000000b4400000, 0x00000000b4400000, 0x00000000b4500000|  0%| F|  |TAMS 0x00000000b4400000| PB 0x00000000b4400000| Untracked 
| 281|0x00000000b4500000, 0x00000000b4500000, 0x00000000b4600000|  0%| F|  |TAMS 0x00000000b4500000| PB 0x00000000b4500000| Untracked 
| 282|0x00000000b4600000, 0x00000000b4600000, 0x00000000b4700000|  0%| F|  |TAMS 0x00000000b4600000| PB 0x00000000b4600000| Untracked 
| 283|0x00000000b4700000, 0x00000000b4700000, 0x00000000b4800000|  0%| F|  |TAMS 0x00000000b4700000| PB 0x00000000b4700000| Untracked 
| 284|0x00000000b4800000, 0x00000000b4800000, 0x00000000b4900000|  0%| F|  |TAMS 0x00000000b4800000| PB 0x00000000b4800000| Untracked 
| 285|0x00000000b4900000, 0x00000000b4900000, 0x00000000b4a00000|  0%| F|  |TAMS 0x00000000b4900000| PB 0x00000000b4900000| Untracked 
| 286|0x00000000b4a00000, 0x00000000b4a00000, 0x00000000b4b00000|  0%| F|  |TAMS 0x00000000b4a00000| PB 0x00000000b4a00000| Untracked 
| 287|0x00000000b4b00000, 0x00000000b4b00000, 0x00000000b4c00000|  0%| F|  |TAMS 0x00000000b4b00000| PB 0x00000000b4b00000| Untracked 
| 288|0x00000000b4c00000, 0x00000000b4d00000, 0x00000000b4d00000|100%| E|  |TAMS 0x00000000b4c00000| PB 0x00000000b4c00000| Complete 
| 289|0x00000000b4d00000, 0x00000000b4e00000, 0x00000000b4e00000|100%| E|CS|TAMS 0x00000000b4d00000| PB 0x00000000b4d00000| Complete 
| 290|0x00000000b4e00000, 0x00000000b4f00000, 0x00000000b4f00000|100%| E|CS|TAMS 0x00000000b4e00000| PB 0x00000000b4e00000| Complete 
| 291|0x00000000b4f00000, 0x00000000b5000000, 0x00000000b5000000|100%| E|CS|TAMS 0x00000000b4f00000| PB 0x00000000b4f00000| Complete 
| 292|0x00000000b5000000, 0x00000000b5100000, 0x00000000b5100000|100%| E|CS|TAMS 0x00000000b5000000| PB 0x00000000b5000000| Complete 
| 293|0x00000000b5100000, 0x00000000b5200000, 0x00000000b5200000|100%| E|CS|TAMS 0x00000000b5100000| PB 0x00000000b5100000| Complete 
| 294|0x00000000b5200000, 0x00000000b5300000, 0x00000000b5300000|100%| E|CS|TAMS 0x00000000b5200000| PB 0x00000000b5200000| Complete 
| 295|0x00000000b5300000, 0x00000000b5400000, 0x00000000b5400000|100%| E|CS|TAMS 0x00000000b5300000| PB 0x00000000b5300000| Complete 
| 296|0x00000000b5400000, 0x00000000b5500000, 0x00000000b5500000|100%| E|CS|TAMS 0x00000000b5400000| PB 0x00000000b5400000| Complete 
| 297|0x00000000b5500000, 0x00000000b5600000, 0x00000000b5600000|100%| E|CS|TAMS 0x00000000b5500000| PB 0x00000000b5500000| Complete 
| 298|0x00000000b5600000, 0x00000000b5700000, 0x00000000b5700000|100%| E|CS|TAMS 0x00000000b5600000| PB 0x00000000b5600000| Complete 
| 299|0x00000000b5700000, 0x00000000b5800000, 0x00000000b5800000|100%| E|CS|TAMS 0x00000000b5700000| PB 0x00000000b5700000| Complete 
| 300|0x00000000b5800000, 0x00000000b5900000, 0x00000000b5900000|100%| E|CS|TAMS 0x00000000b5800000| PB 0x00000000b5800000| Complete 
| 301|0x00000000b5900000, 0x00000000b5a00000, 0x00000000b5a00000|100%| E|CS|TAMS 0x00000000b5900000| PB 0x00000000b5900000| Complete 
| 302|0x00000000b5a00000, 0x00000000b5b00000, 0x00000000b5b00000|100%| E|CS|TAMS 0x00000000b5a00000| PB 0x00000000b5a00000| Complete 
| 303|0x00000000b5b00000, 0x00000000b5c00000, 0x00000000b5c00000|100%| E|CS|TAMS 0x00000000b5b00000| PB 0x00000000b5b00000| Complete 
| 304|0x00000000b5c00000, 0x00000000b5d00000, 0x00000000b5d00000|100%| E|CS|TAMS 0x00000000b5c00000| PB 0x00000000b5c00000| Complete 
| 305|0x00000000b5d00000, 0x00000000b5e00000, 0x00000000b5e00000|100%| E|CS|TAMS 0x00000000b5d00000| PB 0x00000000b5d00000| Complete 
| 306|0x00000000b5e00000, 0x00000000b5f00000, 0x00000000b5f00000|100%| E|CS|TAMS 0x00000000b5e00000| PB 0x00000000b5e00000| Complete 
| 307|0x00000000b5f00000, 0x00000000b6000000, 0x00000000b6000000|100%| E|CS|TAMS 0x00000000b5f00000| PB 0x00000000b5f00000| Complete 
| 308|0x00000000b6000000, 0x00000000b6100000, 0x00000000b6100000|100%| E|CS|TAMS 0x00000000b6000000| PB 0x00000000b6000000| Complete 
| 309|0x00000000b6100000, 0x00000000b6200000, 0x00000000b6200000|100%| E|CS|TAMS 0x00000000b6100000| PB 0x00000000b6100000| Complete 
| 310|0x00000000b6200000, 0x00000000b6300000, 0x00000000b6300000|100%| E|CS|TAMS 0x00000000b6200000| PB 0x00000000b6200000| Complete 
| 311|0x00000000b6300000, 0x00000000b6400000, 0x00000000b6400000|100%| E|CS|TAMS 0x00000000b6300000| PB 0x00000000b6300000| Complete 
| 312|0x00000000b6400000, 0x00000000b6500000, 0x00000000b6500000|100%| E|CS|TAMS 0x00000000b6400000| PB 0x00000000b6400000| Complete 
| 313|0x00000000b6500000, 0x00000000b6600000, 0x00000000b6600000|100%| E|CS|TAMS 0x00000000b6500000| PB 0x00000000b6500000| Complete 
| 314|0x00000000b6600000, 0x00000000b6700000, 0x00000000b6700000|100%| E|CS|TAMS 0x00000000b6600000| PB 0x00000000b6600000| Complete 
| 315|0x00000000b6700000, 0x00000000b6800000, 0x00000000b6800000|100%| E|CS|TAMS 0x00000000b6700000| PB 0x00000000b6700000| Complete 
| 316|0x00000000b6800000, 0x00000000b6900000, 0x00000000b6900000|100%| E|CS|TAMS 0x00000000b6800000| PB 0x00000000b6800000| Complete 
| 317|0x00000000b6900000, 0x00000000b6a00000, 0x00000000b6a00000|100%| E|CS|TAMS 0x00000000b6900000| PB 0x00000000b6900000| Complete 
| 318|0x00000000b6a00000, 0x00000000b6b00000, 0x00000000b6b00000|100%| E|CS|TAMS 0x00000000b6a00000| PB 0x00000000b6a00000| Complete 
| 319|0x00000000b6b00000, 0x00000000b6c00000, 0x00000000b6c00000|100%| E|CS|TAMS 0x00000000b6b00000| PB 0x00000000b6b00000| Complete 
| 320|0x00000000b6c00000, 0x00000000b6d00000, 0x00000000b6d00000|100%| E|CS|TAMS 0x00000000b6c00000| PB 0x00000000b6c00000| Complete 
| 321|0x00000000b6d00000, 0x00000000b6e00000, 0x00000000b6e00000|100%| E|CS|TAMS 0x00000000b6d00000| PB 0x00000000b6d00000| Complete 
| 322|0x00000000b6e00000, 0x00000000b6f00000, 0x00000000b6f00000|100%| E|CS|TAMS 0x00000000b6e00000| PB 0x00000000b6e00000| Complete 
| 323|0x00000000b6f00000, 0x00000000b7000000, 0x00000000b7000000|100%| E|CS|TAMS 0x00000000b6f00000| PB 0x00000000b6f00000| Complete 
| 324|0x00000000b7000000, 0x00000000b7100000, 0x00000000b7100000|100%| E|CS|TAMS 0x00000000b7000000| PB 0x00000000b7000000| Complete 
| 325|0x00000000b7100000, 0x00000000b7200000, 0x00000000b7200000|100%| E|CS|TAMS 0x00000000b7100000| PB 0x00000000b7100000| Complete 
| 326|0x00000000b7200000, 0x00000000b7300000, 0x00000000b7300000|100%| E|CS|TAMS 0x00000000b7200000| PB 0x00000000b7200000| Complete 
| 327|0x00000000b7300000, 0x00000000b7400000, 0x00000000b7400000|100%| E|CS|TAMS 0x00000000b7300000| PB 0x00000000b7300000| Complete 
| 328|0x00000000b7400000, 0x00000000b7500000, 0x00000000b7500000|100%| E|CS|TAMS 0x00000000b7400000| PB 0x00000000b7400000| Complete 
| 329|0x00000000b7500000, 0x00000000b7600000, 0x00000000b7600000|100%| E|CS|TAMS 0x00000000b7500000| PB 0x00000000b7500000| Complete 
| 330|0x00000000b7600000, 0x00000000b7700000, 0x00000000b7700000|100%| E|CS|TAMS 0x00000000b7600000| PB 0x00000000b7600000| Complete 
| 331|0x00000000b7700000, 0x00000000b7800000, 0x00000000b7800000|100%| E|CS|TAMS 0x00000000b7700000| PB 0x00000000b7700000| Complete 
| 332|0x00000000b7800000, 0x00000000b7900000, 0x00000000b7900000|100%| E|CS|TAMS 0x00000000b7800000| PB 0x00000000b7800000| Complete 
| 333|0x00000000b7900000, 0x00000000b7a00000, 0x00000000b7a00000|100%| E|CS|TAMS 0x00000000b7900000| PB 0x00000000b7900000| Complete 
| 334|0x00000000b7a00000, 0x00000000b7b00000, 0x00000000b7b00000|100%| E|CS|TAMS 0x00000000b7a00000| PB 0x00000000b7a00000| Complete 
| 335|0x00000000b7b00000, 0x00000000b7c00000, 0x00000000b7c00000|100%| E|CS|TAMS 0x00000000b7b00000| PB 0x00000000b7b00000| Complete 
| 336|0x00000000b7c00000, 0x00000000b7d00000, 0x00000000b7d00000|100%| E|CS|TAMS 0x00000000b7c00000| PB 0x00000000b7c00000| Complete 
| 337|0x00000000b7d00000, 0x00000000b7e00000, 0x00000000b7e00000|100%| E|CS|TAMS 0x00000000b7d00000| PB 0x00000000b7d00000| Complete 
| 338|0x00000000b7e00000, 0x00000000b7f00000, 0x00000000b7f00000|100%| E|CS|TAMS 0x00000000b7e00000| PB 0x00000000b7e00000| Complete 
| 339|0x00000000b7f00000, 0x00000000b8000000, 0x00000000b8000000|100%| E|CS|TAMS 0x00000000b7f00000| PB 0x00000000b7f00000| Complete 
| 340|0x00000000b8000000, 0x00000000b8100000, 0x00000000b8100000|100%| E|CS|TAMS 0x00000000b8000000| PB 0x00000000b8000000| Complete 
| 341|0x00000000b8100000, 0x00000000b8200000, 0x00000000b8200000|100%| E|CS|TAMS 0x00000000b8100000| PB 0x00000000b8100000| Complete 
| 342|0x00000000b8200000, 0x00000000b8300000, 0x00000000b8300000|100%| E|CS|TAMS 0x00000000b8200000| PB 0x00000000b8200000| Complete 
| 343|0x00000000b8300000, 0x00000000b8400000, 0x00000000b8400000|100%| E|CS|TAMS 0x00000000b8300000| PB 0x00000000b8300000| Complete 
| 344|0x00000000b8400000, 0x00000000b8500000, 0x00000000b8500000|100%| E|CS|TAMS 0x00000000b8400000| PB 0x00000000b8400000| Complete 
| 345|0x00000000b8500000, 0x00000000b8600000, 0x00000000b8600000|100%| E|CS|TAMS 0x00000000b8500000| PB 0x00000000b8500000| Complete 
| 346|0x00000000b8600000, 0x00000000b8700000, 0x00000000b8700000|100%| E|CS|TAMS 0x00000000b8600000| PB 0x00000000b8600000| Complete 
| 347|0x00000000b8700000, 0x00000000b8800000, 0x00000000b8800000|100%| E|CS|TAMS 0x00000000b8700000| PB 0x00000000b8700000| Complete 
|1486|0x00000000ffa00000, 0x00000000ffb00000, 0x00000000ffb00000|100%| O|Cm|TAMS 0x00000000ffa00000| PB 0x00000000ffa00000| Complete 
|1487|0x00000000ffb00000, 0x00000000ffc00000, 0x00000000ffc00000|100%| O|Cm|TAMS 0x00000000ffb00000| PB 0x00000000ffb00000| Complete 
|1488|0x00000000ffc00000, 0x00000000ffd00000, 0x00000000ffd00000|100%| O|  |TAMS 0x00000000ffc00000| PB 0x00000000ffc00000| Untracked 
|1489|0x00000000ffd00000, 0x00000000ffe00000, 0x00000000ffe00000|100%| E|CS|TAMS 0x00000000ffd00000| PB 0x00000000ffd00000| Complete 
|1490|0x00000000ffe00000, 0x00000000fff00000, 0x00000000fff00000|100%| E|CS|TAMS 0x00000000ffe00000| PB 0x00000000ffe00000| Complete 
|1491|0x00000000fff00000, 0x0000000100000000, 0x0000000100000000|100%| O|  |TAMS 0x00000000fff00000| PB 0x00000000fff00000| Untracked 

Card table byte_map: [0x00000147fe970000,0x00000147fec60000] _byte_map_base: 0x00000147fe45a000

Marking Bits: (CMBitMap*) 0x00000147ec22e710
 Bits: [0x0000014780000000, 0x0000014781750000)

Polling page: 0x00000147ea000000

Metaspace:

Usage:
  Non-class:     62.46 MB used.
      Class:      7.86 MB used.
       Both:     70.32 MB used.

Virtual space:
  Non-class space:       64.00 MB reserved,      62.81 MB ( 98%) committed,  1 nodes.
      Class space:        1.00 GB reserved,       8.25 MB ( <1%) committed,  1 nodes.
             Both:        1.06 GB reserved,      71.06 MB (  7%) committed. 

Chunk freelists:
   Non-Class:  1.12 MB
       Class:  7.80 MB
        Both:  8.92 MB

MaxMetaspaceSize: unlimited
CompressedClassSpaceSize: 1.00 GB
Initial GC threshold: 21.00 MB
Current GC threshold: 118.44 MB
CDS: off
 - commit_granule_bytes: 65536.
 - commit_granule_words: 8192.
 - virtual_space_node_default_size: 8388608.
 - enlarge_chunks_in_place: 1.
 - use_allocation_guard: 0.


Internal statistics:

num_allocs_failed_limit: 3.
num_arena_births: 1290.
num_arena_deaths: 0.
num_vsnodes_births: 2.
num_vsnodes_deaths: 0.
num_space_committed: 1135.
num_space_uncommitted: 0.
num_chunks_returned_to_freelist: 3.
num_chunks_taken_from_freelist: 3862.
num_chunk_merges: 3.
num_chunk_splits: 2835.
num_chunks_enlarged: 2144.
num_inconsistent_stats: 0.

CodeHeap 'non-profiled nmethods': size=120000Kb used=15378Kb max_used=16154Kb free=104621Kb
 bounds [0x00000147f6e20000, 0x00000147f7df0000, 0x00000147fe350000]
CodeHeap 'profiled nmethods': size=120000Kb used=33379Kb max_used=41492Kb free=86620Kb
 bounds [0x00000147ef350000, 0x00000147f1be0000, 0x00000147f6880000]
CodeHeap 'non-nmethods': size=5760Kb used=1497Kb max_used=1572Kb free=4262Kb
 bounds [0x00000147f6880000, 0x00000147f6af0000, 0x00000147f6e20000]
CodeCache: size=245760Kb, used=50254Kb, max_used=59218Kb, free=195503Kb
 total_blobs=12932, nmethods=12280, adapters=553, full_count=0
Compilation: enabled, stopped_count=0, restarted_count=0

Compilation events (20 events):
Event: 122.871 Thread 0x00000147837d61b0 19523       3       org.jetbrains.kotlin.load.java.descriptors.JavaPropertyDescriptor::isConst (39 bytes)
Event: 122.873 Thread 0x00000147837d61b0 nmethod 19523 0x00000147ef7ac690 code [0x00000147ef7ac9a0, 0x00000147ef7ad7f8]
Event: 122.873 Thread 0x000001478963b070 nmethod 19522 0x00000147f7209390 code [0x00000147f7209560, 0x00000147f7209838]
Event: 122.943 Thread 0x000001478963b070 19524       4       org.jetbrains.kotlin.resolve.DescriptorToSourceUtils::descriptorToDeclaration (51 bytes)
Event: 122.996 Thread 0x000001478963b070 nmethod 19524 0x00000147f7a3fe10 code [0x00000147f7a40120, 0x00000147f7a410c0]
Event: 123.069 Thread 0x00000147837b8850 19525       4       java.lang.Long::intValue (6 bytes)
Event: 123.069 Thread 0x00000147837b8850 nmethod 19525 0x00000147f6e65d10 code [0x00000147f6e65ea0, 0x00000147f6e65f30]
Event: 123.163 Thread 0x00000147837b8850 19526       4       org.jetbrains.kotlin.resolve.AnnotationResolver::resolveAnnotationsFromModifierList (30 bytes)
Event: 123.391 Thread 0x00000147837d61b0 19531       3       org.jetbrains.kotlin.resolve.calls.components.InferenceSession$Companion$default$1::addErrorCallInfo (7 bytes)
Event: 123.392 Thread 0x00000147837d61b0 nmethod 19531 0x00000147efab5e10 code [0x00000147efab6020, 0x00000147efab6588]
Event: 123.544 Thread 0x00000147837d61b0 19533       1       org.jetbrains.kotlin.contracts.model.structure.ESCalls::getCallable (5 bytes)
Event: 123.545 Thread 0x00000147837d61b0 nmethod 19533 0x00000147f6e6a910 code [0x00000147f6e6aaa0, 0x00000147f6e6ab68]
Event: 123.545 Thread 0x00000147837d61b0 19534       1       org.jetbrains.kotlin.contracts.model.structure.ESCalls::getKind (5 bytes)
Event: 123.545 Thread 0x00000147837d61b0 nmethod 19534 0x00000147f6e7ca10 code [0x00000147f6e7cba0, 0x00000147f6e7cc68]
Event: 123.627 Thread 0x00000147837d61b0 19535       3       org.jetbrains.kotlin.resolve.constants.IntegerLiteralTypeConstructor$Companion::findCommonSuperTypeOrIntersectionType (110 bytes)
Event: 123.628 Thread 0x00000147837d61b0 nmethod 19535 0x00000147efa39c10 code [0x00000147efa39e80, 0x00000147efa3aa08]
Event: 123.662 Thread 0x00000147837d61b0 19536       3       org.jetbrains.kotlin.types.expressions.ExpressionTypingVisitorForStatements::visitIfExpression (10 bytes)
Event: 123.663 Thread 0x00000147837d61b0 nmethod 19536 0x00000147ef3e2c10 code [0x00000147ef3e2de0, 0x00000147ef3e3118]
Event: 123.663 Thread 0x00000147837d61b0 19537       3       org.jetbrains.kotlin.types.expressions.ExpressionTypingVisitorForStatements::visitIfExpression (19 bytes)
Event: 123.663 Thread 0x00000147837d61b0 nmethod 19537 0x00000147ef3dba10 code [0x00000147ef3dbbe0, 0x00000147ef3dbdc0]

GC Heap History (20 events):
Event: 71.119 GC heap before
{Heap before GC invocations=46 (full 0):
 garbage-first heap   total 234496K, used 213830K [0x00000000a2c00000, 0x0000000100000000)
  region size 1024K, 69 young (70656K), 6 survivors (6144K)
 Metaspace       used 69912K, committed 70592K, reserved 1114112K
  class space    used 7910K, committed 8256K, reserved 1048576K
}
Event: 71.140 GC heap after
{Heap after GC invocations=47 (full 0):
 garbage-first heap   total 234496K, used 155344K [0x00000000a2c00000, 0x0000000100000000)
  region size 1024K, 6 young (6144K), 6 survivors (6144K)
 Metaspace       used 69912K, committed 70592K, reserved 1114112K
  class space    used 7910K, committed 8256K, reserved 1048576K
}
Event: 76.068 GC heap before
{Heap before GC invocations=48 (full 0):
 garbage-first heap   total 260096K, used 216784K [0x00000000a2c00000, 0x0000000100000000)
  region size 1024K, 66 young (67584K), 6 survivors (6144K)
 Metaspace       used 70117K, committed 70848K, reserved 1114112K
  class space    used 7921K, committed 8320K, reserved 1048576K
}
Event: 76.089 GC heap after
{Heap after GC invocations=49 (full 0):
 garbage-first heap   total 260096K, used 161096K [0x00000000a2c00000, 0x0000000100000000)
  region size 1024K, 6 young (6144K), 6 survivors (6144K)
 Metaspace       used 70117K, committed 70848K, reserved 1114112K
  class space    used 7921K, committed 8320K, reserved 1048576K
}
Event: 81.465 GC heap before
{Heap before GC invocations=49 (full 0):
 garbage-first heap   total 260096K, used 249160K [0x00000000a2c00000, 0x0000000100000000)
  region size 1024K, 83 young (84992K), 6 survivors (6144K)
 Metaspace       used 70367K, committed 71104K, reserved 1114112K
  class space    used 7939K, committed 8320K, reserved 1048576K
}
Event: 81.493 GC heap after
{Heap after GC invocations=50 (full 0):
 garbage-first heap   total 264192K, used 174571K [0x00000000a2c00000, 0x0000000100000000)
  region size 1024K, 11 young (11264K), 11 survivors (11264K)
 Metaspace       used 70367K, committed 71104K, reserved 1114112K
  class space    used 7939K, committed 8320K, reserved 1048576K
}
Event: 86.343 GC heap before
{Heap before GC invocations=50 (full 0):
 garbage-first heap   total 264192K, used 246251K [0x00000000a2c00000, 0x0000000100000000)
  region size 1024K, 81 young (82944K), 11 survivors (11264K)
 Metaspace       used 70567K, committed 71296K, reserved 1114112K
  class space    used 7939K, committed 8320K, reserved 1048576K
}
Event: 86.382 GC heap after
{Heap after GC invocations=51 (full 0):
 garbage-first heap   total 264192K, used 179938K [0x00000000a2c00000, 0x0000000100000000)
  region size 1024K, 11 young (11264K), 11 survivors (11264K)
 Metaspace       used 70567K, committed 71296K, reserved 1114112K
  class space    used 7939K, committed 8320K, reserved 1048576K
}
Event: 91.047 GC heap before
{Heap before GC invocations=52 (full 0):
 garbage-first heap   total 296960K, used 246498K [0x00000000a2c00000, 0x0000000100000000)
  region size 1024K, 78 young (79872K), 11 survivors (11264K)
 Metaspace       used 70812K, committed 71552K, reserved 1114112K
  class space    used 7941K, committed 8320K, reserved 1048576K
}
Event: 91.077 GC heap after
{Heap after GC invocations=53 (full 0):
 garbage-first heap   total 296960K, used 184139K [0x00000000a2c00000, 0x0000000100000000)
  region size 1024K, 6 young (6144K), 6 survivors (6144K)
 Metaspace       used 70812K, committed 71552K, reserved 1114112K
  class space    used 7941K, committed 8320K, reserved 1048576K
}
Event: 97.219 GC heap before
{Heap before GC invocations=53 (full 0):
 garbage-first heap   total 296960K, used 276299K [0x00000000a2c00000, 0x0000000100000000)
  region size 1024K, 96 young (98304K), 6 survivors (6144K)
 Metaspace       used 70922K, committed 71680K, reserved 1114112K
  class space    used 7943K, committed 8320K, reserved 1048576K
}
Event: 97.244 GC heap after
{Heap after GC invocations=54 (full 0):
 garbage-first heap   total 296960K, used 189403K [0x00000000a2c00000, 0x0000000100000000)
  region size 1024K, 12 young (12288K), 12 survivors (12288K)
 Metaspace       used 70922K, committed 71680K, reserved 1114112K
  class space    used 7943K, committed 8320K, reserved 1048576K
}
Event: 102.511 GC heap before
{Heap before GC invocations=54 (full 0):
 garbage-first heap   total 296960K, used 277467K [0x00000000a2c00000, 0x0000000100000000)
  region size 1024K, 98 young (100352K), 12 survivors (12288K)
 Metaspace       used 71535K, committed 72320K, reserved 1114112K
  class space    used 8023K, committed 8384K, reserved 1048576K
}
Event: 102.564 GC heap after
{Heap after GC invocations=55 (full 0):
 garbage-first heap   total 300032K, used 197031K [0x00000000a2c00000, 0x0000000100000000)
  region size 1024K, 9 young (9216K), 9 survivors (9216K)
 Metaspace       used 71535K, committed 72320K, reserved 1114112K
  class space    used 8023K, committed 8384K, reserved 1048576K
}
Event: 111.202 GC heap before
{Heap before GC invocations=56 (full 0):
 garbage-first heap   total 329728K, used 279975K [0x00000000a2c00000, 0x0000000100000000)
  region size 1024K, 90 young (92160K), 9 survivors (9216K)
 Metaspace       used 71775K, committed 72576K, reserved 1114112K
  class space    used 8045K, committed 8448K, reserved 1048576K
}
Event: 111.230 GC heap after
{Heap after GC invocations=57 (full 0):
 garbage-first heap   total 329728K, used 204291K [0x00000000a2c00000, 0x0000000100000000)
  region size 1024K, 7 young (7168K), 7 survivors (7168K)
 Metaspace       used 71775K, committed 72576K, reserved 1114112K
  class space    used 8045K, committed 8448K, reserved 1048576K
}
Event: 116.300 GC heap before
{Heap before GC invocations=57 (full 0):
 garbage-first heap   total 329728K, used 305667K [0x00000000a2c00000, 0x0000000100000000)
  region size 1024K, 106 young (108544K), 7 survivors (7168K)
 Metaspace       used 71951K, committed 72704K, reserved 1114112K
  class space    used 8053K, committed 8448K, reserved 1048576K
}
Event: 116.325 GC heap after
{Heap after GC invocations=58 (full 0):
 garbage-first heap   total 329728K, used 210373K [0x00000000a2c00000, 0x0000000100000000)
  region size 1024K, 14 young (14336K), 14 survivors (14336K)
 Metaspace       used 71951K, committed 72704K, reserved 1114112K
  class space    used 8053K, committed 8448K, reserved 1048576K
}
Event: 120.623 GC heap before
{Heap before GC invocations=58 (full 0):
 garbage-first heap   total 329728K, used 307653K [0x00000000a2c00000, 0x0000000100000000)
  region size 1024K, 109 young (111616K), 14 survivors (14336K)
 Metaspace       used 71996K, committed 72768K, reserved 1114112K
  class space    used 8053K, committed 8448K, reserved 1048576K
}
Event: 120.659 GC heap after
{Heap after GC invocations=59 (full 0):
 garbage-first heap   total 329728K, used 215953K [0x00000000a2c00000, 0x0000000100000000)
  region size 1024K, 13 young (13312K), 13 survivors (13312K)
 Metaspace       used 71996K, committed 72768K, reserved 1114112K
  class space    used 8053K, committed 8448K, reserved 1048576K
}

Dll operation events (3 events):
Event: 0.030 Loaded shared library C:\Program Files\Android\Android Studio\jbr\bin\java.dll
Event: 0.040 Loaded shared library C:\Program Files\Android\Android Studio\jbr\bin\zip.dll
Event: 2.206 Loaded shared library C:\Program Files\Android\Android Studio\jbr\bin\verify.dll

Deoptimization events (20 events):
Event: 118.538 Thread 0x00000147ec1e8e90 Uncommon trap: trap_request=0xffffffbe fr.pc=0x00000147f7d63f70 relative=0x0000000000002850
Event: 118.538 Thread 0x00000147ec1e8e90 Uncommon trap: reason=profile_predicate action=maybe_recompile pc=0x00000147f7d63f70 method=org.jetbrains.kotlin.resolve.calls.smartcasts.DataFlowInfoImpl$Companion.create(Lorg/jetbrains/kotlin/resolve/calls/smartcasts/DataFlowInfo;Ljava/util/Map;Ljava/la
Event: 118.538 Thread 0x00000147ec1e8e90 DEOPT PACKING pc=0x00000147f7d63f70 sp=0x00000025b75fc9c0
Event: 118.538 Thread 0x00000147ec1e8e90 DEOPT UNPACKING pc=0x00000147f68d43a2 sp=0x00000025b75fc978 mode 2
Event: 118.538 Thread 0x00000147ec1e8e90 Uncommon trap: trap_request=0xffffffbe fr.pc=0x00000147f7d63f70 relative=0x0000000000002850
Event: 118.538 Thread 0x00000147ec1e8e90 Uncommon trap: reason=profile_predicate action=maybe_recompile pc=0x00000147f7d63f70 method=org.jetbrains.kotlin.resolve.calls.smartcasts.DataFlowInfoImpl$Companion.create(Lorg/jetbrains/kotlin/resolve/calls/smartcasts/DataFlowInfo;Ljava/util/Map;Ljava/la
Event: 118.538 Thread 0x00000147ec1e8e90 DEOPT PACKING pc=0x00000147f7d63f70 sp=0x00000025b75fcf50
Event: 118.538 Thread 0x00000147ec1e8e90 DEOPT UNPACKING pc=0x00000147f68d43a2 sp=0x00000025b75fcf08 mode 2
Event: 120.177 Thread 0x00000147ec1e8e90 Uncommon trap: trap_request=0xffffff45 fr.pc=0x00000147f7a9d5b0 relative=0x00000000000000f0
Event: 120.177 Thread 0x00000147ec1e8e90 Uncommon trap: reason=unstable_if action=reinterpret pc=0x00000147f7a9d5b0 method=org.jetbrains.kotlin.resolve.calls.tower.PSICallResolver.refineNameForRemOperator(ZLorg/jetbrains/kotlin/name/Name;)Lorg/jetbrains/kotlin/name/Name; @ 14 c2
Event: 120.177 Thread 0x00000147ec1e8e90 DEOPT PACKING pc=0x00000147f7a9d5b0 sp=0x00000025b75fc430
Event: 120.177 Thread 0x00000147ec1e8e90 DEOPT UNPACKING pc=0x00000147f68d43a2 sp=0x00000025b75fc3b0 mode 2
Event: 120.345 Thread 0x00000147ec1e8e90 Uncommon trap: trap_request=0xffffffde fr.pc=0x00000147f7c88690 relative=0x0000000000001530
Event: 120.345 Thread 0x00000147ec1e8e90 Uncommon trap: reason=class_check action=maybe_recompile pc=0x00000147f7c88690 method=org.jetbrains.kotlin.resolve.calls.smartcasts.IdentifierInfoKt.getIdForStableIdentifier(Lorg/jetbrains/kotlin/psi/KtExpression;Lorg/jetbrains/kotlin/resolve/BindingConte
Event: 120.345 Thread 0x00000147ec1e8e90 DEOPT PACKING pc=0x00000147f7c88690 sp=0x00000025b75fa270
Event: 120.345 Thread 0x00000147ec1e8e90 DEOPT UNPACKING pc=0x00000147f68d43a2 sp=0x00000025b75fa228 mode 2
Event: 120.345 Thread 0x00000147ec1e8e90 Uncommon trap: trap_request=0xffffffde fr.pc=0x00000147f7819814 relative=0x0000000000003114
Event: 120.345 Thread 0x00000147ec1e8e90 Uncommon trap: reason=class_check action=maybe_recompile pc=0x00000147f7819814 method=org.jetbrains.kotlin.resolve.calls.smartcasts.IdentifierInfoKt.getIdForSimpleNameExpression(Lorg/jetbrains/kotlin/psi/KtSimpleNameExpression;Lorg/jetbrains/kotlin/resolv
Event: 120.345 Thread 0x00000147ec1e8e90 DEOPT PACKING pc=0x00000147f7819814 sp=0x00000025b75fa180
Event: 120.345 Thread 0x00000147ec1e8e90 DEOPT UNPACKING pc=0x00000147f68d43a2 sp=0x00000025b75fa178 mode 2

Classes loaded (20 events):
Event: 33.644 Loading class jdk/internal/math/FloatingDecimal$ASCIIToBinaryConverter done
Event: 33.644 Loading class jdk/internal/math/FloatingDecimal$PreparedASCIIToBinaryBuffer done
Event: 33.644 Loading class jdk/internal/math/FloatingDecimal$ASCIIToBinaryBuffer
Event: 33.645 Loading class jdk/internal/math/FloatingDecimal$ASCIIToBinaryBuffer done
Event: 34.637 Loading class java/util/Collections$CopiesList
Event: 34.638 Loading class java/util/Collections$CopiesList done
Event: 45.494 Loading class java/util/regex/Pattern$Bound
Event: 45.518 Loading class java/util/regex/Pattern$Bound done
Event: 45.525 Loading class java/util/regex/Pattern$LookBehindEndNode
Event: 45.529 Loading class java/util/regex/Pattern$LookBehindEndNode done
Event: 45.530 Loading class java/util/regex/Pattern$NotBehind
Event: 45.537 Loading class java/util/regex/Pattern$NotBehind done
Event: 111.954 Loading class java/time/Instant
Event: 112.004 Loading class java/time/temporal/Temporal
Event: 112.006 Loading class java/time/temporal/TemporalAccessor
Event: 112.008 Loading class java/time/temporal/TemporalAccessor done
Event: 112.009 Loading class java/time/temporal/Temporal done
Event: 112.010 Loading class java/time/temporal/TemporalAdjuster
Event: 112.011 Loading class java/time/temporal/TemporalAdjuster done
Event: 112.011 Loading class java/time/Instant done

Classes unloaded (0 events):
No events

Classes redefined (0 events):
No events

Internal exceptions (20 events):
Event: 19.539 Thread 0x00000147ec1e8e90 Implicit null exception at 0x00000147f7068b91 to 0x00000147f7068d80
Event: 19.541 Thread 0x00000147ec1e8e90 Implicit null exception at 0x00000147f6fc1f9a to 0x00000147f6fc219c
Event: 23.124 Thread 0x00000147ec1e8e90 Exception <a 'java/lang/NoSuchMethodError'{0x00000000ab802240}: 'java.lang.Object java.lang.invoke.DirectMethodHandle$Holder.invokeSpecial(java.lang.Object, java.lang.Object, java.lang.Object, java.lang.Object, java.lang.Object, java.lang.Object, int)'> (0x00000000ab802240) 
thrown [s\src\hotspot\share\interpreter\linkResolver.cpp, line 784]
Event: 25.752 Thread 0x00000147ec1e8e90 Exception <a 'java/lang/NoSuchMethodError'{0x00000000ab4d0be0}: 'java.lang.Object java.lang.invoke.DirectMethodHandle$Holder.newInvokeSpecial(java.lang.Object, int, java.lang.Object)'> (0x00000000ab4d0be0) 
thrown [s\src\hotspot\share\interpreter\linkResolver.cpp, line 784]
Event: 25.754 Thread 0x00000147ec1e8e90 Exception <a 'java/lang/NoSuchMethodError'{0x00000000ab4d6b20}: 'int java.lang.invoke.DirectMethodHandle$Holder.invokeInterface(java.lang.Object, java.lang.Object)'> (0x00000000ab4d6b20) 
thrown [s\src\hotspot\share\interpreter\linkResolver.cpp, line 784]
Event: 28.742 Thread 0x00000147ec1e8e90 Implicit null exception at 0x00000147f6fcc48f to 0x00000147f6fcca28
Event: 30.231 Thread 0x00000147ec1e8e90 Exception <a 'java/lang/IncompatibleClassChangeError'{0x00000000adb263c8}: Found class java.lang.Object, but interface was expected> (0x00000000adb263c8) 
thrown [s\src\hotspot\share\interpreter\linkResolver.cpp, line 851]
Event: 31.073 Thread 0x00000147ec1e8e90 Exception <a 'java/lang/NoSuchMethodError'{0x00000000ad496ef8}: 'void java.lang.invoke.DirectMethodHandle$Holder.invokeSpecial(java.lang.Object, java.lang.Object, int, java.lang.Object)'> (0x00000000ad496ef8) 
thrown [s\src\hotspot\share\interpreter\linkResolver.cpp, line 784]
Event: 33.572 Thread 0x00000147ec1e8e90 Exception <a 'java/lang/NoSuchMethodError'{0x00000000ac7f0050}: 'java.lang.Object java.lang.invoke.DirectMethodHandle$Holder.newInvokeSpecial(java.lang.Object, int, java.lang.Object, java.lang.Object)'> (0x00000000ac7f0050) 
thrown [s\src\hotspot\share\interpreter\linkResolver.cpp, line 784]
Event: 56.460 Thread 0x00000147ec1e8e90 Implicit null exception at 0x00000147f71ea025 to 0x00000147f71ea4d4
Event: 56.533 Thread 0x00000147ec1e8e90 Implicit null exception at 0x00000147f71918a2 to 0x00000147f7191d54
Event: 63.503 Thread 0x00000147ec1e8e90 Implicit null exception at 0x00000147f6f3dfa5 to 0x00000147f6f3e1f4
Event: 67.194 Thread 0x00000147ec1e8e90 Implicit null exception at 0x00000147f70d11dd to 0x00000147f70d1284
Event: 78.091 Thread 0x00000147ec1e8e90 Implicit null exception at 0x00000147f7587837 to 0x00000147f75888f4
Event: 84.152 Thread 0x00000147ec1e8e90 Implicit null exception at 0x00000147f7aebde5 to 0x00000147f7af1268
Event: 97.845 Thread 0x00000147ec1e8e90 Implicit null exception at 0x00000147f721d33f to 0x00000147f721dbb4
Event: 99.975 Thread 0x00000147ec1e8e90 Implicit null exception at 0x00000147f72a2449 to 0x00000147f72a2511
Event: 99.989 Thread 0x00000147ec1e8e90 Implicit null exception at 0x00000147f766c4c8 to 0x00000147f766cc6c
Event: 108.415 Thread 0x00000147ec1e8e90 Implicit null exception at 0x00000147f7a77b83 to 0x00000147f7a78df8
Event: 111.729 Thread 0x00000147ec1e8e90 Implicit null exception at 0x00000147f78dee5b to 0x00000147f78e05c5

ZGC Phase Switch (0 events):
No events

VM Operations (20 events):
Event: 116.299 Executing VM operation: G1CollectForAllocation (G1 Evacuation Pause)
Event: 116.325 Executing VM operation: G1CollectForAllocation (G1 Evacuation Pause) done
Event: 117.334 Executing VM operation: Cleanup
Event: 117.334 Executing VM operation: Cleanup done
Event: 118.338 Executing VM operation: Cleanup
Event: 118.339 Executing VM operation: Cleanup done
Event: 119.344 Executing VM operation: Cleanup
Event: 119.345 Executing VM operation: Cleanup done
Event: 120.351 Executing VM operation: Cleanup
Event: 120.352 Executing VM operation: Cleanup done
Event: 120.623 Executing VM operation: G1CollectForAllocation (G1 Evacuation Pause)
Event: 120.659 Executing VM operation: G1CollectForAllocation (G1 Evacuation Pause) done
Event: 121.217 Executing VM operation: G1PauseRemark
Event: 121.277 Executing VM operation: G1PauseRemark done
Event: 121.476 Executing VM operation: G1PauseCleanup
Event: 121.477 Executing VM operation: G1PauseCleanup done
Event: 122.481 Executing VM operation: Cleanup
Event: 122.497 Executing VM operation: Cleanup done
Event: 123.511 Executing VM operation: Cleanup
Event: 123.512 Executing VM operation: Cleanup done

Memory protections (0 events):
No events

Nmethod flushes (20 events):
Event: 121.269 Thread 0x00000147ff6b94f0 flushing  nmethod 0x00000147eff2b810
Event: 121.269 Thread 0x00000147ff6b94f0 flushing  nmethod 0x00000147eff30310
Event: 121.269 Thread 0x00000147ff6b94f0 flushing  nmethod 0x00000147eff8bf10
Event: 121.269 Thread 0x00000147ff6b94f0 flushing  nmethod 0x00000147eff8c610
Event: 121.269 Thread 0x00000147ff6b94f0 flushing  nmethod 0x00000147eff8e010
Event: 121.269 Thread 0x00000147ff6b94f0 flushing  nmethod 0x00000147effc8610
Event: 121.269 Thread 0x00000147ff6b94f0 flushing  nmethod 0x00000147effd0510
Event: 121.269 Thread 0x00000147ff6b94f0 flushing  nmethod 0x00000147f0008310
Event: 121.269 Thread 0x00000147ff6b94f0 flushing  nmethod 0x00000147f0012b10
Event: 121.270 Thread 0x00000147ff6b94f0 flushing  nmethod 0x00000147f0095510
Event: 121.270 Thread 0x00000147ff6b94f0 flushing  nmethod 0x00000147f0107e10
Event: 121.270 Thread 0x00000147ff6b94f0 flushing  nmethod 0x00000147f0117c90
Event: 121.270 Thread 0x00000147ff6b94f0 flushing  nmethod 0x00000147f017a890
Event: 121.270 Thread 0x00000147ff6b94f0 flushing  nmethod 0x00000147f0219490
Event: 121.270 Thread 0x00000147ff6b94f0 flushing  nmethod 0x00000147f021c190
Event: 121.270 Thread 0x00000147ff6b94f0 flushing  nmethod 0x00000147f021f810
Event: 121.270 Thread 0x00000147ff6b94f0 flushing  nmethod 0x00000147f0262090
Event: 121.270 Thread 0x00000147ff6b94f0 flushing  nmethod 0x00000147f026fe10
Event: 121.270 Thread 0x00000147ff6b94f0 flushing osr nmethod 0x00000147f02ab690
Event: 121.270 Thread 0x00000147ff6b94f0 flushing  nmethod 0x00000147f02d1e10

Events (20 events):
Event: 61.505 Thread 0x000001478aad9c50 Thread exited: 0x000001478aad9c50
Event: 62.197 Thread 0x00000147837d61b0 Thread added: 0x000001478aad87e0
Event: 66.057 Thread 0x000001478aad87e0 Thread exited: 0x000001478aad87e0
Event: 66.578 Thread 0x000001478aad9580 Thread exited: 0x000001478aad9580
Event: 66.724 Thread 0x00000147837d61b0 Thread added: 0x000001478aad7a40
Event: 67.466 Thread 0x000001478aad7a40 Thread exited: 0x000001478aad7a40
Event: 67.738 Thread 0x00000147837d61b0 Thread added: 0x000001478aadb0c0
Event: 68.809 Thread 0x00000147837d61b0 Thread added: 0x000001478aad7a40
Event: 70.579 Thread 0x000001478aad7a40 Thread exited: 0x000001478aad7a40
Event: 88.549 Thread 0x000001478aadb0c0 Thread exited: 0x000001478aadb0c0
Event: 108.810 Thread 0x00000147837b8850 Thread added: 0x000001478aad3cf0
Event: 109.616 Thread 0x000001478aad3cf0 Thread exited: 0x000001478aad3cf0
Event: 109.734 Thread 0x00000147837d61b0 Thread added: 0x000001478aad3cf0
Event: 110.282 Thread 0x00000147837d61b0 Thread added: 0x000001478963cbb0
Event: 114.611 Thread 0x000001478963cbb0 Thread exited: 0x000001478963cbb0
Event: 114.770 Thread 0x000001478aad3cf0 Thread exited: 0x000001478aad3cf0
Event: 114.885 Thread 0x00000147837d61b0 Thread added: 0x000001478963b070
Event: 115.281 Thread 0x000001478963b070 Thread added: 0x000001478963b740
Event: 116.399 Thread 0x000001478963b740 Thread exited: 0x000001478963b740
Event: 123.163 Thread 0x000001478963b070 Thread exited: 0x000001478963b070


Dynamic libraries:
0x00007ff77ba70000 - 0x00007ff77ba7a000 	C:\Program Files\Android\Android Studio\jbr\bin\java.exe
0x00007ffd7cf20000 - 0x00007ffd7d187000 	C:\WINDOWS\SYSTEM32\ntdll.dll
0x00007ffd7ad70000 - 0x00007ffd7ae39000 	C:\WINDOWS\System32\KERNEL32.DLL
0x00007ffd79930000 - 0x00007ffd79d21000 	C:\WINDOWS\System32\KERNELBASE.dll
0x00007ffd79ff0000 - 0x00007ffd7a13b000 	C:\WINDOWS\System32\ucrtbase.dll
0x00007ffd6bff0000 - 0x00007ffd6c00b000 	C:\Program Files\Android\Android Studio\jbr\bin\VCRUNTIME140.dll
0x00007ffd6c010000 - 0x00007ffd6c028000 	C:\Program Files\Android\Android Studio\jbr\bin\jli.dll
0x00007ffd7beb0000 - 0x00007ffd7c075000 	C:\WINDOWS\System32\USER32.dll
0x00007ffd651d0000 - 0x00007ffd65463000 	C:\WINDOWS\WinSxS\amd64_microsoft.windows.common-controls_6595b64144ccf1df_6.0.26100.8037_none_3e092faae333b53b\COMCTL32.dll
0x00007ffd7c2e0000 - 0x00007ffd7c389000 	C:\WINDOWS\System32\msvcrt.dll
0x00007ffd7a1f0000 - 0x00007ffd7a217000 	C:\WINDOWS\System32\win32u.dll
0x00007ffd7c090000 - 0x00007ffd7c0bb000 	C:\WINDOWS\System32\GDI32.dll
0x00007ffd79800000 - 0x00007ffd7992b000 	C:\WINDOWS\System32\gdi32full.dll
0x00007ffd79d30000 - 0x00007ffd79dd3000 	C:\WINDOWS\System32\msvcp_win.dll
0x00007ffd7c410000 - 0x00007ffd7c441000 	C:\WINDOWS\System32\IMM32.DLL
0x00007ffd6fc40000 - 0x00007ffd6fc4c000 	C:\Program Files\Android\Android Studio\jbr\bin\vcruntime140_1.dll
0x00007ffd4dfb0000 - 0x00007ffd4e03d000 	C:\Program Files\Android\Android Studio\jbr\bin\msvcp140.dll
0x00007ffcc7370000 - 0x00007ffcc8006000 	C:\Program Files\Android\Android Studio\jbr\bin\server\jvm.dll
0x00007ffd7c1a0000 - 0x00007ffd7c25b000 	C:\WINDOWS\System32\ADVAPI32.dll
0x00007ffd7b720000 - 0x00007ffd7b7c7000 	C:\WINDOWS\System32\sechost.dll
0x00007ffd7b900000 - 0x00007ffd7ba18000 	C:\WINDOWS\System32\RPCRT4.dll
0x00007ffd7acc0000 - 0x00007ffd7ad34000 	C:\WINDOWS\System32\WS2_32.dll
0x00007ffd6bd60000 - 0x00007ffd6bd6b000 	C:\WINDOWS\SYSTEM32\VERSION.dll
0x00007ffd6fa40000 - 0x00007ffd6fa75000 	C:\WINDOWS\SYSTEM32\WINMM.dll
0x00007ffd79660000 - 0x00007ffd796be000 	C:\WINDOWS\SYSTEM32\POWRPROF.dll
0x00007ffd79640000 - 0x00007ffd79654000 	C:\WINDOWS\SYSTEM32\UMPDC.dll
0x00007ffd78590000 - 0x00007ffd785ab000 	C:\WINDOWS\SYSTEM32\kernel.appcore.dll
0x00007ffd6bdd0000 - 0x00007ffd6bdda000 	C:\Program Files\Android\Android Studio\jbr\bin\jimage.dll
0x00007ffd6cbe0000 - 0x00007ffd6ce22000 	C:\WINDOWS\SYSTEM32\DBGHELP.DLL
0x00007ffd7c670000 - 0x00007ffd7c9f2000 	C:\WINDOWS\System32\combase.dll
0x00007ffd7c0c0000 - 0x00007ffd7c197000 	C:\WINDOWS\System32\OLEAUT32.dll
0x00007ffd60bc0000 - 0x00007ffd60bfb000 	C:\WINDOWS\SYSTEM32\dbgcore.DLL
0x00007ffd7a140000 - 0x00007ffd7a1e5000 	C:\WINDOWS\System32\bcryptPrimitives.dll
0x00007ffd674d0000 - 0x00007ffd674f0000 	C:\Program Files\Android\Android Studio\jbr\bin\java.dll
0x00007ffd65880000 - 0x00007ffd65898000 	C:\Program Files\Android\Android Studio\jbr\bin\zip.dll
0x00007ffd7ae40000 - 0x00007ffd7b59f000 	C:\WINDOWS\System32\SHELL32.dll
0x00007ffd7a220000 - 0x00007ffd7a38a000 	C:\WINDOWS\System32\wintypes.dll
0x00007ffd7a450000 - 0x00007ffd7acb4000 	C:\WINDOWS\System32\windows.storage.dll
0x00007ffd7ca90000 - 0x00007ffd7cb87000 	C:\WINDOWS\System32\SHCORE.dll
0x00007ffd7c260000 - 0x00007ffd7c2c7000 	C:\WINDOWS\System32\shlwapi.dll
0x00007ffd79720000 - 0x00007ffd79749000 	C:\WINDOWS\SYSTEM32\profapi.dll
0x00007ffd674a0000 - 0x00007ffd674b0000 	C:\Program Files\Android\Android Studio\jbr\bin\net.dll
0x00007ffd6ea30000 - 0x00007ffd6eb57000 	C:\WINDOWS\SYSTEM32\WINHTTP.dll
0x00007ffd78b00000 - 0x00007ffd78b6b000 	C:\WINDOWS\system32\mswsock.dll
0x00007ffd65680000 - 0x00007ffd65696000 	C:\Program Files\Android\Android Studio\jbr\bin\nio.dll
0x00007ffd65980000 - 0x00007ffd65990000 	C:\Program Files\Android\Android Studio\jbr\bin\verify.dll

JVMTI agents: none

dbghelp: loaded successfully - version: 4.0.5 - missing functions: none
symbol engine: initialized successfully - sym options: 0x614 - pdb path: .;C:\Program Files\Android\Android Studio\jbr\bin;C:\WINDOWS\SYSTEM32;C:\WINDOWS\WinSxS\amd64_microsoft.windows.common-controls_6595b64144ccf1df_6.0.26100.8037_none_3e092faae333b53b;C:\Program Files\Android\Android Studio\jbr\bin\server

VM Arguments:
java_command: org.jetbrains.kotlin.cli.jvm.K2JVMCompiler @D:\Projects\SchoolSyncParent\app\build\20260426_13751733446727542099.compiler.options
java_class_path (initial): C:\Users\91865\.gradle\caches\modules-2\files-2.1\org.jetbrains.kotlin\kotlin-compiler-embeddable\1.9.22\9cd4dc7773cf2a99ecd961a88fbbc9a2da3fb5e1\kotlin-compiler-embeddable-1.9.22.jar;C:\Users\91865\.gradle\caches\modules-2\files-2.1\org.jetbrains.kotlin\kotlin-stdlib\1.9.22\d6c44cd08d8f3f9bece8101216dbe6553365c6e3\kotlin-stdlib-1.9.22.jar;C:\Users\91865\.gradle\caches\modules-2\files-2.1\org.jetbrains.kotlin\kotlin-script-runtime\1.9.22\f8139a46fc677ec9badc49ae954392f4f5e7e7c7\kotlin-script-runtime-1.9.22.jar;C:\Users\91865\.gradle\caches\modules-2\files-2.1\org.jetbrains.kotlin\kotlin-reflect\1.6.10\1cbe9c92c12a94eea200d23c2bbaedaf3daf5132\kotlin-reflect-1.6.10.jar;C:\Users\91865\.gradle\caches\modules-2\files-2.1\org.jetbrains.kotlin\kotlin-daemon-embeddable\1.9.22\20e2c5df715f3240c765cfc222530e2796542021\kotlin-daemon-embeddable-1.9.22.jar;C:\Users\91865\.gradle\caches\modules-2\files-2.1\org.jetbrains.intellij.deps\trove4j\1.0.20200330\3afb14d5f9ceb459d724e907a21145e8ff394f02\trove4j-1.0.20200330.jar;C:\Users\91865\.gradle\caches\modules-2\files-2.1\org.jetbrains\annotations\13.0\919f0dfe192fb4e063e7dacadee7f8bb9a2672a9\annotations-13.0.jar
Launcher Type: SUN_STANDARD

[Global flags]
     intx CICompilerCount                          = 4                                         {product} {ergonomic}
     uint ConcGCThreads                            = 2                                         {product} {ergonomic}
     uint G1ConcRefinementThreads                  = 8                                         {product} {ergonomic}
   size_t G1HeapRegionSize                         = 1048576                                   {product} {ergonomic}
    uintx GCDrainStackTargetSize                   = 64                                        {product} {ergonomic}
   size_t InitialHeapSize                          = 98566144                                  {product} {ergonomic}
   size_t MarkStackSize                            = 4194304                                   {product} {ergonomic}
   size_t MaxHeapSize                              = 1564475392                                {product} {ergonomic}
   size_t MaxNewSize                               = 938475520                                 {product} {ergonomic}
   size_t MinHeapDeltaBytes                        = 1048576                                   {product} {ergonomic}
   size_t MinHeapSize                              = 8388608                                   {product} {ergonomic}
    uintx NonNMethodCodeHeapSize                   = 5839372                                {pd product} {ergonomic}
    uintx NonProfiledCodeHeapSize                  = 122909434                              {pd product} {ergonomic}
    uintx ProfiledCodeHeapSize                     = 122909434                              {pd product} {ergonomic}
    uintx ReservedCodeCacheSize                    = 251658240                              {pd product} {ergonomic}
     bool SegmentedCodeCache                       = true                                      {product} {ergonomic}
   size_t SoftMaxHeapSize                          = 1564475392                             {manageable} {ergonomic}
     bool UseCompressedOops                        = true                           {product lp64_product} {ergonomic}
     bool UseG1GC                                  = true                                      {product} {ergonomic}
     bool UseLargePagesIndividualAllocation        = false                                  {pd product} {ergonomic}

Logging:
Log output configuration:
 #0: stdout all=warning uptime,level,tags foldmultilines=false
 #1: stderr all=off uptime,level,tags foldmultilines=false

Release file:
JAVA_VERSION="21.0.9" 
MODULES="java.base java.compiler java.datatransfer java.xml java.prefs java.desktop java.instrument java.logging java.management java.security.sasl java.naming java.rmi java.management.rmi java.net.http java.scripting java.security.jgss java.transaction.xa java.sql java.sql.rowset java.xml.crypto java.se java.smartcardio jdk.accessibility jdk.internal.jvmstat jdk.attach jdk.charsets jdk.internal.opt jdk.zipfs jdk.compiler jdk.crypto.ec jdk.crypto.cryptoki jdk.dynalink jdk.hotspot.agent jdk.httpserver jdk.internal.ed jdk.internal.le jdk.internal.vm.ci jdk.jartool jdk.javadoc jdk.jcmd jdk.jdeps jdk.jdwp.agent jdk.jdi jdk.jfr jdk.jlink jdk.jsobject jdk.localedata jdk.management jdk.management.agent jdk.management.jfr jdk.naming.dns jdk.naming.rmi jdk.net jdk.sctp jdk.security.auth jdk.security.jgss jdk.unsupported jdk.unsupported.desktop jdk.xml.dom" 
IMPLEMENTOR="JetBrains s.r.o." 
JAVA_RUNTIME_VERSION="21.0.9+-14787801-b1163.94" 
LIBC="default" 
OS_ARCH="x86_64" 
OS_NAME="Windows" 
SOURCE=".:git:0c757ddc9f2f" 

Environment Variables:
JAVA_HOME=C:/Program Files/Android/Android Studio/jbr
PATH=C:\Program Files\Android\Android Studio\jbr\bin;C:\Users\91865\AppData\Local\Android\Sdk\platform-tools;C:\Users\91865\bin;C:\Program Files\Git\mingw64\bin;C:\Program Files\Git\usr\local\bin;C:\Program Files\Git\usr\bin;C:\Program Files\Git\usr\bin;C:\Program Files\Git\mingw64\bin;C:\Program Files\Git\usr\bin;C:\Users\91865\bin;C:\Users\91865\AppData\Local\Programs\Microsoft VS Code;C:\WINDOWS\system32;C:\WINDOWS;C:\WINDOWS\System32\Wbem;C:\WINDOWS\System32\WindowsPowerShell\v1.0;C:\WINDOWS\System32\OpenSSH;C:\Program Files\Git\cmd;C:\xampp\php;C:\composer;C:\Program Files\MySQL\MySQL Server 8.0\bin;C:\ffmpeg\bin;C:\Program Files\nodejs;C:\Users\91865\AppData\Roaming\npm;C:\Users\91865\AppData\Local\Programs\Microsoft VS Code\bin;C:\Users\91865\.fly\bin;C:\Program Files\Git\usr\bin\vendor_perl;C:\Program Files\Git\usr\bin\core_perl
USERNAME=91865
SHELL=C:\Program Files\Git\usr\bin\bash.exe
LANG=en_US.UTF-8
TERM=xterm-256color
OS=Windows_NT
PROCESSOR_IDENTIFIER=AMD64 Family 23 Model 160 Stepping 0, AuthenticAMD
TMP=C:\Users\91865\AppData\Local\Temp
TEMP=C:\Users\91865\AppData\Local\Temp




Periodic native trim disabled

JNI global refs:
JNI global refs: 11, weak refs: 4

JNI global refs memory usage: 835, weak refs: 833

Process memory usage:
Resident Set Size: 538192K (8% of 6108668K total physical memory with 250308K free physical memory)

OOME stack traces (most recent first):
Classloader memory used:
Loader jdk.internal.loader.ClassLoaders$AppClassLoader                                 : 57774K
Loader bootstrap                                                                       : 13545K
Loader java.net.URLClassLoader                                                         : 670K
Loader jdk.internal.loader.ClassLoaders$PlatformClassLoader                            : 19472B

---------------  S Y S T E M  ---------------

OS:
 Windows 11 , 64 bit Build 26100 (10.0.26100.7920)
OS uptime: 11 days 6:51 hours
Hyper-V role detected

CPU: total 8 (initial active 8) (8 cores per cpu, 2 threads per core) family 23 model 160 stepping 0 microcode 0x8a00009, cx8, cmov, fxsr, ht, mmx, 3dnowpref, sse, sse2, sse3, ssse3, sse4a, sse4.1, sse4.2, popcnt, lzcnt, tsc, tscinvbit, avx, avx2, aes, clmul, bmi1, bmi2, adx, sha, fma, vzeroupper, clflush, clflushopt, hv, rdtscp, rdpid, f16c
Processor Information for the first 8 processors :
  Max Mhz: 2401, Current Mhz: 2050, Mhz Limit: 2040

Memory: 4k page, system-wide physical 5965M (220M free)
TotalPageFile size 24397M (AvailPageFile size 1M)
current process WorkingSet (physical memory assigned to process): 526M, peak: 526M
current process commit charge ("private bytes"): 635M, peak: 651M

vm_info: OpenJDK 64-Bit Server VM (21.0.9+-14787801-b1163.94) for windows-amd64 JRE (21.0.9+-14787801-b1163.94), built on 2026-01-27T21:15:44Z by "builder" with MS VC++ 16.10 / 16.11 (VS2019)

END.
