#
# There is insufficient memory for the Java Runtime Environment to continue.
# Native memory allocation (malloc) failed to allocate 1774976 bytes. Error detail: Chunk::new
# Possible reasons:
#   The system is out of physical RAM or swap space
#   This process is running with CompressedOops enabled, and the Java Heap may be blocking the growth of the native heap
# Possible solutions:
#   Reduce memory load on the system
#   Increase physical memory or swap space
#   Check if swap backing store is full
#   Decrease Java heap size (-Xmx/-Xms)
#   Decrease number of Java threads
#   Decrease Java thread stack sizes (-Xss)
#   Set larger code cache with -XX:ReservedCodeCacheSize=
#   JVM is running with Unscaled Compressed Oops mode in which the Java heap is
#     placed in the first 4GB address space. The Java Heap base address is the
#     maximum limit for the native heap growth. Please use -XX:HeapBaseMinAddress
#     to set the Java Heap base and to place the Java Heap above 4GB virtual address.
# This output file may be truncated or incomplete.
#
#  Out of Memory Error (arena.cpp:168), pid=16844, tid=8632
#
# JRE version: OpenJDK Runtime Environment (21.0.9) (build 21.0.9+-14787801-b1163.94)
# Java VM: OpenJDK 64-Bit Server VM (21.0.9+-14787801-b1163.94, mixed mode, tiered, compressed oops, compressed class ptrs, g1 gc, windows-amd64)
# No core dump will be written. Minidumps are not enabled by default on client versions of Windows
#

---------------  S U M M A R Y ------------

Command Line: org.jetbrains.kotlin.cli.jvm.K2JVMCompiler @D:\Projects\SchoolSyncParent\app\build\20260424_9572269079334679489.compiler.options

Host: AMD Ryzen 3 7320U with Radeon Graphics         , 8 cores, 5G,  Windows 11 , 64 bit Build 26100 (10.0.26100.7920)
Time: Fri Apr 24 11:20:02 2026 India Standard Time elapsed time: 8.934877 seconds (0d 0h 0m 8s)

---------------  T H R E A D  ---------------

Current thread (0x00000195fe837850):  JavaThread "C2 CompilerThread1" daemon [_thread_in_native, id=8632, stack(0x0000009027a00000,0x0000009027b00000) (1024K)]


Current CompileTask:
C2:8934 6073       4       org.jetbrains.org.objectweb.asm.ClassReader::accept (1380 bytes)

Stack: [0x0000009027a00000,0x0000009027b00000]
Native frames: (J=compiled Java code, j=interpreted, Vv=VM code, C=native code)
V  [jvm.dll+0x6d6c99]
V  [jvm.dll+0x866b83]
V  [jvm.dll+0x8691ae]
V  [jvm.dll+0x869893]
V  [jvm.dll+0x280776]
V  [jvm.dll+0xc07cd]
V  [jvm.dll+0xc0d03]
V  [jvm.dll+0x3b986b]
V  [jvm.dll+0x1dfac4]
V  [jvm.dll+0x2495b4]
V  [jvm.dll+0x248a31]
V  [jvm.dll+0x1c7344]
V  [jvm.dll+0x2581ae]
V  [jvm.dll+0x2566f6]
V  [jvm.dll+0x3f48a6]
V  [jvm.dll+0x80f118]
V  [jvm.dll+0x6d54ed]
C  [ucrtbase.dll+0x37b0]
C  [KERNEL32.DLL+0x2e8d7]
C  [ntdll.dll+0x8c48c]


---------------  P R O C E S S  ---------------

Threads class SMR info:
_java_thread_list=0x00000195931e7be0, length=13, elements={
0x00000195f6819890, 0x00000195fe5ac7b0, 0x00000195fe5b2370, 0x00000195fe5b2dd0,
0x00000195fe5d8ce0, 0x00000195fe5d9740, 0x00000195fe5ce470, 0x00000195fe5ceed0,
0x00000195fe5cfc60, 0x00000195fe5f2800, 0x00000195fe7acb30, 0x00000195fe837850,
0x00000195932bbb70
}

Java Threads: ( => current thread )
  0x00000195f6819890 JavaThread "main"                              [_thread_blocked, id=10576, stack(0x0000009026800000,0x0000009026900000) (1024K)]
  0x00000195fe5ac7b0 JavaThread "Common-Cleaner"             daemon [_thread_blocked, id=10172, stack(0x0000009027000000,0x0000009027100000) (1024K)]
  0x00000195fe5b2370 JavaThread "Reference Handler"          daemon [_thread_blocked, id=17764, stack(0x0000009027100000,0x0000009027200000) (1024K)]
  0x00000195fe5b2dd0 JavaThread "Finalizer"                  daemon [_thread_blocked, id=19488, stack(0x0000009027200000,0x0000009027300000) (1024K)]
  0x00000195fe5d8ce0 JavaThread "Signal Dispatcher"          daemon [_thread_blocked, id=19504, stack(0x0000009027300000,0x0000009027400000) (1024K)]
  0x00000195fe5d9740 JavaThread "Attach Listener"            daemon [_thread_blocked, id=11924, stack(0x0000009027400000,0x0000009027500000) (1024K)]
  0x00000195fe5ce470 JavaThread "Service Thread"             daemon [_thread_blocked, id=13048, stack(0x0000009027500000,0x0000009027600000) (1024K)]
  0x00000195fe5ceed0 JavaThread "Monitor Deflation Thread"   daemon [_thread_blocked, id=19316, stack(0x0000009027600000,0x0000009027700000) (1024K)]
  0x00000195fe5cfc60 JavaThread "C2 CompilerThread0"         daemon [_thread_blocked, id=4704, stack(0x0000009027700000,0x0000009027800000) (1024K)]
  0x00000195fe5f2800 JavaThread "C1 CompilerThread0"         daemon [_thread_blocked, id=6464, stack(0x0000009027800000,0x0000009027900000) (1024K)]
  0x00000195fe7acb30 JavaThread "Notification Thread"        daemon [_thread_blocked, id=22788, stack(0x0000009027900000,0x0000009027a00000) (1024K)]
=>0x00000195fe837850 JavaThread "C2 CompilerThread1"         daemon [_thread_in_native, id=8632, stack(0x0000009027a00000,0x0000009027b00000) (1024K)]
  0x00000195932bbb70 JavaThread "C2 CompilerThread2"         daemon [_thread_blocked, id=24168, stack(0x0000009028300000,0x0000009028400000) (1024K)]
Total: 13

Other Threads:
  0x00000195fe3fa550 VMThread "VM Thread"                           [id=18192, stack(0x0000009026f00000,0x0000009027000000) (1024K)]
  0x00000195fe3aac20 WatcherThread "VM Periodic Task Thread"        [id=7208, stack(0x0000009026e00000,0x0000009026f00000) (1024K)]
  0x00000195f685d670 WorkerThread "GC Thread#0"                     [id=9112, stack(0x0000009026900000,0x0000009026a00000) (1024K)]
  0x00000195feeb6ba0 WorkerThread "GC Thread#1"                     [id=21900, stack(0x0000009027b00000,0x0000009027c00000) (1024K)]
  0x00000195feebd960 WorkerThread "GC Thread#2"                     [id=6160, stack(0x0000009027c00000,0x0000009027d00000) (1024K)]
  0x00000195feec4b50 WorkerThread "GC Thread#3"                     [id=10204, stack(0x0000009027d00000,0x0000009027e00000) (1024K)]
  0x00000195feec4ef0 WorkerThread "GC Thread#4"                     [id=7832, stack(0x0000009027e00000,0x0000009027f00000) (1024K)]
  0x00000195feec5290 WorkerThread "GC Thread#5"                     [id=1724, stack(0x0000009027f00000,0x0000009028000000) (1024K)]
  0x00000195feed5e30 WorkerThread "GC Thread#6"                     [id=14768, stack(0x0000009028000000,0x0000009028100000) (1024K)]
  0x00000195feed73f0 WorkerThread "GC Thread#7"                     [id=21312, stack(0x0000009028100000,0x0000009028200000) (1024K)]
  0x00000195f686a0d0 ConcurrentGCThread "G1 Main Marker"            [id=3824, stack(0x0000009026a00000,0x0000009026b00000) (1024K)]
  0x00000195f686ba10 WorkerThread "G1 Conc#0"                       [id=21968, stack(0x0000009026b00000,0x0000009026c00000) (1024K)]
  0x00000195feed5a90 WorkerThread "G1 Conc#1"                       [id=21452, stack(0x0000009028200000,0x0000009028300000) (1024K)]
  0x00000195f68d9200 ConcurrentGCThread "G1 Refine#0"               [id=18652, stack(0x0000009026c00000,0x0000009026d00000) (1024K)]
  0x00000195fe2820c0 ConcurrentGCThread "G1 Service"                [id=900, stack(0x0000009026d00000,0x0000009026e00000) (1024K)]
Total: 15

Threads with active compile tasks:
C2 CompilerThread0  8952 6085       4       org.jetbrains.kotlin.cli.jvm.index.JvmDependenciesIndexImpl::travelPath (157 bytes)
C1 CompilerThread0  8952 6100       3       org.jetbrains.kotlin.load.java.lazy.descriptors.LazyJavaPackageFragment$binaryClasses$2::invoke (215 bytes)
C2 CompilerThread1  8952 6073       4       org.jetbrains.org.objectweb.asm.ClassReader::accept (1380 bytes)
C2 CompilerThread2  8952 6093       4       org.jetbrains.kotlin.cli.jvm.index.JvmDependenciesIndexImpl::search (374 bytes)
Total: 4

VM state: at safepoint (normal execution)

VM Mutex/Monitor currently owned by a thread:  ([mutex/lock_event])
[0x00007ffcc0508690] Threads_lock - owner thread: 0x00000195fe3fa550
[0x00007ffcc0508790] Heap_lock - owner thread: 0x00000195f6819890

Heap address: 0x00000000a2c00000, size: 1492 MB, Compressed Oops mode: 32-bit

CDS archive(s) not mapped
Compressed class space mapped at: 0x0000000100000000-0x0000000140000000, reserved size: 1073741824
Narrow klass base: 0x0000000000000000, Narrow klass shift: 3, Narrow klass range: 0x140000000

GC Precious Log:
 CardTable entry size: 512
 Card Set container configuration: InlinePtr #cards 5 size 8 Array Of Cards #cards 12 size 40 Howl #buckets 4 coarsen threshold 1843 Howl Bitmap #cards 512 size 80 coarsen threshold 460 Card regions per heap region 1 cards per card region 2048
 CPUs: 8 total, 8 available
 Memory: 5965M
 Large Page Support: Disabled
 NUMA Support: Disabled
 Compressed Oops: Enabled (32-bit)
 Heap Region Size: 1M
 Heap Min Capacity: 8M
 Heap Initial Capacity: 94M
 Heap Max Capacity: 1492M
 Pre-touch: Disabled
 Parallel Workers: 8
 Concurrent Workers: 2
 Concurrent Refinement Workers: 8
 Periodic GC: Disabled

Heap:
 garbage-first heap   total 114688K, used 70330K [0x00000000a2c00000, 0x0000000100000000)
  region size 1024K, 4 young (4096K), 4 survivors (4096K)
 Metaspace       used 52253K, committed 52992K, reserved 1114112K
  class space    used 6289K, committed 6656K, reserved 1048576K

Heap Regions: E=young(eden), S=young(survivor), O=old, HS=humongous(starts), HC=humongous(continues), CS=collection set, F=free, TAMS=top-at-mark-start, PB=parsable bottom
|   0|0x00000000a2c00000, 0x00000000a2d00000, 0x00000000a2d00000|100%|HS|  |TAMS 0x00000000a2c00000| PB 0x00000000a2c00000| Complete 
|   1|0x00000000a2d00000, 0x00000000a2e00000, 0x00000000a2e00000|100%|HC|  |TAMS 0x00000000a2d00000| PB 0x00000000a2d00000| Complete 
|   2|0x00000000a2e00000, 0x00000000a2f00000, 0x00000000a2f00000|100%|HC|  |TAMS 0x00000000a2e00000| PB 0x00000000a2e00000| Complete 
|   3|0x00000000a2f00000, 0x00000000a3000000, 0x00000000a3000000|100%|HC|  |TAMS 0x00000000a2f00000| PB 0x00000000a2f00000| Complete 
|   4|0x00000000a3000000, 0x00000000a3100000, 0x00000000a3100000|100%| O|  |TAMS 0x00000000a3000000| PB 0x00000000a3000000| Untracked 
|   5|0x00000000a3100000, 0x00000000a3200000, 0x00000000a3200000|100%| O|  |TAMS 0x00000000a3100000| PB 0x00000000a3100000| Untracked 
|   6|0x00000000a3200000, 0x00000000a3300000, 0x00000000a3300000|100%|HS|  |TAMS 0x00000000a3200000| PB 0x00000000a3200000| Complete 
|   7|0x00000000a3300000, 0x00000000a3400000, 0x00000000a3400000|100%| O|  |TAMS 0x00000000a3300000| PB 0x00000000a3300000| Untracked 
|   8|0x00000000a3400000, 0x00000000a3500000, 0x00000000a3500000|100%| O|  |TAMS 0x00000000a3400000| PB 0x00000000a3400000| Untracked 
|   9|0x00000000a3500000, 0x00000000a3600000, 0x00000000a3600000|100%| O|  |TAMS 0x00000000a3500000| PB 0x00000000a3500000| Untracked 
|  10|0x00000000a3600000, 0x00000000a3700000, 0x00000000a3700000|100%| O|  |TAMS 0x00000000a3600000| PB 0x00000000a3600000| Untracked 
|  11|0x00000000a3700000, 0x00000000a3800000, 0x00000000a3800000|100%| O|  |TAMS 0x00000000a3700000| PB 0x00000000a3700000| Untracked 
|  12|0x00000000a3800000, 0x00000000a3900000, 0x00000000a3900000|100%| O|  |TAMS 0x00000000a3800000| PB 0x00000000a3800000| Untracked 
|  13|0x00000000a3900000, 0x00000000a3a00000, 0x00000000a3a00000|100%| O|  |TAMS 0x00000000a3900000| PB 0x00000000a3900000| Untracked 
|  14|0x00000000a3a00000, 0x00000000a3b00000, 0x00000000a3b00000|100%| O|  |TAMS 0x00000000a3a00000| PB 0x00000000a3a00000| Untracked 
|  15|0x00000000a3b00000, 0x00000000a3c00000, 0x00000000a3c00000|100%| O|  |TAMS 0x00000000a3b00000| PB 0x00000000a3b00000| Untracked 
|  16|0x00000000a3c00000, 0x00000000a3d00000, 0x00000000a3d00000|100%| O|  |TAMS 0x00000000a3c00000| PB 0x00000000a3c00000| Untracked 
|  17|0x00000000a3d00000, 0x00000000a3e00000, 0x00000000a3e00000|100%| O|  |TAMS 0x00000000a3d00000| PB 0x00000000a3d00000| Untracked 
|  18|0x00000000a3e00000, 0x00000000a3f00000, 0x00000000a3f00000|100%| O|  |TAMS 0x00000000a3e00000| PB 0x00000000a3e00000| Untracked 
|  19|0x00000000a3f00000, 0x00000000a4000000, 0x00000000a4000000|100%| O|  |TAMS 0x00000000a3f00000| PB 0x00000000a3f00000| Untracked 
|  20|0x00000000a4000000, 0x00000000a4100000, 0x00000000a4100000|100%| O|  |TAMS 0x00000000a4000000| PB 0x00000000a4000000| Untracked 
|  21|0x00000000a4100000, 0x00000000a4200000, 0x00000000a4200000|100%| O|  |TAMS 0x00000000a4100000| PB 0x00000000a4100000| Untracked 
|  22|0x00000000a4200000, 0x00000000a4300000, 0x00000000a4300000|100%| O|  |TAMS 0x00000000a4200000| PB 0x00000000a4200000| Untracked 
|  23|0x00000000a4300000, 0x00000000a4400000, 0x00000000a4400000|100%| O|  |TAMS 0x00000000a4300000| PB 0x00000000a4300000| Untracked 
|  24|0x00000000a4400000, 0x00000000a4500000, 0x00000000a4500000|100%| O|  |TAMS 0x00000000a4400000| PB 0x00000000a4400000| Untracked 
|  25|0x00000000a4500000, 0x00000000a4600000, 0x00000000a4600000|100%| O|  |TAMS 0x00000000a4500000| PB 0x00000000a4500000| Untracked 
|  26|0x00000000a4600000, 0x00000000a4700000, 0x00000000a4700000|100%| O|  |TAMS 0x00000000a4600000| PB 0x00000000a4600000| Untracked 
|  27|0x00000000a4700000, 0x00000000a4800000, 0x00000000a4800000|100%| O|  |TAMS 0x00000000a4700000| PB 0x00000000a4700000| Untracked 
|  28|0x00000000a4800000, 0x00000000a4900000, 0x00000000a4900000|100%| O|  |TAMS 0x00000000a4800000| PB 0x00000000a4800000| Untracked 
|  29|0x00000000a4900000, 0x00000000a4a00000, 0x00000000a4a00000|100%| O|  |TAMS 0x00000000a4900000| PB 0x00000000a4900000| Untracked 
|  30|0x00000000a4a00000, 0x00000000a4b00000, 0x00000000a4b00000|100%| O|  |TAMS 0x00000000a4a00000| PB 0x00000000a4a00000| Untracked 
|  31|0x00000000a4b00000, 0x00000000a4c00000, 0x00000000a4c00000|100%| O|  |TAMS 0x00000000a4b00000| PB 0x00000000a4b00000| Untracked 
|  32|0x00000000a4c00000, 0x00000000a4d00000, 0x00000000a4d00000|100%| O|  |TAMS 0x00000000a4c00000| PB 0x00000000a4c00000| Untracked 
|  33|0x00000000a4d00000, 0x00000000a4e00000, 0x00000000a4e00000|100%| O|  |TAMS 0x00000000a4d00000| PB 0x00000000a4d00000| Untracked 
|  34|0x00000000a4e00000, 0x00000000a4f00000, 0x00000000a4f00000|100%| O|  |TAMS 0x00000000a4e00000| PB 0x00000000a4e00000| Untracked 
|  35|0x00000000a4f00000, 0x00000000a5000000, 0x00000000a5000000|100%| O|  |TAMS 0x00000000a4f00000| PB 0x00000000a4f00000| Untracked 
|  36|0x00000000a5000000, 0x00000000a5100000, 0x00000000a5100000|100%| O|  |TAMS 0x00000000a5000000| PB 0x00000000a5000000| Untracked 
|  37|0x00000000a5100000, 0x00000000a5200000, 0x00000000a5200000|100%| O|  |TAMS 0x00000000a5100000| PB 0x00000000a5100000| Untracked 
|  38|0x00000000a5200000, 0x00000000a5300000, 0x00000000a5300000|100%| O|  |TAMS 0x00000000a5200000| PB 0x00000000a5200000| Untracked 
|  39|0x00000000a5300000, 0x00000000a5400000, 0x00000000a5400000|100%| O|  |TAMS 0x00000000a5300000| PB 0x00000000a5300000| Untracked 
|  40|0x00000000a5400000, 0x00000000a5500000, 0x00000000a5500000|100%|HS|  |TAMS 0x00000000a5400000| PB 0x00000000a5400000| Complete 
|  41|0x00000000a5500000, 0x00000000a5600000, 0x00000000a5600000|100%|HC|  |TAMS 0x00000000a5500000| PB 0x00000000a5500000| Complete 
|  42|0x00000000a5600000, 0x00000000a5700000, 0x00000000a5700000|100%| O|  |TAMS 0x00000000a5600000| PB 0x00000000a5600000| Untracked 
|  43|0x00000000a5700000, 0x00000000a5800000, 0x00000000a5800000|100%| O|  |TAMS 0x00000000a5700000| PB 0x00000000a5700000| Untracked 
|  44|0x00000000a5800000, 0x00000000a5900000, 0x00000000a5900000|100%| O|  |TAMS 0x00000000a5800000| PB 0x00000000a5800000| Untracked 
|  45|0x00000000a5900000, 0x00000000a5a00000, 0x00000000a5a00000|100%| O|  |TAMS 0x00000000a5900000| PB 0x00000000a5900000| Untracked 
|  46|0x00000000a5a00000, 0x00000000a5b00000, 0x00000000a5b00000|100%| O|  |TAMS 0x00000000a5a00000| PB 0x00000000a5a00000| Untracked 
|  47|0x00000000a5b00000, 0x00000000a5c00000, 0x00000000a5c00000|100%| O|  |TAMS 0x00000000a5b00000| PB 0x00000000a5b00000| Untracked 
|  48|0x00000000a5c00000, 0x00000000a5d00000, 0x00000000a5d00000|100%| O|  |TAMS 0x00000000a5c00000| PB 0x00000000a5c00000| Untracked 
|  49|0x00000000a5d00000, 0x00000000a5e00000, 0x00000000a5e00000|100%| O|  |TAMS 0x00000000a5d00000| PB 0x00000000a5d00000| Untracked 
|  50|0x00000000a5e00000, 0x00000000a5e00000, 0x00000000a5f00000|  0%| F|  |TAMS 0x00000000a5e00000| PB 0x00000000a5e00000| Untracked 
|  51|0x00000000a5f00000, 0x00000000a6000000, 0x00000000a6000000|100%|HS|  |TAMS 0x00000000a5f00000| PB 0x00000000a5f00000| Complete 
|  52|0x00000000a6000000, 0x00000000a6100000, 0x00000000a6100000|100%|HC|  |TAMS 0x00000000a6000000| PB 0x00000000a6000000| Complete 
|  53|0x00000000a6100000, 0x00000000a6200000, 0x00000000a6200000|100%| O|  |TAMS 0x00000000a6100000| PB 0x00000000a6100000| Untracked 
|  54|0x00000000a6200000, 0x00000000a6300000, 0x00000000a6300000|100%| O|  |TAMS 0x00000000a6200000| PB 0x00000000a6200000| Untracked 
|  55|0x00000000a6300000, 0x00000000a6400000, 0x00000000a6400000|100%| O|  |TAMS 0x00000000a6300000| PB 0x00000000a6300000| Untracked 
|  56|0x00000000a6400000, 0x00000000a6500000, 0x00000000a6500000|100%| O|  |TAMS 0x00000000a6400000| PB 0x00000000a6400000| Untracked 
|  57|0x00000000a6500000, 0x00000000a6500000, 0x00000000a6600000|  0%| F|  |TAMS 0x00000000a6500000| PB 0x00000000a6500000| Untracked 
|  58|0x00000000a6600000, 0x00000000a6700000, 0x00000000a6700000|100%| O|  |TAMS 0x00000000a6600000| PB 0x00000000a6600000| Untracked 
|  59|0x00000000a6700000, 0x00000000a6800000, 0x00000000a6800000|100%| O|  |TAMS 0x00000000a6700000| PB 0x00000000a6700000| Untracked 
|  60|0x00000000a6800000, 0x00000000a6900000, 0x00000000a6900000|100%| O|  |TAMS 0x00000000a6800000| PB 0x00000000a6800000| Untracked 
|  61|0x00000000a6900000, 0x00000000a6a00000, 0x00000000a6a00000|100%| O|  |TAMS 0x00000000a6900000| PB 0x00000000a6900000| Untracked 
|  62|0x00000000a6a00000, 0x00000000a6b00000, 0x00000000a6b00000|100%| O|  |TAMS 0x00000000a6a00000| PB 0x00000000a6a00000| Untracked 
|  63|0x00000000a6b00000, 0x00000000a6c00000, 0x00000000a6c00000|100%| O|  |TAMS 0x00000000a6b00000| PB 0x00000000a6b00000| Untracked 
|  64|0x00000000a6c00000, 0x00000000a6cae800, 0x00000000a6d00000| 68%| O|  |TAMS 0x00000000a6c00000| PB 0x00000000a6c00000| Untracked 
|  65|0x00000000a6d00000, 0x00000000a6d00000, 0x00000000a6e00000|  0%| F|  |TAMS 0x00000000a6d00000| PB 0x00000000a6d00000| Untracked 
|  66|0x00000000a6e00000, 0x00000000a6e00000, 0x00000000a6f00000|  0%| F|  |TAMS 0x00000000a6e00000| PB 0x00000000a6e00000| Untracked 
|  67|0x00000000a6f00000, 0x00000000a6f00000, 0x00000000a7000000|  0%| F|  |TAMS 0x00000000a6f00000| PB 0x00000000a6f00000| Untracked 
|  68|0x00000000a7000000, 0x00000000a7000000, 0x00000000a7100000|  0%| F|  |TAMS 0x00000000a7000000| PB 0x00000000a7000000| Untracked 
|  69|0x00000000a7100000, 0x00000000a7100000, 0x00000000a7200000|  0%| F|  |TAMS 0x00000000a7100000| PB 0x00000000a7100000| Untracked 
|  70|0x00000000a7200000, 0x00000000a7200000, 0x00000000a7300000|  0%| F|  |TAMS 0x00000000a7200000| PB 0x00000000a7200000| Untracked 
|  71|0x00000000a7300000, 0x00000000a7300000, 0x00000000a7400000|  0%| F|  |TAMS 0x00000000a7300000| PB 0x00000000a7300000| Untracked 
|  72|0x00000000a7400000, 0x00000000a7400000, 0x00000000a7500000|  0%| F|  |TAMS 0x00000000a7400000| PB 0x00000000a7400000| Untracked 
|  73|0x00000000a7500000, 0x00000000a7500000, 0x00000000a7600000|  0%| F|  |TAMS 0x00000000a7500000| PB 0x00000000a7500000| Untracked 
|  74|0x00000000a7600000, 0x00000000a7700000, 0x00000000a7700000|100%| S|CS|TAMS 0x00000000a7600000| PB 0x00000000a7600000| Complete 
|  75|0x00000000a7700000, 0x00000000a7800000, 0x00000000a7800000|100%| S|CS|TAMS 0x00000000a7700000| PB 0x00000000a7700000| Complete 
|  76|0x00000000a7800000, 0x00000000a7900000, 0x00000000a7900000|100%| S|CS|TAMS 0x00000000a7800000| PB 0x00000000a7800000| Complete 
|  77|0x00000000a7900000, 0x00000000a7a00000, 0x00000000a7a00000|100%| S|CS|TAMS 0x00000000a7900000| PB 0x00000000a7900000| Complete 
|  78|0x00000000a7a00000, 0x00000000a7a00000, 0x00000000a7b00000|  0%| F|  |TAMS 0x00000000a7a00000| PB 0x00000000a7a00000| Untracked 
|  79|0x00000000a7b00000, 0x00000000a7b00000, 0x00000000a7c00000|  0%| F|  |TAMS 0x00000000a7b00000| PB 0x00000000a7b00000| Untracked 
|  80|0x00000000a7c00000, 0x00000000a7c00000, 0x00000000a7d00000|  0%| F|  |TAMS 0x00000000a7c00000| PB 0x00000000a7c00000| Untracked 
|  81|0x00000000a7d00000, 0x00000000a7d00000, 0x00000000a7e00000|  0%| F|  |TAMS 0x00000000a7d00000| PB 0x00000000a7d00000| Untracked 
|  82|0x00000000a7e00000, 0x00000000a7e00000, 0x00000000a7f00000|  0%| F|  |TAMS 0x00000000a7e00000| PB 0x00000000a7e00000| Untracked 
|  83|0x00000000a7f00000, 0x00000000a7f00000, 0x00000000a8000000|  0%| F|  |TAMS 0x00000000a7f00000| PB 0x00000000a7f00000| Untracked 
|  84|0x00000000a8000000, 0x00000000a8000000, 0x00000000a8100000|  0%| F|  |TAMS 0x00000000a8000000| PB 0x00000000a8000000| Untracked 
|  85|0x00000000a8100000, 0x00000000a8100000, 0x00000000a8200000|  0%| F|  |TAMS 0x00000000a8100000| PB 0x00000000a8100000| Untracked 
|  86|0x00000000a8200000, 0x00000000a8200000, 0x00000000a8300000|  0%| F|  |TAMS 0x00000000a8200000| PB 0x00000000a8200000| Untracked 
|  87|0x00000000a8300000, 0x00000000a8300000, 0x00000000a8400000|  0%| F|  |TAMS 0x00000000a8300000| PB 0x00000000a8300000| Untracked 
|  88|0x00000000a8400000, 0x00000000a8400000, 0x00000000a8500000|  0%| F|  |TAMS 0x00000000a8400000| PB 0x00000000a8400000| Untracked 
|  89|0x00000000a8500000, 0x00000000a8500000, 0x00000000a8600000|  0%| F|  |TAMS 0x00000000a8500000| PB 0x00000000a8500000| Untracked 
|  90|0x00000000a8600000, 0x00000000a8600000, 0x00000000a8700000|  0%| F|  |TAMS 0x00000000a8600000| PB 0x00000000a8600000| Untracked 
|  91|0x00000000a8700000, 0x00000000a8700000, 0x00000000a8800000|  0%| F|  |TAMS 0x00000000a8700000| PB 0x00000000a8700000| Untracked 
|  92|0x00000000a8800000, 0x00000000a8800000, 0x00000000a8900000|  0%| F|  |TAMS 0x00000000a8800000| PB 0x00000000a8800000| Untracked 
|  93|0x00000000a8900000, 0x00000000a8900000, 0x00000000a8a00000|  0%| F|  |TAMS 0x00000000a8900000| PB 0x00000000a8900000| Untracked 
|  94|0x00000000a8a00000, 0x00000000a8a00000, 0x00000000a8b00000|  0%| F|  |TAMS 0x00000000a8a00000| PB 0x00000000a8a00000| Untracked 
|  95|0x00000000a8b00000, 0x00000000a8b00000, 0x00000000a8c00000|  0%| F|  |TAMS 0x00000000a8b00000| PB 0x00000000a8b00000| Untracked 
|  96|0x00000000a8c00000, 0x00000000a8c00000, 0x00000000a8d00000|  0%| F|  |TAMS 0x00000000a8c00000| PB 0x00000000a8c00000| Untracked 
|  97|0x00000000a8d00000, 0x00000000a8d00000, 0x00000000a8e00000|  0%| F|  |TAMS 0x00000000a8d00000| PB 0x00000000a8d00000| Untracked 
|  98|0x00000000a8e00000, 0x00000000a8e00000, 0x00000000a8f00000|  0%| F|  |TAMS 0x00000000a8e00000| PB 0x00000000a8e00000| Untracked 
|  99|0x00000000a8f00000, 0x00000000a8f00000, 0x00000000a9000000|  0%| F|  |TAMS 0x00000000a8f00000| PB 0x00000000a8f00000| Untracked 
| 100|0x00000000a9000000, 0x00000000a9000000, 0x00000000a9100000|  0%| F|  |TAMS 0x00000000a9000000| PB 0x00000000a9000000| Untracked 
| 101|0x00000000a9100000, 0x00000000a9100000, 0x00000000a9200000|  0%| F|  |TAMS 0x00000000a9100000| PB 0x00000000a9100000| Untracked 
| 102|0x00000000a9200000, 0x00000000a9200000, 0x00000000a9300000|  0%| F|  |TAMS 0x00000000a9200000| PB 0x00000000a9200000| Untracked 
| 103|0x00000000a9300000, 0x00000000a9300000, 0x00000000a9400000|  0%| F|  |TAMS 0x00000000a9300000| PB 0x00000000a9300000| Untracked 
| 104|0x00000000a9400000, 0x00000000a9400000, 0x00000000a9500000|  0%| F|  |TAMS 0x00000000a9400000| PB 0x00000000a9400000| Untracked 
| 105|0x00000000a9500000, 0x00000000a9500000, 0x00000000a9600000|  0%| F|  |TAMS 0x00000000a9500000| PB 0x00000000a9500000| Untracked 
| 106|0x00000000a9600000, 0x00000000a9600000, 0x00000000a9700000|  0%| F|  |TAMS 0x00000000a9600000| PB 0x00000000a9600000| Untracked 
| 107|0x00000000a9700000, 0x00000000a9700000, 0x00000000a9800000|  0%| F|  |TAMS 0x00000000a9700000| PB 0x00000000a9700000| Untracked 
| 108|0x00000000a9800000, 0x00000000a9800000, 0x00000000a9900000|  0%| F|  |TAMS 0x00000000a9800000| PB 0x00000000a9800000| Untracked 
|1489|0x00000000ffd00000, 0x00000000ffd00000, 0x00000000ffe00000|  0%| F|  |TAMS 0x00000000ffd00000| PB 0x00000000ffd00000| Untracked 
|1490|0x00000000ffe00000, 0x00000000fff00000, 0x00000000fff00000|100%| O|  |TAMS 0x00000000ffe00000| PB 0x00000000ffe00000| Untracked 
|1491|0x00000000fff00000, 0x0000000100000000, 0x0000000100000000|100%| O|  |TAMS 0x00000000fff00000| PB 0x00000000fff00000| Untracked 

Card table byte_map: [0x00000195f9fa0000,0x00000195fa290000] _byte_map_base: 0x00000195f9a8a000

Marking Bits: (CMBitMap*) 0x00000195f685dd70
 Bits: [0x00000195fa290000, 0x00000195fb9e0000)

Polling page: 0x00000195f4840000

Metaspace:

Usage:
  Non-class:     44.89 MB used.
      Class:      6.14 MB used.
       Both:     51.03 MB used.

Virtual space:
  Non-class space:       64.00 MB reserved,      45.25 MB ( 71%) committed,  1 nodes.
      Class space:        1.00 GB reserved,       6.50 MB ( <1%) committed,  1 nodes.
             Both:        1.06 GB reserved,      51.75 MB (  5%) committed. 

Chunk freelists:
   Non-Class:  2.08 MB
       Class:  9.54 MB
        Both:  11.62 MB

MaxMetaspaceSize: unlimited
CompressedClassSpaceSize: 1.00 GB
Initial GC threshold: 21.00 MB
Current GC threshold: 86.25 MB
CDS: off
 - commit_granule_bytes: 65536.
 - commit_granule_words: 8192.
 - virtual_space_node_default_size: 8388608.
 - enlarge_chunks_in_place: 1.
 - use_allocation_guard: 0.


Internal statistics:

num_allocs_failed_limit: 3.
num_arena_births: 1150.
num_arena_deaths: 0.
num_vsnodes_births: 2.
num_vsnodes_deaths: 0.
num_space_committed: 826.
num_space_uncommitted: 0.
num_chunks_returned_to_freelist: 3.
num_chunks_taken_from_freelist: 2806.
num_chunk_merges: 3.
num_chunk_splits: 2127.
num_chunks_enlarged: 1616.
num_inconsistent_stats: 0.

CodeHeap 'non-profiled nmethods': size=120000Kb used=3556Kb max_used=3586Kb free=116443Kb
 bounds [0x0000019587ad0000, 0x0000019587e60000, 0x000001958f000000]
CodeHeap 'profiled nmethods': size=120000Kb used=10889Kb max_used=11347Kb free=109110Kb
 bounds [0x0000019580000000, 0x0000019580b20000, 0x0000019587530000]
CodeHeap 'non-nmethods': size=5760Kb used=1444Kb max_used=1531Kb free=4315Kb
 bounds [0x0000019587530000, 0x00000195877a0000, 0x0000019587ad0000]
CodeCache: size=245760Kb, used=15889Kb, max_used=16464Kb, free=229868Kb
 total_blobs=5724, nmethods=5110, adapters=518, full_count=0
Compilation: enabled, stopped_count=0, restarted_count=0

Compilation events (20 events):
Event: 7.743 Thread 0x00000195932bbb70 nmethod 6065 0x0000019587bbcc90 code [0x0000019587bbce40, 0x0000019587bbd1e8]
Event: 7.744 Thread 0x00000195fe5cfc60 6083       4       org.jetbrains.kotlin.name.Name::getIdentifierOrNullIfSpecial (14 bytes)
Event: 7.745 Thread 0x00000195932bbb70 6084       4       java.util.regex.Pattern$LastNode::match (45 bytes)
Event: 7.745 Thread 0x00000195fe5cfc60 nmethod 6083 0x0000019587d56610 code [0x0000019587d567a0, 0x0000019587d56868]
Event: 7.745 Thread 0x00000195fe5cfc60 6085       4       org.jetbrains.kotlin.cli.jvm.index.JvmDependenciesIndexImpl::travelPath (157 bytes)
Event: 7.745 Thread 0x00000195932bbb70 nmethod 6084 0x0000019587d56090 code [0x0000019587d56220, 0x0000019587d56338]
Event: 7.746 Thread 0x00000195932bbb70 6086       4       org.jetbrains.kotlin.name.FqNameUnsafe::shortName (56 bytes)
Event: 7.747 Thread 0x00000195932bbb70 nmethod 6086 0x0000019587c8a290 code [0x0000019587c8a440, 0x0000019587c8a570]
Event: 7.747 Thread 0x00000195932bbb70 6087       4       gnu.trove.THashMap::get (21 bytes)
Event: 7.748 Thread 0x00000195932bbb70 nmethod 6087 0x0000019587c89c90 code [0x0000019587c89e20, 0x0000019587c89f20]
Event: 7.749 Thread 0x00000195932bbb70 6088       4       org.jetbrains.kotlin.metadata.jvm.deserialization.JvmMetadataVersion::newerThan (48 bytes)
Event: 7.749 Thread 0x00000195932bbb70 nmethod 6088 0x0000019587d07010 code [0x0000019587d071a0, 0x0000019587d07278]
Event: 7.753 Thread 0x00000195932bbb70 6089       4       org.jetbrains.kotlin.com.intellij.psi.search.GlobalSearchScope$UnionScope$$Lambda/0x00000001003fefc0::value (12 bytes)
Event: 7.753 Thread 0x00000195932bbb70 nmethod 6089 0x0000019587d06c90 code [0x0000019587d06e20, 0x0000019587d06f20]
Event: 7.754 Thread 0x00000195932bbb70 6090       4       java.nio.MappedByteBuffer::limit (6 bytes)
Event: 7.754 Thread 0x00000195932bbb70 nmethod 6090 0x0000019587d06690 code [0x0000019587d06820, 0x0000019587d06940]
Event: 7.756 Thread 0x00000195932bbb70 6091       4       org.jetbrains.kotlin.load.kotlin.FileBasedKotlinClass$3::visit (64 bytes)
Event: 7.772 Thread 0x00000195932bbb70 nmethod 6091 0x0000019587cbe290 code [0x0000019587cbe500, 0x0000019587cbf250]
Event: 7.773 Thread 0x00000195932bbb70 6093       4       org.jetbrains.kotlin.cli.jvm.index.JvmDependenciesIndexImpl::search (374 bytes)
Event: 7.846 Thread 0x00000195fe5f2800 6100       3       org.jetbrains.kotlin.load.java.lazy.descriptors.LazyJavaPackageFragment$binaryClasses$2::invoke (215 bytes)

GC Heap History (20 events):
Event: 4.282 GC heap after
{Heap after GC invocations=14 (full 0):
 garbage-first heap   total 71680K, used 35485K [0x00000000a2c00000, 0x0000000100000000)
  region size 1024K, 3 young (3072K), 3 survivors (3072K)
 Metaspace       used 42795K, committed 43456K, reserved 1114112K
  class space    used 5244K, committed 5568K, reserved 1048576K
}
Event: 4.699 GC heap before
{Heap before GC invocations=14 (full 0):
 garbage-first heap   total 71680K, used 60061K [0x00000000a2c00000, 0x0000000100000000)
  region size 1024K, 27 young (27648K), 3 survivors (3072K)
 Metaspace       used 43716K, committed 44352K, reserved 1114112K
  class space    used 5367K, committed 5696K, reserved 1048576K
}
Event: 4.714 GC heap after
{Heap after GC invocations=15 (full 0):
 garbage-first heap   total 71680K, used 42862K [0x00000000a2c00000, 0x0000000100000000)
  region size 1024K, 4 young (4096K), 4 survivors (4096K)
 Metaspace       used 43716K, committed 44352K, reserved 1114112K
  class space    used 5367K, committed 5696K, reserved 1048576K
}
Event: 4.751 GC heap before
{Heap before GC invocations=15 (full 0):
 garbage-first heap   total 71680K, used 42862K [0x00000000a2c00000, 0x0000000100000000)
  region size 1024K, 5 young (5120K), 4 survivors (4096K)
 Metaspace       used 43979K, committed 44608K, reserved 1114112K
  class space    used 5401K, committed 5696K, reserved 1048576K
}
Event: 4.757 GC heap after
{Heap after GC invocations=16 (full 0):
 garbage-first heap   total 71680K, used 44266K [0x00000000a2c00000, 0x0000000100000000)
  region size 1024K, 1 young (1024K), 1 survivors (1024K)
 Metaspace       used 43979K, committed 44608K, reserved 1114112K
  class space    used 5401K, committed 5696K, reserved 1048576K
}
Event: 5.154 GC heap before
{Heap before GC invocations=17 (full 0):
 garbage-first heap   total 78848K, used 62698K [0x00000000a2c00000, 0x0000000100000000)
  region size 1024K, 17 young (17408K), 1 survivors (1024K)
 Metaspace       used 46071K, committed 46720K, reserved 1114112K
  class space    used 5632K, committed 5952K, reserved 1048576K
}
Event: 5.161 GC heap after
{Heap after GC invocations=18 (full 0):
 garbage-first heap   total 78848K, used 49152K [0x00000000a2c00000, 0x0000000100000000)
  region size 1024K, 3 young (3072K), 3 survivors (3072K)
 Metaspace       used 46071K, committed 46720K, reserved 1114112K
  class space    used 5632K, committed 5952K, reserved 1048576K
}
Event: 5.386 GC heap before
{Heap before GC invocations=18 (full 0):
 garbage-first heap   total 78848K, used 66560K [0x00000000a2c00000, 0x0000000100000000)
  region size 1024K, 21 young (21504K), 3 survivors (3072K)
 Metaspace       used 46373K, committed 47040K, reserved 1114112K
  class space    used 5645K, committed 5952K, reserved 1048576K
}
Event: 5.392 GC heap after
{Heap after GC invocations=19 (full 0):
 garbage-first heap   total 78848K, used 52118K [0x00000000a2c00000, 0x0000000100000000)
  region size 1024K, 3 young (3072K), 3 survivors (3072K)
 Metaspace       used 46373K, committed 47040K, reserved 1114112K
  class space    used 5645K, committed 5952K, reserved 1048576K
}
Event: 5.760 GC heap before
{Heap before GC invocations=19 (full 0):
 garbage-first heap   total 78848K, used 69526K [0x00000000a2c00000, 0x0000000100000000)
  region size 1024K, 20 young (20480K), 3 survivors (3072K)
 Metaspace       used 49172K, committed 49856K, reserved 1114112K
  class space    used 5973K, committed 6336K, reserved 1048576K
}
Event: 5.766 GC heap after
{Heap after GC invocations=20 (full 0):
 garbage-first heap   total 95232K, used 54218K [0x00000000a2c00000, 0x0000000100000000)
  region size 1024K, 2 young (2048K), 2 survivors (2048K)
 Metaspace       used 49172K, committed 49856K, reserved 1114112K
  class space    used 5973K, committed 6336K, reserved 1048576K
}
Event: 5.967 GC heap before
{Heap before GC invocations=21 (full 0):
 garbage-first heap   total 95232K, used 82890K [0x00000000a2c00000, 0x0000000100000000)
  region size 1024K, 29 young (29696K), 2 survivors (2048K)
 Metaspace       used 49323K, committed 49984K, reserved 1114112K
  class space    used 5982K, committed 6336K, reserved 1048576K
}
Event: 5.974 GC heap after
{Heap after GC invocations=22 (full 0):
 garbage-first heap   total 95232K, used 57344K [0x00000000a2c00000, 0x0000000100000000)
  region size 1024K, 4 young (4096K), 4 survivors (4096K)
 Metaspace       used 49323K, committed 49984K, reserved 1114112K
  class space    used 5982K, committed 6336K, reserved 1048576K
}
Event: 6.779 GC heap before
{Heap before GC invocations=22 (full 0):
 garbage-first heap   total 95232K, used 83968K [0x00000000a2c00000, 0x0000000100000000)
  region size 1024K, 29 young (29696K), 4 survivors (4096K)
 Metaspace       used 52123K, committed 52864K, reserved 1114112K
  class space    used 6287K, committed 6656K, reserved 1048576K
}
Event: 6.796 GC heap after
{Heap after GC invocations=23 (full 0):
 garbage-first heap   total 95232K, used 63459K [0x00000000a2c00000, 0x0000000100000000)
  region size 1024K, 4 young (4096K), 4 survivors (4096K)
 Metaspace       used 52123K, committed 52864K, reserved 1114112K
  class space    used 6287K, committed 6656K, reserved 1048576K
}
Event: 7.227 GC heap before
{Heap before GC invocations=23 (full 0):
 garbage-first heap   total 95232K, used 83939K [0x00000000a2c00000, 0x0000000100000000)
  region size 1024K, 25 young (25600K), 4 survivors (4096K)
 Metaspace       used 52246K, committed 52992K, reserved 1114112K
  class space    used 6289K, committed 6656K, reserved 1048576K
}
Event: 7.239 GC heap after
{Heap after GC invocations=24 (full 0):
 garbage-first heap   total 95232K, used 68009K [0x00000000a2c00000, 0x0000000100000000)
  region size 1024K, 4 young (4096K), 4 survivors (4096K)
 Metaspace       used 52246K, committed 52992K, reserved 1114112K
  class space    used 6289K, committed 6656K, reserved 1048576K
}
Event: 7.634 GC heap before
{Heap before GC invocations=25 (full 0):
 garbage-first heap   total 114688K, used 85417K [0x00000000a2c00000, 0x0000000100000000)
  region size 1024K, 21 young (21504K), 4 survivors (4096K)
 Metaspace       used 52253K, committed 52992K, reserved 1114112K
  class space    used 6289K, committed 6656K, reserved 1048576K
}
Event: 7.642 GC heap after
{Heap after GC invocations=26 (full 0):
 garbage-first heap   total 114688K, used 69979K [0x00000000a2c00000, 0x0000000100000000)
  region size 1024K, 3 young (3072K), 3 survivors (3072K)
 Metaspace       used 52253K, committed 52992K, reserved 1114112K
  class space    used 6289K, committed 6656K, reserved 1048576K
}
Event: 7.899 GC heap before
{Heap before GC invocations=26 (full 0):
 garbage-first heap   total 114688K, used 99675K [0x00000000a2c00000, 0x0000000100000000)
  region size 1024K, 32 young (32768K), 3 survivors (3072K)
 Metaspace       used 52253K, committed 52992K, reserved 1114112K
  class space    used 6289K, committed 6656K, reserved 1048576K
}

Dll operation events (3 events):
Event: 0.009 Loaded shared library C:\Program Files\Android\Android Studio\jbr\bin\java.dll
Event: 0.013 Loaded shared library C:\Program Files\Android\Android Studio\jbr\bin\zip.dll
Event: 1.228 Loaded shared library C:\Program Files\Android\Android Studio\jbr\bin\verify.dll

Deoptimization events (20 events):
Event: 6.797 Thread 0x00000195f6819890 DEOPT PACKING pc=0x00000195802b282a sp=0x00000090268fc690
Event: 6.797 Thread 0x00000195f6819890 DEOPT UNPACKING pc=0x0000019587584b42 sp=0x00000090268fbc00 mode 0
Event: 6.972 Thread 0x00000195f6819890 DEOPT PACKING pc=0x000001958073ab7d sp=0x00000090268fb490
Event: 6.972 Thread 0x00000195f6819890 DEOPT UNPACKING pc=0x0000019587584b42 sp=0x00000090268faa10 mode 0
Event: 7.104 Thread 0x00000195f6819890 DEOPT PACKING pc=0x000001958073ab7d sp=0x00000090268fd350
Event: 7.104 Thread 0x00000195f6819890 DEOPT UNPACKING pc=0x0000019587584b42 sp=0x00000090268fc8e8 mode 0
Event: 7.128 Thread 0x00000195f6819890 DEOPT PACKING pc=0x0000019580354f1f sp=0x00000090268fc790
Event: 7.128 Thread 0x00000195f6819890 DEOPT UNPACKING pc=0x0000019587584b42 sp=0x00000090268fbc68 mode 0
Event: 7.260 Thread 0x00000195f6819890 Uncommon trap: trap_request=0xffffff45 fr.pc=0x0000019587db3870 relative=0x0000000000000630
Event: 7.260 Thread 0x00000195f6819890 Uncommon trap: reason=unstable_if action=reinterpret pc=0x0000019587db3870 method=org.jetbrains.kotlin.metadata.ProtoBuf$Type.hasOuterType()Z @ 11 c2
Event: 7.260 Thread 0x00000195f6819890 DEOPT PACKING pc=0x0000019587db3870 sp=0x00000090268fbe60
Event: 7.260 Thread 0x00000195f6819890 DEOPT UNPACKING pc=0x00000195875843a2 sp=0x00000090268fbd38 mode 2
Event: 7.317 Thread 0x00000195f6819890 Uncommon trap: trap_request=0xffffff45 fr.pc=0x0000019587d3a67c relative=0x0000000000000adc
Event: 7.317 Thread 0x00000195f6819890 Uncommon trap: reason=unstable_if action=reinterpret pc=0x0000019587d3a67c method=org.jetbrains.org.objectweb.asm.ClassReader.readUtf(II[C)Ljava/lang/String; @ 69 c2
Event: 7.317 Thread 0x00000195f6819890 DEOPT PACKING pc=0x0000019587d3a67c sp=0x00000090268fc7d0
Event: 7.317 Thread 0x00000195f6819890 DEOPT UNPACKING pc=0x00000195875843a2 sp=0x00000090268fc6e0 mode 2
Event: 7.738 Thread 0x00000195f6819890 Uncommon trap: trap_request=0xffffffcc fr.pc=0x0000019587e57764 relative=0x0000000000006644
Event: 7.739 Thread 0x00000195f6819890 Uncommon trap: reason=intrinsic_or_type_checked_inlining action=make_not_entrant pc=0x0000019587e57764 method=java.util.ArrayList$SubList.toArray([Ljava/lang/Object;)[Ljava/lang/Object; @ 58 c2
Event: 7.739 Thread 0x00000195f6819890 DEOPT PACKING pc=0x0000019587e57764 sp=0x00000090268fce40
Event: 7.739 Thread 0x00000195f6819890 DEOPT UNPACKING pc=0x00000195875843a2 sp=0x00000090268fcbc8 mode 2

Classes loaded (20 events):
Event: 5.494 Loading class java/util/stream/IntPipeline$1$1
Event: 5.494 Loading class java/util/stream/Sink$ChainedInt
Event: 5.494 Loading class java/util/stream/Sink$OfInt
Event: 5.494 Loading class java/util/function/IntConsumer
Event: 5.494 Loading class java/util/function/IntConsumer done
Event: 5.494 Loading class java/util/stream/Sink$OfInt done
Event: 5.494 Loading class java/util/stream/Sink$ChainedInt done
Event: 5.494 Loading class java/util/stream/IntPipeline$1$1 done
Event: 5.499 Loading class java/util/RegularEnumSet$EnumSetIterator
Event: 5.500 Loading class java/util/RegularEnumSet$EnumSetIterator done
Event: 5.662 Loading class java/util/Collections$SingletonMap
Event: 5.662 Loading class java/util/Collections$SingletonMap done
Event: 6.184 Loading class java/util/ComparableTimSort
Event: 6.184 Loading class java/util/ComparableTimSort done
Event: 6.299 Loading class java/util/regex/Pattern$Bound
Event: 6.299 Loading class java/util/regex/Pattern$Bound done
Event: 6.300 Loading class java/util/regex/Pattern$LookBehindEndNode
Event: 6.300 Loading class java/util/regex/Pattern$LookBehindEndNode done
Event: 6.300 Loading class java/util/regex/Pattern$NotBehind
Event: 6.300 Loading class java/util/regex/Pattern$NotBehind done

Classes unloaded (0 events):
No events

Classes redefined (0 events):
No events

Internal exceptions (20 events):
Event: 3.628 Thread 0x00000195f6819890 Exception <a 'java/lang/NoSuchMethodError'{0x00000000a5205568}: 'java.lang.Object java.lang.invoke.DirectMethodHandle$Holder.invokeSpecial(java.lang.Object, java.lang.Object, java.lang.Object, java.lang.Object, java.lang.Object, java.lang.Object, java.lang.Object, java.lang.Object, java.lang.Object, java.lang.Object, java.lang.Object, java.lang.Object, java.lang.Object, java.lang.Object, java.lang.Object, java.lang.Object, java.lang.Object)'> (0x00000000a5205568) 
thrown [s\src\hotspot\share\interpreter\li
Event: 3.629 Thread 0x00000195f6819890 Exception <a 'java/lang/NoSuchMethodError'{0x00000000a5209ef8}: 'java.lang.Object java.lang.invoke.DelegatingMethodHandle$Holder.reinvoke_L(java.lang.Object, java.lang.Object, java.lang.Object, java.lang.Object, java.lang.Object, java.lang.Object, java.lang.Object, java.lang.Object, java.lang.Object, java.lang.Object, java.lang.Object, java.lang.Object, java.lang.Object, java.lang.Object, java.lang.Object, java.lang.Object)'> (0x00000000a5209ef8) 
thrown [s\src\hotspot\share\interpreter\linkResolver.cpp, l
Event: 3.638 Thread 0x00000195f6819890 Exception <a 'java/lang/NoSuchMethodError'{0x00000000a5293ac8}: 'java.lang.Object java.lang.invoke.DirectMethodHandle$Holder.newInvokeSpecial(java.lang.Object, java.lang.Object, java.lang.Object, java.lang.Object, java.lang.Object, java.lang.Object, java.lang.Object, java.lang.Object, java.lang.Object, java.lang.Object, java.lang.Object, java.lang.Object, java.lang.Object, java.lang.Object, java.lang.Object, java.lang.Object, java.lang.Object, java.lang.Object)'> (0x00000000a5293ac8) 
thrown [s\src\hotspot
Event: 3.639 Thread 0x00000195f6819890 Exception <a 'java/lang/NoSuchMethodError'{0x00000000a52996f8}: 'java.lang.Object java.lang.invoke.DirectMethodHandle$Holder.invokeSpecial(java.lang.Object, java.lang.Object, java.lang.Object, java.lang.Object, java.lang.Object, java.lang.Object, java.lang.Object, java.lang.Object, java.lang.Object, java.lang.Object, java.lang.Object, java.lang.Object, java.lang.Object, java.lang.Object, java.lang.Object, java.lang.Object, java.lang.Object, java.lang.Object, java.lang.Object)'> (0x00000000a52996f8) 
thrown
Event: 3.639 Thread 0x00000195f6819890 Exception <a 'java/lang/NoSuchMethodError'{0x00000000a529e370}: 'java.lang.Object java.lang.invoke.DelegatingMethodHandle$Holder.reinvoke_L(java.lang.Object, java.lang.Object, java.lang.Object, java.lang.Object, java.lang.Object, java.lang.Object, java.lang.Object, java.lang.Object, java.lang.Object, java.lang.Object, java.lang.Object, java.lang.Object, java.lang.Object, java.lang.Object, java.lang.Object, java.lang.Object, java.lang.Object, java.lang.Object)'> (0x00000000a529e370) 
thrown [s\src\hotspot\s
Event: 3.649 Thread 0x00000195f6819890 Exception <a 'java/lang/NoSuchMethodError'{0x00000000a5126708}: 'java.lang.Object java.lang.invoke.DirectMethodHandle$Holder.newInvokeSpecial(java.lang.Object, java.lang.Object, java.lang.Object, java.lang.Object, java.lang.Object, java.lang.Object, java.lang.Object, java.lang.Object, java.lang.Object, java.lang.Object, java.lang.Object, java.lang.Object, java.lang.Object, java.lang.Object, java.lang.Object, java.lang.Object, java.lang.Object, java.lang.Object, java.lang.Object, java.lang.Object, java.lang
Event: 3.649 Thread 0x00000195f6819890 Exception <a 'java/lang/NoSuchMethodError'{0x00000000a512d5c0}: 'java.lang.Object java.lang.invoke.DirectMethodHandle$Holder.invokeSpecial(java.lang.Object, java.lang.Object, java.lang.Object, java.lang.Object, java.lang.Object, java.lang.Object, java.lang.Object, java.lang.Object, java.lang.Object, java.lang.Object, java.lang.Object, java.lang.Object, java.lang.Object, java.lang.Object, java.lang.Object, java.lang.Object, java.lang.Object, java.lang.Object, java.lang.Object, java.lang.Object, java.lang.Ob
Event: 3.649 Thread 0x00000195f6819890 Exception <a 'java/lang/NoSuchMethodError'{0x00000000a5132d38}: 'java.lang.Object java.lang.invoke.DelegatingMethodHandle$Holder.reinvoke_L(java.lang.Object, java.lang.Object, java.lang.Object, java.lang.Object, java.lang.Object, java.lang.Object, java.lang.Object, java.lang.Object, java.lang.Object, java.lang.Object, java.lang.Object, java.lang.Object, java.lang.Object, java.lang.Object, java.lang.Object, java.lang.Object, java.lang.Object, java.lang.Object, java.lang.Object, java.lang.Object, java.lang.O
Event: 3.664 Thread 0x00000195f6819890 Exception <a 'java/lang/NoSuchMethodError'{0x00000000ffd013d0}: 'java.lang.Object java.lang.invoke.DirectMethodHandle$Holder.invokeStatic(java.lang.Object, java.lang.Object, java.lang.Object, java.lang.Object, java.lang.Object, java.lang.Object, java.lang.Object, java.lang.Object, java.lang.Object, java.lang.Object, java.lang.Object, java.lang.Object, java.lang.Object, java.lang.Object, java.lang.Object, java.lang.Object, java.lang.Object, java.lang.Object, java.lang.Object, java.lang.Object, java.lang.Obj
Event: 3.667 Thread 0x00000195f6819890 Exception <a 'java/lang/NoSuchMethodError'{0x00000000ffd343f0}: 'java.lang.Object java.lang.invoke.DirectMethodHandle$Holder.invokeStatic(java.lang.Object, java.lang.Object, java.lang.Object, java.lang.Object, java.lang.Object, java.lang.Object, java.lang.Object, java.lang.Object, java.lang.Object, java.lang.Object, java.lang.Object, java.lang.Object, java.lang.Object, java.lang.Object, java.lang.Object, java.lang.Object, java.lang.Object, java.lang.Object, java.lang.Object, java.lang.Object, java.lang.Obj
Event: 3.681 Thread 0x00000195f6819890 Exception <a 'java/lang/NoSuchMethodError'{0x00000000ffdad8c8}: 'java.lang.Object java.lang.invoke.DirectMethodHandle$Holder.newInvokeSpecial(java.lang.Object, java.lang.Object, java.lang.Object, java.lang.Object, java.lang.Object, java.lang.Object, java.lang.Object, java.lang.Object, java.lang.Object, java.lang.Object, java.lang.Object, java.lang.Object, java.lang.Object)'> (0x00000000ffdad8c8) 
thrown [s\src\hotspot\share\interpreter\linkResolver.cpp, line 784]
Event: 3.687 Thread 0x00000195f6819890 Exception <a 'java/lang/NoSuchMethodError'{0x00000000ffdb28d8}: 'java.lang.Object java.lang.invoke.DirectMethodHandle$Holder.invokeSpecial(java.lang.Object, java.lang.Object, java.lang.Object, java.lang.Object, java.lang.Object, java.lang.Object, java.lang.Object, java.lang.Object, java.lang.Object, java.lang.Object, java.lang.Object, java.lang.Object, java.lang.Object, java.lang.Object)'> (0x00000000ffdb28d8) 
thrown [s\src\hotspot\share\interpreter\linkResolver.cpp, line 784]
Event: 3.687 Thread 0x00000195f6819890 Exception <a 'java/lang/NoSuchMethodError'{0x00000000ffdb6e28}: 'java.lang.Object java.lang.invoke.DelegatingMethodHandle$Holder.reinvoke_L(java.lang.Object, java.lang.Object, java.lang.Object, java.lang.Object, java.lang.Object, java.lang.Object, java.lang.Object, java.lang.Object, java.lang.Object, java.lang.Object, java.lang.Object, java.lang.Object, java.lang.Object)'> (0x00000000ffdb6e28) 
thrown [s\src\hotspot\share\interpreter\linkResolver.cpp, line 784]
Event: 3.882 Thread 0x00000195f6819890 Exception <a 'java/lang/NoSuchMethodError'{0x00000000a5c72f98}: 'java.lang.Object java.lang.invoke.DirectMethodHandle$Holder.newInvokeSpecial(java.lang.Object, java.lang.Object, int)'> (0x00000000a5c72f98) 
thrown [s\src\hotspot\share\interpreter\linkResolver.cpp, line 784]
Event: 3.910 Thread 0x00000195f6819890 Exception <a 'java/lang/NoSuchMethodError'{0x00000000a5cc76a0}: 'java.lang.Object java.lang.invoke.Invokers$Holder.invokeExact_MT(java.lang.Object, java.lang.Object, long, java.lang.Object)'> (0x00000000a5cc76a0) 
thrown [s\src\hotspot\share\interpreter\linkResolver.cpp, line 784]
Event: 4.544 Thread 0x00000195f6819890 Implicit null exception at 0x0000019587cae8e2 to 0x0000019587cb6014
Event: 5.423 Thread 0x00000195f6819890 Exception <a 'java/lang/NoSuchMethodError'{0x00000000a8916c78}: 'java.lang.Object java.lang.invoke.DirectMethodHandle$Holder.newInvokeSpecial(java.lang.Object, java.lang.Object, java.lang.Object, int)'> (0x00000000a8916c78) 
thrown [s\src\hotspot\share\interpreter\linkResolver.cpp, line 784]
Event: 5.424 Thread 0x00000195f6819890 Exception <a 'java/lang/NoSuchMethodError'{0x00000000a891adb8}: 'java.lang.Object java.lang.invoke.DirectMethodHandle$Holder.invokeSpecial(java.lang.Object, java.lang.Object, java.lang.Object, java.lang.Object, int)'> (0x00000000a891adb8) 
thrown [s\src\hotspot\share\interpreter\linkResolver.cpp, line 784]
Event: 5.424 Thread 0x00000195f6819890 Exception <a 'java/lang/NoSuchMethodError'{0x00000000a891e500}: 'java.lang.Object java.lang.invoke.Invokers$Holder.linkToTargetMethod(java.lang.Object, java.lang.Object, int, java.lang.Object)'> (0x00000000a891e500) 
thrown [s\src\hotspot\share\interpreter\linkResolver.cpp, line 784]
Event: 5.490 Thread 0x00000195f6819890 Exception <a 'java/lang/NoSuchMethodError'{0x00000000a73e7190}: 'java.lang.Object java.lang.invoke.DirectMethodHandle$Holder.invokeSpecial(java.lang.Object, java.lang.Object, java.lang.Object, java.lang.Object, java.lang.Object, java.lang.Object, int)'> (0x00000000a73e7190) 
thrown [s\src\hotspot\share\interpreter\linkResolver.cpp, line 784]

ZGC Phase Switch (0 events):
No events

VM Operations (20 events):
Event: 6.168 Executing VM operation: HandshakeAllThreads (Deoptimize) done
Event: 6.183 Executing VM operation: HandshakeAllThreads (Deoptimize)
Event: 6.183 Executing VM operation: HandshakeAllThreads (Deoptimize) done
Event: 6.328 Executing VM operation: HandshakeAllThreads (Deoptimize)
Event: 6.328 Executing VM operation: HandshakeAllThreads (Deoptimize) done
Event: 6.340 Executing VM operation: ICBufferFull
Event: 6.340 Executing VM operation: ICBufferFull done
Event: 6.566 Executing VM operation: ICBufferFull
Event: 6.566 Executing VM operation: ICBufferFull done
Event: 6.779 Executing VM operation: G1CollectForAllocation (G1 Evacuation Pause)
Event: 6.796 Executing VM operation: G1CollectForAllocation (G1 Evacuation Pause) done
Event: 7.227 Executing VM operation: G1CollectForAllocation (G1 Evacuation Pause)
Event: 7.239 Executing VM operation: G1CollectForAllocation (G1 Evacuation Pause) done
Event: 7.289 Executing VM operation: G1PauseRemark
Event: 7.298 Executing VM operation: G1PauseRemark done
Event: 7.316 Executing VM operation: G1PauseCleanup
Event: 7.316 Executing VM operation: G1PauseCleanup done
Event: 7.634 Executing VM operation: G1CollectForAllocation (G1 Evacuation Pause)
Event: 7.642 Executing VM operation: G1CollectForAllocation (G1 Evacuation Pause) done
Event: 7.899 Executing VM operation: G1CollectForAllocation (G1 Evacuation Pause)

Memory protections (0 events):
No events

Nmethod flushes (20 events):
Event: 7.297 Thread 0x00000195fe3fa550 flushing  nmethod 0x0000019580521c90
Event: 7.297 Thread 0x00000195fe3fa550 flushing  nmethod 0x00000195805b5f90
Event: 7.297 Thread 0x00000195fe3fa550 flushing  nmethod 0x00000195805caf90
Event: 7.297 Thread 0x00000195fe3fa550 flushing  nmethod 0x00000195805ebf10
Event: 7.297 Thread 0x00000195fe3fa550 flushing  nmethod 0x0000019580603690
Event: 7.297 Thread 0x00000195fe3fa550 flushing  nmethod 0x0000019580604990
Event: 7.297 Thread 0x00000195fe3fa550 flushing  nmethod 0x000001958060bc90
Event: 7.297 Thread 0x00000195fe3fa550 flushing  nmethod 0x000001958060c010
Event: 7.297 Thread 0x00000195fe3fa550 flushing  nmethod 0x0000019580610690
Event: 7.297 Thread 0x00000195fe3fa550 flushing  nmethod 0x000001958061ba10
Event: 7.297 Thread 0x00000195fe3fa550 flushing  nmethod 0x00000195806ef490
Event: 7.297 Thread 0x00000195fe3fa550 flushing  nmethod 0x00000195806ef890
Event: 7.297 Thread 0x00000195fe3fa550 flushing  nmethod 0x00000195806f1d10
Event: 7.297 Thread 0x00000195fe3fa550 flushing  nmethod 0x00000195806f2390
Event: 7.297 Thread 0x00000195fe3fa550 flushing  nmethod 0x00000195806f2e90
Event: 7.297 Thread 0x00000195fe3fa550 flushing  nmethod 0x00000195806f3290
Event: 7.297 Thread 0x00000195fe3fa550 flushing  nmethod 0x0000019580781710
Event: 7.297 Thread 0x00000195fe3fa550 flushing  nmethod 0x00000195807b0c90
Event: 7.297 Thread 0x00000195fe3fa550 flushing  nmethod 0x00000195807b7710
Event: 7.297 Thread 0x00000195fe3fa550 flushing  nmethod 0x00000195807df510

Events (19 events):
Event: 0.013 Thread 0x00000195f6819890 Thread added: 0x00000195f6819890
Event: 0.049 Thread 0x00000195f6819890 Thread added: 0x00000195fe5ac7b0
Event: 0.053 Thread 0x00000195f6819890 Thread added: 0x00000195fe5b2370
Event: 0.054 Thread 0x00000195f6819890 Thread added: 0x00000195fe5b2dd0
Event: 0.055 Thread 0x00000195f6819890 Thread added: 0x00000195fe5d8ce0
Event: 0.055 Thread 0x00000195f6819890 Thread added: 0x00000195fe5d9740
Event: 0.055 Thread 0x00000195f6819890 Thread added: 0x00000195fe5ce470
Event: 0.055 Thread 0x00000195f6819890 Thread added: 0x00000195fe5ceed0
Event: 0.055 Thread 0x00000195f6819890 Thread added: 0x00000195fe5cfc60
Event: 0.055 Thread 0x00000195f6819890 Thread added: 0x00000195fe5f2800
Event: 0.094 Thread 0x00000195f6819890 Thread added: 0x00000195fe7acb30
Event: 0.111 Loaded shared library C:\Program Files\Android\Android Studio\jbr\bin\net.dll
Event: 0.113 Loaded shared library C:\Program Files\Android\Android Studio\jbr\bin\nio.dll
Event: 0.139 Thread 0x00000195fe5cfc60 Thread added: 0x00000195fe837850
Event: 0.139 Thread 0x00000195fe5cfc60 Thread added: 0x00000195fe837f00
Event: 0.149 Loaded shared library C:\Program Files\Android\Android Studio\jbr\bin\zip.dll
Event: 0.192 Loaded shared library C:\Program Files\Android\Android Studio\jbr\bin\jimage.dll
Event: 0.497 Thread 0x00000195fe837f00 Thread exited: 0x00000195fe837f00
Event: 1.670 Thread 0x00000195fe5cfc60 Thread added: 0x00000195932bbb70


Dynamic libraries:
0x00007ff654020000 - 0x00007ff65402a000 	C:\Program Files\Android\Android Studio\jbr\bin\java.exe
0x00007ffd7cf20000 - 0x00007ffd7d187000 	C:\WINDOWS\SYSTEM32\ntdll.dll
0x00007ffd7ad70000 - 0x00007ffd7ae39000 	C:\WINDOWS\System32\KERNEL32.DLL
0x00007ffd79930000 - 0x00007ffd79d21000 	C:\WINDOWS\System32\KERNELBASE.dll
0x00007ffd79ff0000 - 0x00007ffd7a13b000 	C:\WINDOWS\System32\ucrtbase.dll
0x00007ffd657f0000 - 0x00007ffd6580b000 	C:\Program Files\Android\Android Studio\jbr\bin\VCRUNTIME140.dll
0x00007ffd67430000 - 0x00007ffd67448000 	C:\Program Files\Android\Android Studio\jbr\bin\jli.dll
0x00007ffd7beb0000 - 0x00007ffd7c075000 	C:\WINDOWS\System32\USER32.dll
0x00007ffd651d0000 - 0x00007ffd65463000 	C:\WINDOWS\WinSxS\amd64_microsoft.windows.common-controls_6595b64144ccf1df_6.0.26100.8037_none_3e092faae333b53b\COMCTL32.dll
0x00007ffd7a1f0000 - 0x00007ffd7a217000 	C:\WINDOWS\System32\win32u.dll
0x00007ffd7c2e0000 - 0x00007ffd7c389000 	C:\WINDOWS\System32\msvcrt.dll
0x00007ffd7c090000 - 0x00007ffd7c0bb000 	C:\WINDOWS\System32\GDI32.dll
0x00007ffd79800000 - 0x00007ffd7992b000 	C:\WINDOWS\System32\gdi32full.dll
0x00007ffd79d30000 - 0x00007ffd79dd3000 	C:\WINDOWS\System32\msvcp_win.dll
0x00007ffd7c410000 - 0x00007ffd7c441000 	C:\WINDOWS\System32\IMM32.DLL
0x00007ffd65920000 - 0x00007ffd6592c000 	C:\Program Files\Android\Android Studio\jbr\bin\vcruntime140_1.dll
0x00007ffd457e0000 - 0x00007ffd4586d000 	C:\Program Files\Android\Android Studio\jbr\bin\msvcp140.dll
0x00007ffcbf950000 - 0x00007ffcc05e6000 	C:\Program Files\Android\Android Studio\jbr\bin\server\jvm.dll
0x00007ffd7c1a0000 - 0x00007ffd7c25b000 	C:\WINDOWS\System32\ADVAPI32.dll
0x00007ffd7b720000 - 0x00007ffd7b7c7000 	C:\WINDOWS\System32\sechost.dll
0x00007ffd7b900000 - 0x00007ffd7ba18000 	C:\WINDOWS\System32\RPCRT4.dll
0x00007ffd7acc0000 - 0x00007ffd7ad34000 	C:\WINDOWS\System32\WS2_32.dll
0x00007ffd79660000 - 0x00007ffd796be000 	C:\WINDOWS\SYSTEM32\POWRPROF.dll
0x00007ffd6bd60000 - 0x00007ffd6bd6b000 	C:\WINDOWS\SYSTEM32\VERSION.dll
0x00007ffd6fa40000 - 0x00007ffd6fa75000 	C:\WINDOWS\SYSTEM32\WINMM.dll
0x00007ffd79640000 - 0x00007ffd79654000 	C:\WINDOWS\SYSTEM32\UMPDC.dll
0x00007ffd78590000 - 0x00007ffd785ab000 	C:\WINDOWS\SYSTEM32\kernel.appcore.dll
0x00007ffd64ca0000 - 0x00007ffd64caa000 	C:\Program Files\Android\Android Studio\jbr\bin\jimage.dll
0x00007ffd6cbe0000 - 0x00007ffd6ce22000 	C:\WINDOWS\SYSTEM32\DBGHELP.DLL
0x00007ffd7c670000 - 0x00007ffd7c9f2000 	C:\WINDOWS\System32\combase.dll
0x00007ffd7c0c0000 - 0x00007ffd7c197000 	C:\WINDOWS\System32\OLEAUT32.dll
0x00007ffd60bc0000 - 0x00007ffd60bfb000 	C:\WINDOWS\SYSTEM32\dbgcore.DLL
0x00007ffd7a140000 - 0x00007ffd7a1e5000 	C:\WINDOWS\System32\bcryptPrimitives.dll
0x00007ffd5e000000 - 0x00007ffd5e020000 	C:\Program Files\Android\Android Studio\jbr\bin\java.dll
0x00007ffd5d7f0000 - 0x00007ffd5d808000 	C:\Program Files\Android\Android Studio\jbr\bin\zip.dll
0x00007ffd7ae40000 - 0x00007ffd7b59f000 	C:\WINDOWS\System32\SHELL32.dll
0x00007ffd7a220000 - 0x00007ffd7a38a000 	C:\WINDOWS\System32\wintypes.dll
0x00007ffd7a450000 - 0x00007ffd7acb4000 	C:\WINDOWS\System32\windows.storage.dll
0x00007ffd7ca90000 - 0x00007ffd7cb87000 	C:\WINDOWS\System32\SHCORE.dll
0x00007ffd7c260000 - 0x00007ffd7c2c7000 	C:\WINDOWS\System32\shlwapi.dll
0x00007ffd79720000 - 0x00007ffd79749000 	C:\WINDOWS\SYSTEM32\profapi.dll
0x00007ffd63920000 - 0x00007ffd63930000 	C:\Program Files\Android\Android Studio\jbr\bin\net.dll
0x00007ffd6ea30000 - 0x00007ffd6eb57000 	C:\WINDOWS\SYSTEM32\WINHTTP.dll
0x00007ffd78b00000 - 0x00007ffd78b6b000 	C:\WINDOWS\system32\mswsock.dll
0x00007ffd5cc20000 - 0x00007ffd5cc36000 	C:\Program Files\Android\Android Studio\jbr\bin\nio.dll
0x00007ffd638c0000 - 0x00007ffd638d0000 	C:\Program Files\Android\Android Studio\jbr\bin\verify.dll

JVMTI agents: none

dbghelp: loaded successfully - version: 4.0.5 - missing functions: none
symbol engine: initialized successfully - sym options: 0x614 - pdb path: .;C:\Program Files\Android\Android Studio\jbr\bin;C:\WINDOWS\SYSTEM32;C:\WINDOWS\WinSxS\amd64_microsoft.windows.common-controls_6595b64144ccf1df_6.0.26100.8037_none_3e092faae333b53b;C:\Program Files\Android\Android Studio\jbr\bin\server

VM Arguments:
java_command: org.jetbrains.kotlin.cli.jvm.K2JVMCompiler @D:\Projects\SchoolSyncParent\app\build\20260424_9572269079334679489.compiler.options
java_class_path (initial): C:\Users\91865\.gradle\caches\modules-2\files-2.1\org.jetbrains.kotlin\kotlin-compiler-embeddable\1.9.22\9cd4dc7773cf2a99ecd961a88fbbc9a2da3fb5e1\kotlin-compiler-embeddable-1.9.22.jar;C:\Users\91865\.gradle\caches\modules-2\files-2.1\org.jetbrains.kotlin\kotlin-stdlib\1.9.22\d6c44cd08d8f3f9bece8101216dbe6553365c6e3\kotlin-stdlib-1.9.22.jar;C:\Users\91865\.gradle\caches\modules-2\files-2.1\org.jetbrains.kotlin\kotlin-script-runtime\1.9.22\f8139a46fc677ec9badc49ae954392f4f5e7e7c7\kotlin-script-runtime-1.9.22.jar;C:\Users\91865\.gradle\caches\modules-2\files-2.1\org.jetbrains.kotlin\kotlin-reflect\1.6.10\1cbe9c92c12a94eea200d23c2bbaedaf3daf5132\kotlin-reflect-1.6.10.jar;C:\Users\91865\.gradle\caches\modules-2\files-2.1\org.jetbrains.kotlin\kotlin-daemon-embeddable\1.9.22\20e2c5df715f3240c765cfc222530e2796542021\kotlin-daemon-embeddable-1.9.22.jar;C:\Users\91865\.gradle\caches\modules-2\files-2.1\org.jetbrains.intellij.deps\trove4j\1.0.20200330\3afb14d5f9ceb459d724e907a21145e8ff394f02\trove4j-1.0.20200330.jar;C:\Users\91865\.gradle\caches\modules-2\files-2.1\org.jetbrains\annotations\13.0\919f0dfe192fb4e063e7dacadee7f8bb9a2672a9\annotations-13.0.jar
Launcher Type: SUN_STANDARD

[Global flags]
     intx CICompilerCount                          = 4                                         {product} {ergonomic}
     uint ConcGCThreads                            = 2                                         {product} {ergonomic}
     uint G1ConcRefinementThreads                  = 8                                         {product} {ergonomic}
   size_t G1HeapRegionSize                         = 1048576                                   {product} {ergonomic}
    uintx GCDrainStackTargetSize                   = 64                                        {product} {ergonomic}
   size_t InitialHeapSize                          = 98566144                                  {product} {ergonomic}
   size_t MarkStackSize                            = 4194304                                   {product} {ergonomic}
   size_t MaxHeapSize                              = 1564475392                                {product} {ergonomic}
   size_t MaxNewSize                               = 938475520                                 {product} {ergonomic}
   size_t MinHeapDeltaBytes                        = 1048576                                   {product} {ergonomic}
   size_t MinHeapSize                              = 8388608                                   {product} {ergonomic}
    uintx NonNMethodCodeHeapSize                   = 5839372                                {pd product} {ergonomic}
    uintx NonProfiledCodeHeapSize                  = 122909434                              {pd product} {ergonomic}
    uintx ProfiledCodeHeapSize                     = 122909434                              {pd product} {ergonomic}
    uintx ReservedCodeCacheSize                    = 251658240                              {pd product} {ergonomic}
     bool SegmentedCodeCache                       = true                                      {product} {ergonomic}
   size_t SoftMaxHeapSize                          = 1564475392                             {manageable} {ergonomic}
     bool UseCompressedOops                        = true                           {product lp64_product} {ergonomic}
     bool UseG1GC                                  = true                                      {product} {ergonomic}
     bool UseLargePagesIndividualAllocation        = false                                  {pd product} {ergonomic}

Logging:
Log output configuration:
 #0: stdout all=warning uptime,level,tags foldmultilines=false
 #1: stderr all=off uptime,level,tags foldmultilines=false

Release file:
JAVA_VERSION="21.0.9" 
MODULES="java.base java.compiler java.datatransfer java.xml java.prefs java.desktop java.instrument java.logging java.management java.security.sasl java.naming java.rmi java.management.rmi java.net.http java.scripting java.security.jgss java.transaction.xa java.sql java.sql.rowset java.xml.crypto java.se java.smartcardio jdk.accessibility jdk.internal.jvmstat jdk.attach jdk.charsets jdk.internal.opt jdk.zipfs jdk.compiler jdk.crypto.ec jdk.crypto.cryptoki jdk.dynalink jdk.hotspot.agent jdk.httpserver jdk.internal.ed jdk.internal.le jdk.internal.vm.ci jdk.jartool jdk.javadoc jdk.jcmd jdk.jdeps jdk.jdwp.agent jdk.jdi jdk.jfr jdk.jlink jdk.jsobject jdk.localedata jdk.management jdk.management.agent jdk.management.jfr jdk.naming.dns jdk.naming.rmi jdk.net jdk.sctp jdk.security.auth jdk.security.jgss jdk.unsupported jdk.unsupported.desktop jdk.xml.dom" 
IMPLEMENTOR="JetBrains s.r.o." 
JAVA_RUNTIME_VERSION="21.0.9+-14787801-b1163.94" 
LIBC="default" 
OS_ARCH="x86_64" 
OS_NAME="Windows" 
SOURCE=".:git:0c757ddc9f2f" 

Environment Variables:
JAVA_HOME=C:/Program Files/Android/Android Studio/jbr
PATH=C:\Program Files\Android\Android Studio\jbr\bin;C:\Users\91865\bin;C:\Program Files\Git\mingw64\bin;C:\Program Files\Git\usr\local\bin;C:\Program Files\Git\usr\bin;C:\Program Files\Git\usr\bin;C:\Program Files\Git\mingw64\bin;C:\Program Files\Git\usr\bin;C:\Users\91865\bin;C:\Users\91865\AppData\Local\Programs\Microsoft VS Code;C:\WINDOWS\system32;C:\WINDOWS;C:\WINDOWS\System32\Wbem;C:\WINDOWS\System32\WindowsPowerShell\v1.0;C:\WINDOWS\System32\OpenSSH;C:\Program Files\Git\cmd;C:\xampp\php;C:\composer;C:\Program Files\MySQL\MySQL Server 8.0\bin;C:\ffmpeg\bin;C:\Program Files\nodejs;C:\Users\91865\AppData\Roaming\npm;C:\Users\91865\AppData\Local\Programs\Microsoft VS Code\bin;C:\Users\91865\.fly\bin;C:\Program Files\Git\usr\bin\vendor_perl;C:\Program Files\Git\usr\bin\core_perl
USERNAME=91865
SHELL=C:\Program Files\Git\usr\bin\bash.exe
LANG=en_US.UTF-8
TERM=xterm-256color
OS=Windows_NT
PROCESSOR_IDENTIFIER=AMD64 Family 23 Model 160 Stepping 0, AuthenticAMD
TMP=C:\Users\91865\AppData\Local\Temp
TEMP=C:\Users\91865\AppData\Local\Temp




Periodic native trim disabled

JNI global refs:
JNI global refs: 13, weak refs: 5

JNI global refs memory usage: 835, weak refs: 833

Process memory usage:
Resident Set Size: 302344K (4% of 6108668K total physical memory with 642352K free physical memory)

OOME stack traces (most recent first):
Classloader memory used:
Loader jdk.internal.loader.ClassLoaders$AppClassLoader                                 : 38883K
Loader bootstrap                                                                       : 13142K
Loader java.net.URLClassLoader                                                         : 207K
Loader jdk.internal.loader.ClassLoaders$PlatformClassLoader                            : 19472B

---------------  S Y S T E M  ---------------

OS:
 Windows 11 , 64 bit Build 26100 (10.0.26100.7920)
OS uptime: 9 days 2:52 hours
Hyper-V role detected

CPU: total 8 (initial active 8) (8 cores per cpu, 2 threads per core) family 23 model 160 stepping 0 microcode 0x8a00009, cx8, cmov, fxsr, ht, mmx, 3dnowpref, sse, sse2, sse3, ssse3, sse4a, sse4.1, sse4.2, popcnt, lzcnt, tsc, tscinvbit, avx, avx2, aes, clmul, bmi1, bmi2, adx, sha, fma, vzeroupper, clflush, clflushopt, hv, rdtscp, rdpid, f16c
Processor Information for the first 8 processors :
  Max Mhz: 2401, Current Mhz: 2401, Mhz Limit: 2401

Memory: 4k page, system-wide physical 5965M (627M free)
TotalPageFile size 24397M (AvailPageFile size 2M)
current process WorkingSet (physical memory assigned to process): 295M, peak: 297M
current process commit charge ("private bytes"): 354M, peak: 357M

vm_info: OpenJDK 64-Bit Server VM (21.0.9+-14787801-b1163.94) for windows-amd64 JRE (21.0.9+-14787801-b1163.94), built on 2026-01-27T21:15:44Z by "builder" with MS VC++ 16.10 / 16.11 (VS2019)

END.
