#
# There is insufficient memory for the Java Runtime Environment to continue.
# Native memory allocation (malloc) failed to allocate 1117216 bytes. Error detail: Chunk::new
# Possible reasons:
#   The system is out of physical RAM or swap space
#   This process is running with CompressedOops enabled, and the Java Heap may be blocking the growth of the native heap
# Possible solutions:
#   Reduce memory load on the system
#   Increase physical memory or swap space
#   Check if swap backing store is full
#   Decrease Java heap size (-Xmx/-Xms)
#   Decrease number of Java threads
#   Decrease Java thread stack sizes (-Xss)
#   Set larger code cache with -XX:ReservedCodeCacheSize=
#   JVM is running with Unscaled Compressed Oops mode in which the Java heap is
#     placed in the first 4GB address space. The Java Heap base address is the
#     maximum limit for the native heap growth. Please use -XX:HeapBaseMinAddress
#     to set the Java Heap base and to place the Java Heap above 4GB virtual address.
# This output file may be truncated or incomplete.
#
#  Out of Memory Error (arena.cpp:168), pid=21156, tid=6016
#
# JRE version: OpenJDK Runtime Environment (21.0.9) (build 21.0.9+-14787801-b1163.94)
# Java VM: OpenJDK 64-Bit Server VM (21.0.9+-14787801-b1163.94, mixed mode, tiered, compressed oops, compressed class ptrs, g1 gc, windows-amd64)
# No core dump will be written. Minidumps are not enabled by default on client versions of Windows
#

---------------  S U M M A R Y ------------

Command Line: org.jetbrains.kotlin.cli.jvm.K2JVMCompiler @D:\Projects\SchoolSyncParent\app\build\20260327_5458441842608125741.compiler.options

Host: AMD Ryzen 3 7320U with Radeon Graphics         , 8 cores, 5G,  Windows 11 , 64 bit Build 26100 (10.0.26100.7920)
Time: Fri Mar 27 16:12:40 2026 India Standard Time elapsed time: 32.467916 seconds (0d 0h 0m 32s)

---------------  T H R E A D  ---------------

Current thread (0x0000023959518f20):  JavaThread "C2 CompilerThread0" daemon [_thread_in_native, id=6016, stack(0x0000008a7c200000,0x0000008a7c300000) (1024K)]


Current CompileTask:
C2:32467 5803       4       org.jetbrains.kotlin.cli.jvm.index.JvmDependenciesIndexImpl::search (374 bytes)

Stack: [0x0000008a7c200000,0x0000008a7c300000]
Native frames: (J=compiled Java code, j=interpreted, Vv=VM code, C=native code)
V  [jvm.dll+0x6d6c99]
V  [jvm.dll+0x866b83]
V  [jvm.dll+0x8691ae]
V  [jvm.dll+0x869893]
V  [jvm.dll+0x280776]
V  [jvm.dll+0xc07cd]
V  [jvm.dll+0xc0d03]
V  [jvm.dll+0x2f5a10]
V  [jvm.dll+0x5ff9a9]
V  [jvm.dll+0x252572]
V  [jvm.dll+0x25292f]
V  [jvm.dll+0x24b0d5]
V  [jvm.dll+0x24892e]
V  [jvm.dll+0x1c7344]
V  [jvm.dll+0x2581ae]
V  [jvm.dll+0x2566f6]
V  [jvm.dll+0x3f48a6]
V  [jvm.dll+0x80f118]
V  [jvm.dll+0x6d54ed]
C  [ucrtbase.dll+0x37b0]
C  [KERNEL32.DLL+0x2e8d7]
C  [ntdll.dll+0x8c48c]


---------------  P R O C E S S  ---------------

Threads class SMR info:
_java_thread_list=0x000002395ef62e00, length=11, elements={
0x00000239406df640, 0x0000023959389320, 0x000002395938d090, 0x000002395938e660,
0x000002395950c010, 0x000002395950ca70, 0x0000023959516bc0, 0x0000023959517620,
0x0000023959518f20, 0x000002395951a530, 0x00000239596c8110
}

Java Threads: ( => current thread )
  0x00000239406df640 JavaThread "main"                              [_thread_in_native, id=16524, stack(0x0000008a7b300000,0x0000008a7b400000) (1024K)]
  0x0000023959389320 JavaThread "Common-Cleaner"             daemon [_thread_blocked, id=20260, stack(0x0000008a7bb00000,0x0000008a7bc00000) (1024K)]
  0x000002395938d090 JavaThread "Reference Handler"          daemon [_thread_blocked, id=15420, stack(0x0000008a7bc00000,0x0000008a7bd00000) (1024K)]
  0x000002395938e660 JavaThread "Finalizer"                  daemon [_thread_blocked, id=10528, stack(0x0000008a7bd00000,0x0000008a7be00000) (1024K)]
  0x000002395950c010 JavaThread "Signal Dispatcher"          daemon [_thread_blocked, id=12720, stack(0x0000008a7be00000,0x0000008a7bf00000) (1024K)]
  0x000002395950ca70 JavaThread "Attach Listener"            daemon [_thread_blocked, id=7264, stack(0x0000008a7bf00000,0x0000008a7c000000) (1024K)]
  0x0000023959516bc0 JavaThread "Service Thread"             daemon [_thread_blocked, id=16200, stack(0x0000008a7c000000,0x0000008a7c100000) (1024K)]
  0x0000023959517620 JavaThread "Monitor Deflation Thread"   daemon [_thread_blocked, id=16908, stack(0x0000008a7c100000,0x0000008a7c200000) (1024K)]
=>0x0000023959518f20 JavaThread "C2 CompilerThread0"         daemon [_thread_in_native, id=6016, stack(0x0000008a7c200000,0x0000008a7c300000) (1024K)]
  0x000002395951a530 JavaThread "C1 CompilerThread0"         daemon [_thread_blocked, id=19008, stack(0x0000008a7c300000,0x0000008a7c400000) (1024K)]
  0x00000239596c8110 JavaThread "Notification Thread"        daemon [_thread_blocked, id=19068, stack(0x0000008a7c400000,0x0000008a7c500000) (1024K)]
Total: 11

Other Threads:
  0x000002395936afa0 VMThread "VM Thread"                           [id=20100, stack(0x0000008a7ba00000,0x0000008a7bb00000) (1024K)]
  0x00000239592cd3a0 WatcherThread "VM Periodic Task Thread"        [id=8808, stack(0x0000008a7b900000,0x0000008a7ba00000) (1024K)]
  0x000002394071df10 WorkerThread "GC Thread#0"                     [id=17248, stack(0x0000008a7b400000,0x0000008a7b500000) (1024K)]
  0x000002395e50ff10 WorkerThread "GC Thread#1"                     [id=20440, stack(0x0000008a7c500000,0x0000008a7c600000) (1024K)]
  0x000002395e55f970 WorkerThread "GC Thread#2"                     [id=8404, stack(0x0000008a7c600000,0x0000008a7c700000) (1024K)]
  0x000002395e561dd0 WorkerThread "GC Thread#3"                     [id=21784, stack(0x0000008a7c700000,0x0000008a7c800000) (1024K)]
  0x000002395e562170 WorkerThread "GC Thread#4"                     [id=21416, stack(0x0000008a7c800000,0x0000008a7c900000) (1024K)]
  0x000002395e562510 WorkerThread "GC Thread#5"                     [id=5704, stack(0x0000008a7c900000,0x0000008a7ca00000) (1024K)]
  0x000002395e563ec0 WorkerThread "GC Thread#6"                     [id=19316, stack(0x0000008a7ca00000,0x0000008a7cb00000) (1024K)]
  0x000002395e562900 WorkerThread "GC Thread#7"                     [id=19500, stack(0x0000008a7cb00000,0x0000008a7cc00000) (1024K)]
  0x000002394072b980 ConcurrentGCThread "G1 Main Marker"            [id=9236, stack(0x0000008a7b500000,0x0000008a7b600000) (1024K)]
  0x000002394072c480 WorkerThread "G1 Conc#0"                       [id=8052, stack(0x0000008a7b600000,0x0000008a7b700000) (1024K)]
  0x000002395e564260 WorkerThread "G1 Conc#1"                       [id=18452, stack(0x0000008a7cc00000,0x0000008a7cd00000) (1024K)]
  0x000002394079d680 ConcurrentGCThread "G1 Refine#0"               [id=21068, stack(0x0000008a7b700000,0x0000008a7b800000) (1024K)]
  0x00000239591a40c0 ConcurrentGCThread "G1 Service"                [id=9456, stack(0x0000008a7b800000,0x0000008a7b900000) (1024K)]
Total: 15

Threads with active compile tasks:
C2 CompilerThread0  32523 5803       4       org.jetbrains.kotlin.cli.jvm.index.JvmDependenciesIndexImpl::search (374 bytes)
Total: 1

VM state: not at safepoint (normal execution)

VM Mutex/Monitor currently owned by a thread: None

Heap address: 0x00000000a2c00000, size: 1492 MB, Compressed Oops mode: 32-bit

CDS archive(s) not mapped
Compressed class space mapped at: 0x0000000100000000-0x0000000140000000, reserved size: 1073741824
Narrow klass base: 0x0000000000000000, Narrow klass shift: 3, Narrow klass range: 0x140000000

GC Precious Log:
 CardTable entry size: 512
 Card Set container configuration: InlinePtr #cards 5 size 8 Array Of Cards #cards 12 size 40 Howl #buckets 4 coarsen threshold 1843 Howl Bitmap #cards 512 size 80 coarsen threshold 460 Card regions per heap region 1 cards per card region 2048
 CPUs: 8 total, 8 available
 Memory: 5965M
 Large Page Support: Disabled
 NUMA Support: Disabled
 Compressed Oops: Enabled (32-bit)
 Heap Region Size: 1M
 Heap Min Capacity: 8M
 Heap Initial Capacity: 94M
 Heap Max Capacity: 1492M
 Pre-touch: Disabled
 Parallel Workers: 8
 Concurrent Workers: 2
 Concurrent Refinement Workers: 8
 Periodic GC: Disabled

Heap:
 garbage-first heap   total 91136K, used 64836K [0x00000000a2c00000, 0x0000000100000000)
  region size 1024K, 10 young (10240K), 3 survivors (3072K)
 Metaspace       used 51937K, committed 52672K, reserved 1114112K
  class space    used 6264K, committed 6592K, reserved 1048576K

Heap Regions: E=young(eden), S=young(survivor), O=old, HS=humongous(starts), HC=humongous(continues), CS=collection set, F=free, TAMS=top-at-mark-start, PB=parsable bottom
|   0|0x00000000a2c00000, 0x00000000a2d00000, 0x00000000a2d00000|100%|HS|  |TAMS 0x00000000a2c00000| PB 0x00000000a2c00000| Complete 
|   1|0x00000000a2d00000, 0x00000000a2e00000, 0x00000000a2e00000|100%|HC|  |TAMS 0x00000000a2d00000| PB 0x00000000a2d00000| Complete 
|   2|0x00000000a2e00000, 0x00000000a2f00000, 0x00000000a2f00000|100%|HC|  |TAMS 0x00000000a2e00000| PB 0x00000000a2e00000| Complete 
|   3|0x00000000a2f00000, 0x00000000a3000000, 0x00000000a3000000|100%|HC|  |TAMS 0x00000000a2f00000| PB 0x00000000a2f00000| Complete 
|   4|0x00000000a3000000, 0x00000000a3100000, 0x00000000a3100000|100%| O|  |TAMS 0x00000000a3000000| PB 0x00000000a3000000| Untracked 
|   5|0x00000000a3100000, 0x00000000a31f8000, 0x00000000a3200000| 96%| O|  |TAMS 0x00000000a3100000| PB 0x00000000a3100000| Untracked 
|   6|0x00000000a3200000, 0x00000000a3300000, 0x00000000a3300000|100%|HS|  |TAMS 0x00000000a3200000| PB 0x00000000a3200000| Complete 
|   7|0x00000000a3300000, 0x00000000a3400000, 0x00000000a3400000|100%| O|  |TAMS 0x00000000a3300000| PB 0x00000000a3300000| Untracked 
|   8|0x00000000a3400000, 0x00000000a3500000, 0x00000000a3500000|100%| O|  |TAMS 0x00000000a3400000| PB 0x00000000a3400000| Untracked 
|   9|0x00000000a3500000, 0x00000000a3600000, 0x00000000a3600000|100%| O|  |TAMS 0x00000000a3500000| PB 0x00000000a3500000| Untracked 
|  10|0x00000000a3600000, 0x00000000a3700000, 0x00000000a3700000|100%| O|  |TAMS 0x00000000a3600000| PB 0x00000000a3600000| Untracked 
|  11|0x00000000a3700000, 0x00000000a3800000, 0x00000000a3800000|100%| O|  |TAMS 0x00000000a3700000| PB 0x00000000a3700000| Untracked 
|  12|0x00000000a3800000, 0x00000000a3900000, 0x00000000a3900000|100%| O|  |TAMS 0x00000000a3800000| PB 0x00000000a3800000| Untracked 
|  13|0x00000000a3900000, 0x00000000a3a00000, 0x00000000a3a00000|100%| O|  |TAMS 0x00000000a3900000| PB 0x00000000a3900000| Untracked 
|  14|0x00000000a3a00000, 0x00000000a3b00000, 0x00000000a3b00000|100%| O|  |TAMS 0x00000000a3a00000| PB 0x00000000a3a00000| Untracked 
|  15|0x00000000a3b00000, 0x00000000a3c00000, 0x00000000a3c00000|100%| O|  |TAMS 0x00000000a3b00000| PB 0x00000000a3b00000| Untracked 
|  16|0x00000000a3c00000, 0x00000000a3d00000, 0x00000000a3d00000|100%| O|  |TAMS 0x00000000a3c00000| PB 0x00000000a3c00000| Untracked 
|  17|0x00000000a3d00000, 0x00000000a3e00000, 0x00000000a3e00000|100%| O|  |TAMS 0x00000000a3d00000| PB 0x00000000a3d00000| Untracked 
|  18|0x00000000a3e00000, 0x00000000a3f00000, 0x00000000a3f00000|100%| O|  |TAMS 0x00000000a3e00000| PB 0x00000000a3e00000| Untracked 
|  19|0x00000000a3f00000, 0x00000000a4000000, 0x00000000a4000000|100%| O|  |TAMS 0x00000000a3f00000| PB 0x00000000a3f00000| Untracked 
|  20|0x00000000a4000000, 0x00000000a4100000, 0x00000000a4100000|100%| O|  |TAMS 0x00000000a4000000| PB 0x00000000a4000000| Untracked 
|  21|0x00000000a4100000, 0x00000000a4200000, 0x00000000a4200000|100%| O|  |TAMS 0x00000000a4100000| PB 0x00000000a4100000| Untracked 
|  22|0x00000000a4200000, 0x00000000a4300000, 0x00000000a4300000|100%| O|  |TAMS 0x00000000a4200000| PB 0x00000000a4200000| Untracked 
|  23|0x00000000a4300000, 0x00000000a4400000, 0x00000000a4400000|100%| O|  |TAMS 0x00000000a4300000| PB 0x00000000a4300000| Untracked 
|  24|0x00000000a4400000, 0x00000000a4500000, 0x00000000a4500000|100%| O|  |TAMS 0x00000000a4400000| PB 0x00000000a4400000| Untracked 
|  25|0x00000000a4500000, 0x00000000a4600000, 0x00000000a4600000|100%| O|  |TAMS 0x00000000a4500000| PB 0x00000000a4500000| Untracked 
|  26|0x00000000a4600000, 0x00000000a4700000, 0x00000000a4700000|100%| O|  |TAMS 0x00000000a4600000| PB 0x00000000a4600000| Untracked 
|  27|0x00000000a4700000, 0x00000000a4800000, 0x00000000a4800000|100%| O|  |TAMS 0x00000000a4700000| PB 0x00000000a4700000| Untracked 
|  28|0x00000000a4800000, 0x00000000a4900000, 0x00000000a4900000|100%| O|  |TAMS 0x00000000a4800000| PB 0x00000000a4800000| Untracked 
|  29|0x00000000a4900000, 0x00000000a4a00000, 0x00000000a4a00000|100%| O|  |TAMS 0x00000000a4900000| PB 0x00000000a4900000| Untracked 
|  30|0x00000000a4a00000, 0x00000000a4b00000, 0x00000000a4b00000|100%| O|  |TAMS 0x00000000a4a00000| PB 0x00000000a4a00000| Untracked 
|  31|0x00000000a4b00000, 0x00000000a4c00000, 0x00000000a4c00000|100%|HS|  |TAMS 0x00000000a4b00000| PB 0x00000000a4b00000| Complete 
|  32|0x00000000a4c00000, 0x00000000a4d00000, 0x00000000a4d00000|100%|HC|  |TAMS 0x00000000a4c00000| PB 0x00000000a4c00000| Complete 
|  33|0x00000000a4d00000, 0x00000000a4e00000, 0x00000000a4e00000|100%| O|  |TAMS 0x00000000a4d00000| PB 0x00000000a4d00000| Untracked 
|  34|0x00000000a4e00000, 0x00000000a4f00000, 0x00000000a4f00000|100%| O|  |TAMS 0x00000000a4e00000| PB 0x00000000a4e00000| Untracked 
|  35|0x00000000a4f00000, 0x00000000a5000000, 0x00000000a5000000|100%| O|  |TAMS 0x00000000a4f00000| PB 0x00000000a4f00000| Untracked 
|  36|0x00000000a5000000, 0x00000000a5100000, 0x00000000a5100000|100%| O|  |TAMS 0x00000000a5000000| PB 0x00000000a5000000| Untracked 
|  37|0x00000000a5100000, 0x00000000a5200000, 0x00000000a5200000|100%| O|  |TAMS 0x00000000a5100000| PB 0x00000000a5100000| Untracked 
|  38|0x00000000a5200000, 0x00000000a5300000, 0x00000000a5300000|100%| O|  |TAMS 0x00000000a5200000| PB 0x00000000a5200000| Untracked 
|  39|0x00000000a5300000, 0x00000000a5400000, 0x00000000a5400000|100%| O|  |TAMS 0x00000000a5300000| PB 0x00000000a5300000| Untracked 
|  40|0x00000000a5400000, 0x00000000a5500000, 0x00000000a5500000|100%| O|Cm|TAMS 0x00000000a5400000| PB 0x00000000a5400000| Complete 
|  41|0x00000000a5500000, 0x00000000a5600000, 0x00000000a5600000|100%| O|Cm|TAMS 0x00000000a5500000| PB 0x00000000a5500000| Complete 
|  42|0x00000000a5600000, 0x00000000a5700000, 0x00000000a5700000|100%| O|  |TAMS 0x00000000a5600000| PB 0x00000000a5600000| Untracked 
|  43|0x00000000a5700000, 0x00000000a5800000, 0x00000000a5800000|100%| O|  |TAMS 0x00000000a5700000| PB 0x00000000a5700000| Untracked 
|  44|0x00000000a5800000, 0x00000000a5900000, 0x00000000a5900000|100%| O|  |TAMS 0x00000000a5800000| PB 0x00000000a5800000| Untracked 
|  45|0x00000000a5900000, 0x00000000a5a00000, 0x00000000a5a00000|100%| O|  |TAMS 0x00000000a5900000| PB 0x00000000a5900000| Untracked 
|  46|0x00000000a5a00000, 0x00000000a5b00000, 0x00000000a5b00000|100%| O|  |TAMS 0x00000000a5a00000| PB 0x00000000a5a00000| Untracked 
|  47|0x00000000a5b00000, 0x00000000a5b00000, 0x00000000a5c00000|  0%| F|  |TAMS 0x00000000a5b00000| PB 0x00000000a5b00000| Untracked 
|  48|0x00000000a5c00000, 0x00000000a5c00000, 0x00000000a5d00000|  0%| F|  |TAMS 0x00000000a5c00000| PB 0x00000000a5c00000| Untracked 
|  49|0x00000000a5d00000, 0x00000000a5e00000, 0x00000000a5e00000|100%|HS|  |TAMS 0x00000000a5d00000| PB 0x00000000a5d00000| Complete 
|  50|0x00000000a5e00000, 0x00000000a5f00000, 0x00000000a5f00000|100%|HC|  |TAMS 0x00000000a5e00000| PB 0x00000000a5e00000| Complete 
|  51|0x00000000a5f00000, 0x00000000a6000000, 0x00000000a6000000|100%| O|  |TAMS 0x00000000a5f00000| PB 0x00000000a5f00000| Untracked 
|  52|0x00000000a6000000, 0x00000000a6000000, 0x00000000a6100000|  0%| F|  |TAMS 0x00000000a6000000| PB 0x00000000a6000000| Untracked 
|  53|0x00000000a6100000, 0x00000000a6100000, 0x00000000a6200000|  0%| F|  |TAMS 0x00000000a6100000| PB 0x00000000a6100000| Untracked 
|  54|0x00000000a6200000, 0x00000000a6300000, 0x00000000a6300000|100%| O|  |TAMS 0x00000000a6200000| PB 0x00000000a6200000| Untracked 
|  55|0x00000000a6300000, 0x00000000a63592a0, 0x00000000a6400000| 34%| O|  |TAMS 0x00000000a6300000| PB 0x00000000a6300000| Untracked 
|  56|0x00000000a6400000, 0x00000000a6400000, 0x00000000a6500000|  0%| F|  |TAMS 0x00000000a6400000| PB 0x00000000a6400000| Untracked 
|  57|0x00000000a6500000, 0x00000000a6500000, 0x00000000a6600000|  0%| F|  |TAMS 0x00000000a6500000| PB 0x00000000a6500000| Untracked 
|  58|0x00000000a6600000, 0x00000000a6600000, 0x00000000a6700000|  0%| F|  |TAMS 0x00000000a6600000| PB 0x00000000a6600000| Untracked 
|  59|0x00000000a6700000, 0x00000000a6700000, 0x00000000a6800000|  0%| F|  |TAMS 0x00000000a6700000| PB 0x00000000a6700000| Untracked 
|  60|0x00000000a6800000, 0x00000000a6800000, 0x00000000a6900000|  0%| F|  |TAMS 0x00000000a6800000| PB 0x00000000a6800000| Untracked 
|  61|0x00000000a6900000, 0x00000000a6900000, 0x00000000a6a00000|  0%| F|  |TAMS 0x00000000a6900000| PB 0x00000000a6900000| Untracked 
|  62|0x00000000a6a00000, 0x00000000a6a00000, 0x00000000a6b00000|  0%| F|  |TAMS 0x00000000a6a00000| PB 0x00000000a6a00000| Untracked 
|  63|0x00000000a6b00000, 0x00000000a6b00000, 0x00000000a6c00000|  0%| F|  |TAMS 0x00000000a6b00000| PB 0x00000000a6b00000| Untracked 
|  64|0x00000000a6c00000, 0x00000000a6c00000, 0x00000000a6d00000|  0%| F|  |TAMS 0x00000000a6c00000| PB 0x00000000a6c00000| Untracked 
|  65|0x00000000a6d00000, 0x00000000a6e00000, 0x00000000a6e00000|100%| S|CS|TAMS 0x00000000a6d00000| PB 0x00000000a6d00000| Complete 
|  66|0x00000000a6e00000, 0x00000000a6f00000, 0x00000000a6f00000|100%| S|CS|TAMS 0x00000000a6e00000| PB 0x00000000a6e00000| Complete 
|  67|0x00000000a6f00000, 0x00000000a7000000, 0x00000000a7000000|100%| S|CS|TAMS 0x00000000a6f00000| PB 0x00000000a6f00000| Complete 
|  68|0x00000000a7000000, 0x00000000a7000000, 0x00000000a7100000|  0%| F|  |TAMS 0x00000000a7000000| PB 0x00000000a7000000| Untracked 
|  69|0x00000000a7100000, 0x00000000a7100000, 0x00000000a7200000|  0%| F|  |TAMS 0x00000000a7100000| PB 0x00000000a7100000| Untracked 
|  70|0x00000000a7200000, 0x00000000a7200000, 0x00000000a7300000|  0%| F|  |TAMS 0x00000000a7200000| PB 0x00000000a7200000| Untracked 
|  71|0x00000000a7300000, 0x00000000a7300000, 0x00000000a7400000|  0%| F|  |TAMS 0x00000000a7300000| PB 0x00000000a7300000| Untracked 
|  72|0x00000000a7400000, 0x00000000a7400000, 0x00000000a7500000|  0%| F|  |TAMS 0x00000000a7400000| PB 0x00000000a7400000| Untracked 
|  73|0x00000000a7500000, 0x00000000a7500000, 0x00000000a7600000|  0%| F|  |TAMS 0x00000000a7500000| PB 0x00000000a7500000| Untracked 
|  74|0x00000000a7600000, 0x00000000a7600000, 0x00000000a7700000|  0%| F|  |TAMS 0x00000000a7600000| PB 0x00000000a7600000| Untracked 
|  75|0x00000000a7700000, 0x00000000a7700000, 0x00000000a7800000|  0%| F|  |TAMS 0x00000000a7700000| PB 0x00000000a7700000| Untracked 
|  76|0x00000000a7800000, 0x00000000a7800000, 0x00000000a7900000|  0%| F|  |TAMS 0x00000000a7800000| PB 0x00000000a7800000| Untracked 
|  77|0x00000000a7900000, 0x00000000a7900000, 0x00000000a7a00000|  0%| F|  |TAMS 0x00000000a7900000| PB 0x00000000a7900000| Untracked 
|  78|0x00000000a7a00000, 0x00000000a7a00000, 0x00000000a7b00000|  0%| F|  |TAMS 0x00000000a7a00000| PB 0x00000000a7a00000| Untracked 
|  79|0x00000000a7b00000, 0x00000000a7bc1da0, 0x00000000a7c00000| 75%| E|  |TAMS 0x00000000a7b00000| PB 0x00000000a7b00000| Complete 
|  80|0x00000000a7c00000, 0x00000000a7d00000, 0x00000000a7d00000|100%| E|CS|TAMS 0x00000000a7c00000| PB 0x00000000a7c00000| Complete 
|  81|0x00000000a7d00000, 0x00000000a7e00000, 0x00000000a7e00000|100%| E|CS|TAMS 0x00000000a7d00000| PB 0x00000000a7d00000| Complete 
|  82|0x00000000a7e00000, 0x00000000a7f00000, 0x00000000a7f00000|100%| E|CS|TAMS 0x00000000a7e00000| PB 0x00000000a7e00000| Complete 
|  93|0x00000000a8900000, 0x00000000a8a00000, 0x00000000a8a00000|100%| E|CS|TAMS 0x00000000a8900000| PB 0x00000000a8900000| Complete 
|1487|0x00000000ffb00000, 0x00000000ffc00000, 0x00000000ffc00000|100%| O|  |TAMS 0x00000000ffb00000| PB 0x00000000ffb00000| Untracked 
|1488|0x00000000ffc00000, 0x00000000ffd00000, 0x00000000ffd00000|100%| E|CS|TAMS 0x00000000ffc00000| PB 0x00000000ffc00000| Complete 
|1489|0x00000000ffd00000, 0x00000000ffe00000, 0x00000000ffe00000|100%| E|CS|TAMS 0x00000000ffd00000| PB 0x00000000ffd00000| Complete 
|1490|0x00000000ffe00000, 0x00000000fff00000, 0x00000000fff00000|100%| O|  |TAMS 0x00000000ffe00000| PB 0x00000000ffe00000| Untracked 
|1491|0x00000000fff00000, 0x0000000100000000, 0x0000000100000000|100%| O|  |TAMS 0x00000000fff00000| PB 0x00000000fff00000| Untracked 

Card table byte_map: [0x0000023954e60000,0x0000023955150000] _byte_map_base: 0x000002395494a000

Marking Bits: (CMBitMap*) 0x000002394071f620
 Bits: [0x0000023955150000, 0x00000239568a0000)

Polling page: 0x0000023940600000

Metaspace:

Usage:
  Non-class:     44.60 MB used.
      Class:      6.12 MB used.
       Both:     50.72 MB used.

Virtual space:
  Non-class space:       64.00 MB reserved,      45.00 MB ( 70%) committed,  1 nodes.
      Class space:        1.00 GB reserved,       6.44 MB ( <1%) committed,  1 nodes.
             Both:        1.06 GB reserved,      51.44 MB (  5%) committed. 

Chunk freelists:
   Non-Class:  2.34 MB
       Class:  9.56 MB
        Both:  11.91 MB

MaxMetaspaceSize: unlimited
CompressedClassSpaceSize: 1.00 GB
Initial GC threshold: 21.00 MB
Current GC threshold: 85.44 MB
CDS: off
 - commit_granule_bytes: 65536.
 - commit_granule_words: 8192.
 - virtual_space_node_default_size: 8388608.
 - enlarge_chunks_in_place: 1.
 - use_allocation_guard: 0.


Internal statistics:

num_allocs_failed_limit: 3.
num_arena_births: 1180.
num_arena_deaths: 0.
num_vsnodes_births: 2.
num_vsnodes_deaths: 0.
num_space_committed: 821.
num_space_uncommitted: 0.
num_chunks_returned_to_freelist: 3.
num_chunks_taken_from_freelist: 2815.
num_chunk_merges: 3.
num_chunk_splits: 2144.
num_chunks_enlarged: 1638.
num_inconsistent_stats: 0.

CodeHeap 'non-profiled nmethods': size=120000Kb used=3055Kb max_used=3200Kb free=116944Kb
 bounds [0x000002394cbd0000, 0x000002394cf00000, 0x0000023954100000]
CodeHeap 'profiled nmethods': size=120000Kb used=10606Kb max_used=10606Kb free=109394Kb
 bounds [0x0000023945100000, 0x0000023945b60000, 0x000002394c630000]
CodeHeap 'non-nmethods': size=5760Kb used=1444Kb max_used=1505Kb free=4315Kb
 bounds [0x000002394c630000, 0x000002394c8a0000, 0x000002394cbd0000]
CodeCache: size=245760Kb, used=15105Kb, max_used=15311Kb, free=230653Kb
 total_blobs=5565, nmethods=4951, adapters=518, full_count=0
Compilation: enabled, stopped_count=0, restarted_count=0

Compilation events (20 events):
Event: 32.332 Thread 0x000002395951a530 5859       3       org.jetbrains.kotlin.load.java.JavaClassFinderImpl::createJavaPackage (56 bytes)
Event: 32.335 Thread 0x000002395951a530 nmethod 5859 0x0000023945b48010 code [0x0000023945b485e0, 0x0000023945b4ae30]
Event: 32.335 Thread 0x000002395951a530 5857       3       org.jetbrains.kotlin.resolve.jvm.KotlinJavaPsiFacade::certainlyDoesNotExist (74 bytes)
Event: 32.335 Thread 0x000002395951a530 nmethod 5857 0x0000023945b4bd90 code [0x0000023945b4bfe0, 0x0000023945b4c9a0]
Event: 32.335 Thread 0x000002395951a530 5858       3       org.jetbrains.kotlin.load.java.AbstractJavaClassFinder$FilterOutKotlinSourceFilesScope::getTopPackageNames (35 bytes)
Event: 32.336 Thread 0x000002395951a530 nmethod 5858 0x0000023945b4cc10 code [0x0000023945b4ce20, 0x0000023945b4d598]
Event: 32.336 Thread 0x000002395951a530 5860       1       org.jetbrains.kotlin.load.java.structure.impl.classFiles.BinaryJavaField::getAnnotations (5 bytes)
Event: 32.336 Thread 0x000002395951a530 nmethod 5860 0x000002394cdf4b10 code [0x000002394cdf4ca0, 0x000002394cdf4d68]
Event: 32.338 Thread 0x000002395951a530 5862       3       org.jetbrains.kotlin.load.java.structure.impl.classFiles.ClassifierResolutionContext::addTypeParameters$resolution_common_jvm (115 bytes)
Event: 32.339 Thread 0x000002395951a530 nmethod 5862 0x0000023945b4d710 code [0x0000023945b4da00, 0x0000023945b4e870]
Event: 32.340 Thread 0x000002395951a530 5863       1       org.jetbrains.kotlin.load.java.structure.impl.classFiles.BinaryJavaClass::getFqName (5 bytes)
Event: 32.340 Thread 0x000002395951a530 nmethod 5863 0x000002394cdf4810 code [0x000002394cdf49a0, 0x000002394cdf4a68]
Event: 32.340 Thread 0x000002395951a530 5864       1       org.jetbrains.kotlin.load.java.structure.impl.classFiles.BinaryJavaClass::getLightClassOriginKind (2 bytes)
Event: 32.341 Thread 0x000002395951a530 nmethod 5864 0x000002394cdf4510 code [0x000002394cdf46a0, 0x000002394cdf4770]
Event: 32.344 Thread 0x000002395951a530 5865       3       org.jetbrains.kotlin.resolve.lazy.LazyImportResolver::<init> (126 bytes)
Event: 32.346 Thread 0x000002395951a530 nmethod 5865 0x0000023945b4ed90 code [0x0000023945b4f1a0, 0x0000023945b50cf8]
Event: 32.346 Thread 0x000002395951a530 5866       3       org.jetbrains.kotlin.resolve.lazy.LazyImportResolver$importedScopesProvider$1$1::<init> (16 bytes)
Event: 32.347 Thread 0x000002395951a530 nmethod 5866 0x0000023945b51690 code [0x0000023945b51840, 0x0000023945b51ac8]
Event: 32.447 Thread 0x000002395951a530 5867       3       org.jetbrains.kotlin.resolve.jvm.multiplatform.OptionalAnnotationPackageFragmentProvider::getPackages (17 bytes)
Event: 32.447 Thread 0x000002395951a530 nmethod 5867 0x0000023945b51b90 code [0x0000023945b51e40, 0x0000023945b52a50]

GC Heap History (20 events):
Event: 17.292 GC heap before
{Heap before GC invocations=16 (full 0):
 garbage-first heap   total 51200K, used 37211K [0x00000000a2c00000, 0x0000000100000000)
  region size 1024K, 11 young (11264K), 2 survivors (2048K)
 Metaspace       used 39050K, committed 39488K, reserved 1114112K
  class space    used 4792K, committed 4992K, reserved 1048576K
}
Event: 17.297 GC heap after
{Heap after GC invocations=17 (full 0):
 garbage-first heap   total 61440K, used 29649K [0x00000000a2c00000, 0x0000000100000000)
  region size 1024K, 2 young (2048K), 2 survivors (2048K)
 Metaspace       used 39050K, committed 39488K, reserved 1114112K
  class space    used 4792K, committed 4992K, reserved 1048576K
}
Event: 19.269 GC heap before
{Heap before GC invocations=17 (full 0):
 garbage-first heap   total 61440K, used 51153K [0x00000000a2c00000, 0x0000000100000000)
  region size 1024K, 24 young (24576K), 2 survivors (2048K)
 Metaspace       used 42728K, committed 43392K, reserved 1114112K
  class space    used 5249K, committed 5568K, reserved 1048576K
}
Event: 19.281 GC heap after
{Heap after GC invocations=18 (full 0):
 garbage-first heap   total 61440K, used 31973K [0x00000000a2c00000, 0x0000000100000000)
  region size 1024K, 3 young (3072K), 3 survivors (3072K)
 Metaspace       used 42728K, committed 43392K, reserved 1114112K
  class space    used 5249K, committed 5568K, reserved 1048576K
}
Event: 20.663 GC heap before
{Heap before GC invocations=18 (full 0):
 garbage-first heap   total 61440K, used 52453K [0x00000000a2c00000, 0x0000000100000000)
  region size 1024K, 23 young (23552K), 3 survivors (3072K)
 Metaspace       used 43384K, committed 44032K, reserved 1114112K
  class space    used 5320K, committed 5632K, reserved 1048576K
}
Event: 20.681 GC heap after
{Heap after GC invocations=19 (full 0):
 garbage-first heap   total 62464K, used 38434K [0x00000000a2c00000, 0x0000000100000000)
  region size 1024K, 3 young (3072K), 3 survivors (3072K)
 Metaspace       used 43384K, committed 44032K, reserved 1114112K
  class space    used 5320K, committed 5632K, reserved 1048576K
}
Event: 22.296 GC heap before
{Heap before GC invocations=20 (full 0):
 garbage-first heap   total 65536K, used 54818K [0x00000000a2c00000, 0x0000000100000000)
  region size 1024K, 17 young (17408K), 3 survivors (3072K)
 Metaspace       used 46006K, committed 46656K, reserved 1114112K
  class space    used 5638K, committed 5952K, reserved 1048576K
}
Event: 22.306 GC heap after
{Heap after GC invocations=21 (full 0):
 garbage-first heap   total 65536K, used 43547K [0x00000000a2c00000, 0x0000000100000000)
  region size 1024K, 3 young (3072K), 3 survivors (3072K)
 Metaspace       used 46006K, committed 46656K, reserved 1114112K
  class space    used 5638K, committed 5952K, reserved 1048576K
}
Event: 23.372 GC heap before
{Heap before GC invocations=21 (full 0):
 garbage-first heap   total 65536K, used 56859K [0x00000000a2c00000, 0x0000000100000000)
  region size 1024K, 16 young (16384K), 3 survivors (3072K)
 Metaspace       used 46197K, committed 46848K, reserved 1114112K
  class space    used 5638K, committed 5952K, reserved 1048576K
}
Event: 23.379 GC heap after
{Heap after GC invocations=22 (full 0):
 garbage-first heap   total 65536K, used 45549K [0x00000000a2c00000, 0x0000000100000000)
  region size 1024K, 2 young (2048K), 2 survivors (2048K)
 Metaspace       used 46197K, committed 46848K, reserved 1114112K
  class space    used 5638K, committed 5952K, reserved 1048576K
}
Event: 26.456 GC heap before
{Heap before GC invocations=22 (full 0):
 garbage-first heap   total 65536K, used 57837K [0x00000000a2c00000, 0x0000000100000000)
  region size 1024K, 14 young (14336K), 2 survivors (2048K)
 Metaspace       used 47986K, committed 48704K, reserved 1114112K
  class space    used 5864K, committed 6208K, reserved 1048576K
}
Event: 26.463 GC heap after
{Heap after GC invocations=23 (full 0):
 garbage-first heap   total 65536K, used 46979K [0x00000000a2c00000, 0x0000000100000000)
  region size 1024K, 2 young (2048K), 2 survivors (2048K)
 Metaspace       used 47986K, committed 48704K, reserved 1114112K
  class space    used 5864K, committed 6208K, reserved 1048576K
}
Event: 28.994 GC heap before
{Heap before GC invocations=24 (full 0):
 garbage-first heap   total 80896K, used 58243K [0x00000000a2c00000, 0x0000000100000000)
  region size 1024K, 13 young (13312K), 2 survivors (2048K)
 Metaspace       used 49133K, committed 49856K, reserved 1114112K
  class space    used 5979K, committed 6336K, reserved 1048576K
}
Event: 29.000 GC heap after
{Heap after GC invocations=25 (full 0):
 garbage-first heap   total 80896K, used 48508K [0x00000000a2c00000, 0x0000000100000000)
  region size 1024K, 2 young (2048K), 2 survivors (2048K)
 Metaspace       used 49133K, committed 49856K, reserved 1114112K
  class space    used 5979K, committed 6336K, reserved 1048576K
}
Event: 29.725 GC heap before
{Heap before GC invocations=25 (full 0):
 garbage-first heap   total 80896K, used 71036K [0x00000000a2c00000, 0x0000000100000000)
  region size 1024K, 24 young (24576K), 2 survivors (2048K)
 Metaspace       used 49314K, committed 49984K, reserved 1114112K
  class space    used 5989K, committed 6336K, reserved 1048576K
}
Event: 29.733 GC heap after
{Heap after GC invocations=26 (full 0):
 garbage-first heap   total 80896K, used 50010K [0x00000000a2c00000, 0x0000000100000000)
  region size 1024K, 3 young (3072K), 3 survivors (3072K)
 Metaspace       used 49314K, committed 49984K, reserved 1114112K
  class space    used 5989K, committed 6336K, reserved 1048576K
}
Event: 31.562 GC heap before
{Heap before GC invocations=26 (full 0):
 garbage-first heap   total 80896K, used 72538K [0x00000000a2c00000, 0x0000000100000000)
  region size 1024K, 25 young (25600K), 3 survivors (3072K)
 Metaspace       used 51767K, committed 52416K, reserved 1114112K
  class space    used 6259K, committed 6592K, reserved 1048576K
}
Event: 31.576 GC heap after
{Heap after GC invocations=27 (full 0):
 garbage-first heap   total 80896K, used 53411K [0x00000000a2c00000, 0x0000000100000000)
  region size 1024K, 4 young (4096K), 4 survivors (4096K)
 Metaspace       used 51767K, committed 52416K, reserved 1114112K
  class space    used 6259K, committed 6592K, reserved 1048576K
}
Event: 32.163 GC heap before
{Heap before GC invocations=28 (full 0):
 garbage-first heap   total 91136K, used 73891K [0x00000000a2c00000, 0x0000000100000000)
  region size 1024K, 22 young (22528K), 4 survivors (4096K)
 Metaspace       used 51867K, committed 52608K, reserved 1114112K
  class space    used 6262K, committed 6592K, reserved 1048576K
}
Event: 32.177 GC heap after
{Heap after GC invocations=29 (full 0):
 garbage-first heap   total 91136K, used 58692K [0x00000000a2c00000, 0x0000000100000000)
  region size 1024K, 3 young (3072K), 3 survivors (3072K)
 Metaspace       used 51867K, committed 52608K, reserved 1114112K
  class space    used 6262K, committed 6592K, reserved 1048576K
}

Dll operation events (3 events):
Event: 0.043 Loaded shared library C:\Program Files\Android\Android Studio\jbr\bin\java.dll
Event: 0.061 Loaded shared library C:\Program Files\Android\Android Studio\jbr\bin\zip.dll
Event: 7.106 Loaded shared library C:\Program Files\Android\Android Studio\jbr\bin\verify.dll

Deoptimization events (20 events):
Event: 31.216 Thread 0x00000239406df640 Uncommon trap: trap_request=0xffffffde fr.pc=0x000002394cc7f5f4 relative=0x0000000000000134
Event: 31.216 Thread 0x00000239406df640 Uncommon trap: reason=class_check action=maybe_recompile pc=0x000002394cc7f5f4 method=java.util.ArrayList.hashCodeRange(II)I @ 53 c2
Event: 31.216 Thread 0x00000239406df640 DEOPT PACKING pc=0x000002394cc7f5f4 sp=0x0000008a7b3fcee0
Event: 31.216 Thread 0x00000239406df640 DEOPT UNPACKING pc=0x000002394c6843a2 sp=0x0000008a7b3fce50 mode 2
Event: 31.477 Thread 0x00000239406df640 DEOPT PACKING pc=0x0000023945558afd sp=0x0000008a7b3fcec0
Event: 31.477 Thread 0x00000239406df640 DEOPT UNPACKING pc=0x000002394c684b42 sp=0x0000008a7b3fc350 mode 0
Event: 31.512 Thread 0x00000239406df640 Uncommon trap: trap_request=0xffffff6e fr.pc=0x000002394ce8fdc4 relative=0x00000000000004a4
Event: 31.512 Thread 0x00000239406df640 Uncommon trap: reason=loop_limit_check action=maybe_recompile pc=0x000002394ce8fdc4 method=java.util.regex.Pattern$Start.match(Ljava/util/regex/Matcher;ILjava/lang/CharSequence;)Z @ 34 c2
Event: 31.512 Thread 0x00000239406df640 DEOPT PACKING pc=0x000002394ce8fdc4 sp=0x0000008a7b3fd000
Event: 31.512 Thread 0x00000239406df640 DEOPT UNPACKING pc=0x000002394c6843a2 sp=0x0000008a7b3fcf40 mode 2
Event: 31.544 Thread 0x00000239406df640 DEOPT PACKING pc=0x0000023945558afd sp=0x0000008a7b3fcc10
Event: 31.544 Thread 0x00000239406df640 DEOPT UNPACKING pc=0x000002394c684b42 sp=0x0000008a7b3fc0a0 mode 0
Event: 31.759 Thread 0x00000239406df640 DEOPT PACKING pc=0x0000023945558afd sp=0x0000008a7b3fb340
Event: 31.759 Thread 0x00000239406df640 DEOPT UNPACKING pc=0x000002394c684b42 sp=0x0000008a7b3fa7d0 mode 0
Event: 31.819 Thread 0x00000239406df640 DEOPT PACKING pc=0x0000023945558afd sp=0x0000008a7b3fca60
Event: 31.819 Thread 0x00000239406df640 DEOPT UNPACKING pc=0x000002394c684b42 sp=0x0000008a7b3fbef0 mode 0
Event: 31.984 Thread 0x00000239406df640 DEOPT PACKING pc=0x0000023945af63f1 sp=0x0000008a7b3fc190
Event: 31.984 Thread 0x00000239406df640 DEOPT UNPACKING pc=0x000002394c684b42 sp=0x0000008a7b3fb630 mode 0
Event: 32.283 Thread 0x00000239406df640 DEOPT PACKING pc=0x0000023945162f1f sp=0x0000008a7b3fb280
Event: 32.283 Thread 0x00000239406df640 DEOPT UNPACKING pc=0x000002394c684b42 sp=0x0000008a7b3fa758 mode 0

Classes loaded (20 events):
Event: 26.106 Loading class java/util/stream/ReduceOps$AccumulatingSink done
Event: 26.106 Loading class java/util/stream/ReduceOps$Box
Event: 26.107 Loading class java/util/stream/ReduceOps$Box done
Event: 26.107 Loading class java/util/stream/ReduceOps$3ReducingSink done
Event: 26.107 Loading class java/util/stream/IntPipeline$1$1
Event: 26.107 Loading class java/util/stream/Sink$ChainedInt
Event: 26.107 Loading class java/util/stream/Sink$OfInt
Event: 26.107 Loading class java/util/function/IntConsumer
Event: 26.109 Loading class java/util/function/IntConsumer done
Event: 26.109 Loading class java/util/stream/Sink$OfInt done
Event: 26.109 Loading class java/util/stream/Sink$ChainedInt done
Event: 26.109 Loading class java/util/stream/IntPipeline$1$1 done
Event: 26.190 Loading class java/util/RegularEnumSet$EnumSetIterator
Event: 26.192 Loading class java/util/RegularEnumSet$EnumSetIterator done
Event: 28.665 Loading class java/util/Collections$SingletonMap
Event: 28.671 Loading class java/util/Collections$SingletonMap done
Event: 28.958 Loading class java/lang/foreign/MemorySegment
Event: 28.963 Loading class java/lang/foreign/MemorySegment done
Event: 31.214 Loading class java/util/ComparableTimSort
Event: 31.215 Loading class java/util/ComparableTimSort done

Classes unloaded (0 events):
No events

Classes redefined (0 events):
No events

Internal exceptions (20 events):
Event: 17.883 Thread 0x00000239406df640 Exception <a 'java/lang/NoSuchMethodError'{0x00000000a5fc9630}: 'java.lang.Object java.lang.invoke.DirectMethodHandle$Holder.invokeSpecial(java.lang.Object, java.lang.Object, java.lang.Object, java.lang.Object, java.lang.Object, java.lang.Object, java.lang.Object, java.lang.Object, java.lang.Object, java.lang.Object, java.lang.Object, java.lang.Object, java.lang.Object, java.lang.Object, java.lang.Object, java.lang.Object, java.lang.Object, java.lang.Object, java.lang.Object)'> (0x00000000a5fc9630) 
thrown
Event: 17.883 Thread 0x00000239406df640 Exception <a 'java/lang/NoSuchMethodError'{0x00000000a5fce2a8}: 'java.lang.Object java.lang.invoke.DelegatingMethodHandle$Holder.reinvoke_L(java.lang.Object, java.lang.Object, java.lang.Object, java.lang.Object, java.lang.Object, java.lang.Object, java.lang.Object, java.lang.Object, java.lang.Object, java.lang.Object, java.lang.Object, java.lang.Object, java.lang.Object, java.lang.Object, java.lang.Object, java.lang.Object, java.lang.Object, java.lang.Object)'> (0x00000000a5fce2a8) 
thrown [s\src\hotspot\s
Event: 17.912 Thread 0x00000239406df640 Exception <a 'java/lang/NoSuchMethodError'{0x00000000a5e56c78}: 'java.lang.Object java.lang.invoke.DirectMethodHandle$Holder.newInvokeSpecial(java.lang.Object, java.lang.Object, java.lang.Object, java.lang.Object, java.lang.Object, java.lang.Object, java.lang.Object, java.lang.Object, java.lang.Object, java.lang.Object, java.lang.Object, java.lang.Object, java.lang.Object, java.lang.Object, java.lang.Object, java.lang.Object, java.lang.Object, java.lang.Object, java.lang.Object, java.lang.Object, java.lang
Event: 17.913 Thread 0x00000239406df640 Exception <a 'java/lang/NoSuchMethodError'{0x00000000a5e5df08}: 'java.lang.Object java.lang.invoke.DirectMethodHandle$Holder.invokeSpecial(java.lang.Object, java.lang.Object, java.lang.Object, java.lang.Object, java.lang.Object, java.lang.Object, java.lang.Object, java.lang.Object, java.lang.Object, java.lang.Object, java.lang.Object, java.lang.Object, java.lang.Object, java.lang.Object, java.lang.Object, java.lang.Object, java.lang.Object, java.lang.Object, java.lang.Object, java.lang.Object, java.lang.Ob
Event: 17.914 Thread 0x00000239406df640 Exception <a 'java/lang/NoSuchMethodError'{0x00000000a5e63680}: 'java.lang.Object java.lang.invoke.DelegatingMethodHandle$Holder.reinvoke_L(java.lang.Object, java.lang.Object, java.lang.Object, java.lang.Object, java.lang.Object, java.lang.Object, java.lang.Object, java.lang.Object, java.lang.Object, java.lang.Object, java.lang.Object, java.lang.Object, java.lang.Object, java.lang.Object, java.lang.Object, java.lang.Object, java.lang.Object, java.lang.Object, java.lang.Object, java.lang.Object, java.lang.O
Event: 18.031 Thread 0x00000239406df640 Exception <a 'java/lang/NoSuchMethodError'{0x00000000a5d30f00}: 'java.lang.Object java.lang.invoke.DirectMethodHandle$Holder.invokeStatic(java.lang.Object, java.lang.Object, java.lang.Object, java.lang.Object, java.lang.Object, java.lang.Object, java.lang.Object, java.lang.Object, java.lang.Object, java.lang.Object, java.lang.Object, java.lang.Object, java.lang.Object, java.lang.Object, java.lang.Object, java.lang.Object, java.lang.Object, java.lang.Object, java.lang.Object, java.lang.Object, java.lang.Obj
Event: 18.059 Thread 0x00000239406df640 Exception <a 'java/lang/NoSuchMethodError'{0x00000000a5d63128}: 'java.lang.Object java.lang.invoke.DirectMethodHandle$Holder.invokeStatic(java.lang.Object, java.lang.Object, java.lang.Object, java.lang.Object, java.lang.Object, java.lang.Object, java.lang.Object, java.lang.Object, java.lang.Object, java.lang.Object, java.lang.Object, java.lang.Object, java.lang.Object, java.lang.Object, java.lang.Object, java.lang.Object, java.lang.Object, java.lang.Object, java.lang.Object, java.lang.Object, java.lang.Obj
Event: 18.134 Thread 0x00000239406df640 Exception <a 'java/lang/NoSuchMethodError'{0x00000000a5dcd3f0}: 'java.lang.Object java.lang.invoke.DirectMethodHandle$Holder.newInvokeSpecial(java.lang.Object, java.lang.Object, java.lang.Object, java.lang.Object, java.lang.Object, java.lang.Object, java.lang.Object, java.lang.Object, java.lang.Object, java.lang.Object, java.lang.Object, java.lang.Object, java.lang.Object)'> (0x00000000a5dcd3f0) 
thrown [s\src\hotspot\share\interpreter\linkResolver.cpp, line 784]
Event: 18.135 Thread 0x00000239406df640 Exception <a 'java/lang/NoSuchMethodError'{0x00000000a5dd2370}: 'java.lang.Object java.lang.invoke.DirectMethodHandle$Holder.invokeSpecial(java.lang.Object, java.lang.Object, java.lang.Object, java.lang.Object, java.lang.Object, java.lang.Object, java.lang.Object, java.lang.Object, java.lang.Object, java.lang.Object, java.lang.Object, java.lang.Object, java.lang.Object, java.lang.Object)'> (0x00000000a5dd2370) 
thrown [s\src\hotspot\share\interpreter\linkResolver.cpp, line 784]
Event: 18.135 Thread 0x00000239406df640 Exception <a 'java/lang/NoSuchMethodError'{0x00000000a5dd68b0}: 'java.lang.Object java.lang.invoke.DelegatingMethodHandle$Holder.reinvoke_L(java.lang.Object, java.lang.Object, java.lang.Object, java.lang.Object, java.lang.Object, java.lang.Object, java.lang.Object, java.lang.Object, java.lang.Object, java.lang.Object, java.lang.Object, java.lang.Object, java.lang.Object)'> (0x00000000a5dd68b0) 
thrown [s\src\hotspot\share\interpreter\linkResolver.cpp, line 784]
Event: 18.550 Thread 0x00000239406df640 Exception <a 'java/lang/NoSuchMethodError'{0x00000000a56816a8}: 'java.lang.Object java.lang.invoke.DirectMethodHandle$Holder.newInvokeSpecial(java.lang.Object, java.lang.Object, int)'> (0x00000000a56816a8) 
thrown [s\src\hotspot\share\interpreter\linkResolver.cpp, line 784]
Event: 18.586 Thread 0x00000239406df640 Exception <a 'java/lang/NoSuchMethodError'{0x00000000a56c35e8}: 'java.lang.Object java.lang.invoke.Invokers$Holder.invokeExact_MT(java.lang.Object, java.lang.Object, long, java.lang.Object)'> (0x00000000a56c35e8) 
thrown [s\src\hotspot\share\interpreter\linkResolver.cpp, line 784]
Event: 18.788 Thread 0x00000239406df640 Implicit null exception at 0x000002394cd570a3 to 0x000002394cd57d3c
Event: 19.670 Thread 0x00000239406df640 Implicit null exception at 0x000002394cd6ebfa to 0x000002394cd70518
Event: 19.670 Thread 0x00000239406df640 Implicit null exception at 0x000002394cd4fce3 to 0x000002394cd4fd75
Event: 24.386 Thread 0x00000239406df640 Exception <a 'java/lang/NoSuchMethodError'{0x00000000a6179090}: 'java.lang.Object java.lang.invoke.DirectMethodHandle$Holder.newInvokeSpecial(java.lang.Object, java.lang.Object, java.lang.Object, int)'> (0x00000000a6179090) 
thrown [s\src\hotspot\share\interpreter\linkResolver.cpp, line 784]
Event: 24.388 Thread 0x00000239406df640 Exception <a 'java/lang/NoSuchMethodError'{0x00000000a617d1d0}: 'java.lang.Object java.lang.invoke.DirectMethodHandle$Holder.invokeSpecial(java.lang.Object, java.lang.Object, java.lang.Object, java.lang.Object, int)'> (0x00000000a617d1d0) 
thrown [s\src\hotspot\share\interpreter\linkResolver.cpp, line 784]
Event: 24.389 Thread 0x00000239406df640 Exception <a 'java/lang/NoSuchMethodError'{0x00000000a6180918}: 'java.lang.Object java.lang.invoke.Invokers$Holder.linkToTargetMethod(java.lang.Object, java.lang.Object, int, java.lang.Object)'> (0x00000000a6180918) 
thrown [s\src\hotspot\share\interpreter\linkResolver.cpp, line 784]
Event: 26.090 Thread 0x00000239406df640 Exception <a 'java/lang/NoSuchMethodError'{0x00000000a5e208f8}: 'java.lang.Object java.lang.invoke.DirectMethodHandle$Holder.invokeSpecial(java.lang.Object, java.lang.Object, java.lang.Object, java.lang.Object, java.lang.Object, java.lang.Object, int)'> (0x00000000a5e208f8) 
thrown [s\src\hotspot\share\interpreter\linkResolver.cpp, line 784]
Event: 31.014 Thread 0x00000239406df640 Implicit null exception at 0x000002394cd5359e to 0x000002394cd53720

ZGC Phase Switch (0 events):
No events

VM Operations (20 events):
Event: 30.418 Executing VM operation: ICBufferFull
Event: 30.418 Executing VM operation: ICBufferFull done
Event: 30.965 Executing VM operation: HandshakeAllThreads (Deoptimize)
Event: 30.965 Executing VM operation: HandshakeAllThreads (Deoptimize) done
Event: 31.157 Executing VM operation: HandshakeAllThreads (Deoptimize)
Event: 31.157 Executing VM operation: HandshakeAllThreads (Deoptimize) done
Event: 31.161 Executing VM operation: HandshakeAllThreads (Deoptimize)
Event: 31.161 Executing VM operation: HandshakeAllThreads (Deoptimize) done
Event: 31.211 Executing VM operation: HandshakeAllThreads (Deoptimize)
Event: 31.211 Executing VM operation: HandshakeAllThreads (Deoptimize) done
Event: 31.561 Executing VM operation: ICBufferFull
Event: 31.562 Executing VM operation: ICBufferFull done
Event: 31.562 Executing VM operation: G1CollectForAllocation (G1 Evacuation Pause)
Event: 31.576 Executing VM operation: G1CollectForAllocation (G1 Evacuation Pause) done
Event: 31.621 Executing VM operation: G1PauseRemark
Event: 31.633 Executing VM operation: G1PauseRemark done
Event: 31.649 Executing VM operation: G1PauseCleanup
Event: 31.650 Executing VM operation: G1PauseCleanup done
Event: 32.163 Executing VM operation: G1CollectForAllocation (G1 Evacuation Pause)
Event: 32.177 Executing VM operation: G1CollectForAllocation (G1 Evacuation Pause) done

Memory protections (0 events):
No events

Nmethod flushes (20 events):
Event: 31.631 Thread 0x000002395936afa0 flushing  nmethod 0x0000023945721310
Event: 31.631 Thread 0x000002395936afa0 flushing  nmethod 0x0000023945721910
Event: 31.631 Thread 0x000002395936afa0 flushing  nmethod 0x000002394574a410
Event: 31.631 Thread 0x000002395936afa0 flushing  nmethod 0x000002394574ac10
Event: 31.631 Thread 0x000002395936afa0 flushing  nmethod 0x00000239457dd610
Event: 31.631 Thread 0x000002395936afa0 flushing  nmethod 0x00000239457dea10
Event: 31.631 Thread 0x000002395936afa0 flushing  nmethod 0x00000239457e0210
Event: 31.631 Thread 0x000002395936afa0 flushing  nmethod 0x00000239457e0f10
Event: 31.631 Thread 0x000002395936afa0 flushing  nmethod 0x00000239457e3e90
Event: 31.631 Thread 0x000002395936afa0 flushing  nmethod 0x00000239457ead10
Event: 31.631 Thread 0x000002395936afa0 flushing  nmethod 0x00000239457eb690
Event: 31.631 Thread 0x000002395936afa0 flushing  nmethod 0x00000239457f3390
Event: 31.631 Thread 0x000002395936afa0 flushing  nmethod 0x000002394581a710
Event: 31.631 Thread 0x000002395936afa0 flushing  nmethod 0x000002394581c390
Event: 31.631 Thread 0x000002395936afa0 flushing  nmethod 0x000002394581cc10
Event: 31.631 Thread 0x000002395936afa0 flushing  nmethod 0x000002394581d590
Event: 31.631 Thread 0x000002395936afa0 flushing  nmethod 0x000002394581e590
Event: 31.631 Thread 0x000002395936afa0 flushing  nmethod 0x000002394581f910
Event: 31.631 Thread 0x000002395936afa0 flushing  nmethod 0x0000023945822f10
Event: 31.631 Thread 0x000002395936afa0 flushing  nmethod 0x00000239458a9790

Events (20 events):
Event: 1.948 Thread 0x0000023959518f20 Thread added: 0x0000023959760f90
Event: 1.968 Loaded shared library C:\Program Files\Android\Android Studio\jbr\bin\zip.dll
Event: 2.090 Loaded shared library C:\Program Files\Android\Android Studio\jbr\bin\jimage.dll
Event: 2.156 Thread 0x0000023959760f90 Thread exited: 0x0000023959760f90
Event: 2.973 Thread 0x0000023959518f20 Thread added: 0x000002395e070800
Event: 2.973 Thread 0x0000023959518f20 Thread added: 0x000002395e070eb0
Event: 3.098 Thread 0x000002395e070eb0 Thread exited: 0x000002395e070eb0
Event: 3.099 Thread 0x000002395e070800 Thread exited: 0x000002395e070800
Event: 14.541 Thread 0x000002395951a530 Thread added: 0x000002395f7222e0
Event: 15.887 Thread 0x000002395f7222e0 Thread exited: 0x000002395f7222e0
Event: 17.203 Thread 0x000002395951a530 Thread added: 0x000002395fa4a6b0
Event: 17.616 Thread 0x000002395fa4a6b0 Thread exited: 0x000002395fa4a6b0
Event: 17.730 Thread 0x000002395951a530 Thread added: 0x000002395fc0ed80
Event: 18.420 Thread 0x000002395fc0ed80 Thread exited: 0x000002395fc0ed80
Event: 18.695 Thread 0x0000023959518f20 Thread added: 0x000002395f858de0
Event: 21.316 Thread 0x000002395f858de0 Thread exited: 0x000002395f858de0
Event: 28.175 Thread 0x0000023959518f20 Thread added: 0x0000023960943600
Event: 28.626 Thread 0x0000023960943600 Thread exited: 0x0000023960943600
Event: 29.010 Thread 0x000002395951a530 Thread added: 0x000002395e2e3820
Event: 30.177 Thread 0x000002395e2e3820 Thread exited: 0x000002395e2e3820


Dynamic libraries:
0x00007ff7bf410000 - 0x00007ff7bf41a000 	C:\Program Files\Android\Android Studio\jbr\bin\java.exe
0x00007ffc5ad80000 - 0x00007ffc5afe7000 	C:\WINDOWS\SYSTEM32\ntdll.dll
0x00007ffc58b90000 - 0x00007ffc58c59000 	C:\WINDOWS\System32\KERNEL32.DLL
0x00007ffc577b0000 - 0x00007ffc57ba1000 	C:\WINDOWS\System32\KERNELBASE.dll
0x00007ffc57660000 - 0x00007ffc577ab000 	C:\WINDOWS\System32\ucrtbase.dll
0x00007ffc36150000 - 0x00007ffc36168000 	C:\Program Files\Android\Android Studio\jbr\bin\jli.dll
0x00007ffc5a340000 - 0x00007ffc5a505000 	C:\WINDOWS\System32\USER32.dll
0x00007ffc57f90000 - 0x00007ffc57fb7000 	C:\WINDOWS\System32\win32u.dll
0x00007ffc593a0000 - 0x00007ffc593cb000 	C:\WINDOWS\System32\GDI32.dll
0x00007ffc416c0000 - 0x00007ffc41953000 	C:\WINDOWS\WinSxS\amd64_microsoft.windows.common-controls_6595b64144ccf1df_6.0.26100.8037_none_3e092faae333b53b\COMCTL32.dll
0x00007ffc57c40000 - 0x00007ffc57d6b000 	C:\WINDOWS\System32\gdi32full.dll
0x00007ffc57fc0000 - 0x00007ffc58063000 	C:\WINDOWS\System32\msvcp_win.dll
0x00007ffc36130000 - 0x00007ffc3614b000 	C:\Program Files\Android\Android Studio\jbr\bin\VCRUNTIME140.dll
0x00007ffc59460000 - 0x00007ffc59509000 	C:\WINDOWS\System32\msvcrt.dll
0x00007ffc5a510000 - 0x00007ffc5a541000 	C:\WINDOWS\System32\IMM32.DLL
0x00007ffc43ec0000 - 0x00007ffc43ecc000 	C:\Program Files\Android\Android Studio\jbr\bin\vcruntime140_1.dll
0x00007ffc25f50000 - 0x00007ffc25fdd000 	C:\Program Files\Android\Android Studio\jbr\bin\msvcp140.dll
0x00007ffbb61f0000 - 0x00007ffbb6e86000 	C:\Program Files\Android\Android Studio\jbr\bin\server\jvm.dll
0x00007ffc58e20000 - 0x00007ffc58edb000 	C:\WINDOWS\System32\ADVAPI32.dll
0x00007ffc59990000 - 0x00007ffc59a37000 	C:\WINDOWS\System32\sechost.dll
0x00007ffc5a8e0000 - 0x00007ffc5a9f8000 	C:\WINDOWS\System32\RPCRT4.dll
0x00007ffc59b50000 - 0x00007ffc59bc4000 	C:\WINDOWS\System32\WS2_32.dll
0x00007ffc574c0000 - 0x00007ffc5751e000 	C:\WINDOWS\SYSTEM32\POWRPROF.dll
0x00007ffc4d2f0000 - 0x00007ffc4d325000 	C:\WINDOWS\SYSTEM32\WINMM.dll
0x00007ffc4b800000 - 0x00007ffc4b80b000 	C:\WINDOWS\SYSTEM32\VERSION.dll
0x00007ffc574a0000 - 0x00007ffc574b4000 	C:\WINDOWS\SYSTEM32\UMPDC.dll
0x00007ffc563f0000 - 0x00007ffc5640b000 	C:\WINDOWS\SYSTEM32\kernel.appcore.dll
0x00007ffc3a910000 - 0x00007ffc3a91a000 	C:\Program Files\Android\Android Studio\jbr\bin\jimage.dll
0x00007ffc4a510000 - 0x00007ffc4a752000 	C:\WINDOWS\SYSTEM32\DBGHELP.DLL
0x00007ffc5a550000 - 0x00007ffc5a8d2000 	C:\WINDOWS\System32\combase.dll
0x00007ffc59640000 - 0x00007ffc59717000 	C:\WINDOWS\System32\OLEAUT32.dll
0x00007ffc43200000 - 0x00007ffc4323b000 	C:\WINDOWS\SYSTEM32\dbgcore.DLL
0x00007ffc57d70000 - 0x00007ffc57e15000 	C:\WINDOWS\System32\bcryptPrimitives.dll
0x00007ffc35020000 - 0x00007ffc35040000 	C:\Program Files\Android\Android Studio\jbr\bin\java.dll
0x00007ffc344b0000 - 0x00007ffc344c8000 	C:\Program Files\Android\Android Studio\jbr\bin\zip.dll
0x00007ffc59bd0000 - 0x00007ffc5a32f000 	C:\WINDOWS\System32\SHELL32.dll
0x00007ffc57e20000 - 0x00007ffc57f8a000 	C:\WINDOWS\System32\wintypes.dll
0x00007ffc582b0000 - 0x00007ffc58b14000 	C:\WINDOWS\System32\windows.storage.dll
0x00007ffc59a50000 - 0x00007ffc59b47000 	C:\WINDOWS\System32\SHCORE.dll
0x00007ffc58b20000 - 0x00007ffc58b87000 	C:\WINDOWS\System32\shlwapi.dll
0x00007ffc57580000 - 0x00007ffc575a9000 	C:\WINDOWS\SYSTEM32\profapi.dll
0x00007ffc3a8f0000 - 0x00007ffc3a900000 	C:\Program Files\Android\Android Studio\jbr\bin\net.dll
0x00007ffc4d170000 - 0x00007ffc4d297000 	C:\WINDOWS\SYSTEM32\WINHTTP.dll
0x00007ffc56960000 - 0x00007ffc569cb000 	C:\WINDOWS\system32\mswsock.dll
0x00007ffc34490000 - 0x00007ffc344a6000 	C:\Program Files\Android\Android Studio\jbr\bin\nio.dll
0x00007ffc4bba0000 - 0x00007ffc4bbb0000 	C:\Program Files\Android\Android Studio\jbr\bin\verify.dll

JVMTI agents: none

dbghelp: loaded successfully - version: 4.0.5 - missing functions: none
symbol engine: initialized successfully - sym options: 0x614 - pdb path: .;C:\Program Files\Android\Android Studio\jbr\bin;C:\WINDOWS\SYSTEM32;C:\WINDOWS\WinSxS\amd64_microsoft.windows.common-controls_6595b64144ccf1df_6.0.26100.8037_none_3e092faae333b53b;C:\Program Files\Android\Android Studio\jbr\bin\server

VM Arguments:
java_command: org.jetbrains.kotlin.cli.jvm.K2JVMCompiler @D:\Projects\SchoolSyncParent\app\build\20260327_5458441842608125741.compiler.options
java_class_path (initial): C:\Users\91865\.gradle\caches\modules-2\files-2.1\org.jetbrains.kotlin\kotlin-compiler-embeddable\1.9.22\9cd4dc7773cf2a99ecd961a88fbbc9a2da3fb5e1\kotlin-compiler-embeddable-1.9.22.jar;C:\Users\91865\.gradle\caches\modules-2\files-2.1\org.jetbrains.kotlin\kotlin-stdlib\1.9.22\d6c44cd08d8f3f9bece8101216dbe6553365c6e3\kotlin-stdlib-1.9.22.jar;C:\Users\91865\.gradle\caches\modules-2\files-2.1\org.jetbrains.kotlin\kotlin-script-runtime\1.9.22\f8139a46fc677ec9badc49ae954392f4f5e7e7c7\kotlin-script-runtime-1.9.22.jar;C:\Users\91865\.gradle\caches\modules-2\files-2.1\org.jetbrains.kotlin\kotlin-reflect\1.6.10\1cbe9c92c12a94eea200d23c2bbaedaf3daf5132\kotlin-reflect-1.6.10.jar;C:\Users\91865\.gradle\caches\modules-2\files-2.1\org.jetbrains.kotlin\kotlin-daemon-embeddable\1.9.22\20e2c5df715f3240c765cfc222530e2796542021\kotlin-daemon-embeddable-1.9.22.jar;C:\Users\91865\.gradle\caches\modules-2\files-2.1\org.jetbrains.intellij.deps\trove4j\1.0.20200330\3afb14d5f9ceb459d724e907a21145e8ff394f02\trove4j-1.0.20200330.jar;C:\Users\91865\.gradle\caches\modules-2\files-2.1\org.jetbrains\annotations\13.0\919f0dfe192fb4e063e7dacadee7f8bb9a2672a9\annotations-13.0.jar
Launcher Type: SUN_STANDARD

[Global flags]
     intx CICompilerCount                          = 4                                         {product} {ergonomic}
     uint ConcGCThreads                            = 2                                         {product} {ergonomic}
     uint G1ConcRefinementThreads                  = 8                                         {product} {ergonomic}
   size_t G1HeapRegionSize                         = 1048576                                   {product} {ergonomic}
    uintx GCDrainStackTargetSize                   = 64                                        {product} {ergonomic}
   size_t InitialHeapSize                          = 98566144                                  {product} {ergonomic}
   size_t MarkStackSize                            = 4194304                                   {product} {ergonomic}
   size_t MaxHeapSize                              = 1564475392                                {product} {ergonomic}
   size_t MaxNewSize                               = 938475520                                 {product} {ergonomic}
   size_t MinHeapDeltaBytes                        = 1048576                                   {product} {ergonomic}
   size_t MinHeapSize                              = 8388608                                   {product} {ergonomic}
    uintx NonNMethodCodeHeapSize                   = 5839372                                {pd product} {ergonomic}
    uintx NonProfiledCodeHeapSize                  = 122909434                              {pd product} {ergonomic}
    uintx ProfiledCodeHeapSize                     = 122909434                              {pd product} {ergonomic}
    uintx ReservedCodeCacheSize                    = 251658240                              {pd product} {ergonomic}
     bool SegmentedCodeCache                       = true                                      {product} {ergonomic}
   size_t SoftMaxHeapSize                          = 1564475392                             {manageable} {ergonomic}
     bool UseCompressedOops                        = true                           {product lp64_product} {ergonomic}
     bool UseG1GC                                  = true                                      {product} {ergonomic}
     bool UseLargePagesIndividualAllocation        = false                                  {pd product} {ergonomic}

Logging:
Log output configuration:
 #0: stdout all=warning uptime,level,tags foldmultilines=false
 #1: stderr all=off uptime,level,tags foldmultilines=false

Release file:
JAVA_VERSION="21.0.9" 
MODULES="java.base java.compiler java.datatransfer java.xml java.prefs java.desktop java.instrument java.logging java.management java.security.sasl java.naming java.rmi java.management.rmi java.net.http java.scripting java.security.jgss java.transaction.xa java.sql java.sql.rowset java.xml.crypto java.se java.smartcardio jdk.accessibility jdk.internal.jvmstat jdk.attach jdk.charsets jdk.internal.opt jdk.zipfs jdk.compiler jdk.crypto.ec jdk.crypto.cryptoki jdk.dynalink jdk.hotspot.agent jdk.httpserver jdk.internal.ed jdk.internal.le jdk.internal.vm.ci jdk.jartool jdk.javadoc jdk.jcmd jdk.jdeps jdk.jdwp.agent jdk.jdi jdk.jfr jdk.jlink jdk.jsobject jdk.localedata jdk.management jdk.management.agent jdk.management.jfr jdk.naming.dns jdk.naming.rmi jdk.net jdk.sctp jdk.security.auth jdk.security.jgss jdk.unsupported jdk.unsupported.desktop jdk.xml.dom" 
IMPLEMENTOR="JetBrains s.r.o." 
JAVA_RUNTIME_VERSION="21.0.9+-14787801-b1163.94" 
LIBC="default" 
OS_ARCH="x86_64" 
OS_NAME="Windows" 
SOURCE=".:git:0c757ddc9f2f" 

Environment Variables:
JAVA_HOME=C:/Program Files/Android/Android Studio/jbr
CLASSPATH=D:\Projects\SchoolSyncParent\\gradle\wrapper\gradle-wrapper.jar
PATH=C:\Program Files\Git\mingw64\bin;C:\Program Files\Git\usr\bin;C:\Users\91865\bin;C:\Users\91865\AppData\Local\Programs\Microsoft VS Code;C:\WINDOWS\system32;C:\WINDOWS;C:\WINDOWS\System32\Wbem;C:\WINDOWS\System32\WindowsPowerShell\v1.0\;C:\WINDOWS\System32\OpenSSH\;C:\Program Files\Git\cmd;C:\xampp\php;C:\composer;C:\Program Files\MySQL\MySQL Server 8.0\bin;C:\ffmpeg\bin;C:\Program Files\nodejs\;C:\Users\91865\AppData\Roaming\npm;C:\Users\91865\AppData\Local\Programs\Microsoft VS Code\bin;C:\Users\91865\.fly\bin
USERNAME=91865
SHELL=C:\Program Files\Git\bin\bash.exe
LANG=en_US.UTF-8
TERM=xterm-256color
OS=Windows_NT
PROCESSOR_IDENTIFIER=AMD64 Family 23 Model 160 Stepping 0, AuthenticAMD
TMP=C:\Users\91865\AppData\Local\Temp
TEMP=C:\Users\91865\AppData\Local\Temp




Periodic native trim disabled

JNI global refs:
JNI global refs: 10, weak refs: 11

JNI global refs memory usage: 835, weak refs: 833

Process memory usage:
Resident Set Size: 196776K (3% of 6108668K total physical memory with 341320K free physical memory)

OOME stack traces (most recent first):
Classloader memory used:
Loader jdk.internal.loader.ClassLoaders$AppClassLoader                                 : 38557K
Loader bootstrap                                                                       : 13153K
Loader java.net.URLClassLoader                                                         : 207K
Loader jdk.internal.loader.ClassLoaders$PlatformClassLoader                            : 19472B

---------------  S Y S T E M  ---------------

OS:
 Windows 11 , 64 bit Build 26100 (10.0.26100.7920)
OS uptime: 1 days 21:18 hours
Hyper-V role detected

CPU: total 8 (initial active 8) (8 cores per cpu, 2 threads per core) family 23 model 160 stepping 0 microcode 0x8a00009, cx8, cmov, fxsr, ht, mmx, 3dnowpref, sse, sse2, sse3, ssse3, sse4a, sse4.1, sse4.2, popcnt, lzcnt, tsc, tscinvbit, avx, avx2, aes, clmul, bmi1, bmi2, adx, sha, fma, vzeroupper, clflush, clflushopt, hv, rdtscp, rdpid, f16c
Processor Information for the first 8 processors :
  Max Mhz: 2401, Current Mhz: 2401, Mhz Limit: 2401

Memory: 4k page, system-wide physical 5965M (334M free)
TotalPageFile size 24397M (AvailPageFile size 10M)
current process WorkingSet (physical memory assigned to process): 192M, peak: 192M
current process commit charge ("private bytes"): 265M, peak: 268M

vm_info: OpenJDK 64-Bit Server VM (21.0.9+-14787801-b1163.94) for windows-amd64 JRE (21.0.9+-14787801-b1163.94), built on 2026-01-27T21:15:44Z by "builder" with MS VC++ 16.10 / 16.11 (VS2019)

END.
